<?xml version="1.0" encoding="UTF-8"?>
<robot generator="Robot 7.4.2 (Python 3.14.5 on win32)" generated="2026-06-18T17:14:12.534048" rpa="false" schemaversion="5">
<suite id="s1" name="Tests" source="I:\CAPSTONE\tests">
<suite id="s1-s1" name="Api" source="I:\CAPSTONE\tests\api">
<suite id="s1-s1-s1" name="TC-API-01" source="I:\CAPSTONE\tests\api\TC-API-01.robot">
<kw name="Load Environment And Create Session To API" owner="common_keywords" type="SETUP">
<kw name="Load Environment" owner="common_keywords">
<kw name="Log To Console" owner="BuiltIn">
<arg>Loading environment</arg>
<doc>Logs the given message to the console.</doc>
<status status="PASS" start="2026-06-18T17:14:13.489855" elapsed="0.000776"/>
</kw>
<kw name="Load Env" owner="environment">
<arg>${ENV}</arg>
<status status="PASS" start="2026-06-18T17:14:13.491132" elapsed="0.003151"/>
</kw>
<kw name="Get Env" owner="environment">
<msg time="2026-06-18T17:14:13.495533" level="INFO">${url} = https://parabank.parasoft.com</msg>
<var>${url}</var>
<arg>baseurl</arg>
<status status="PASS" start="2026-06-18T17:14:13.495017" elapsed="0.000607"/>
</kw>
<kw name="Get Env" owner="environment">
<msg time="2026-06-18T17:14:13.497365" level="INFO">${username} = john</msg>
<var>${username}</var>
<arg>user_id</arg>
<status status="PASS" start="2026-06-18T17:14:13.497022" elapsed="0.000431"/>
</kw>
<kw name="Get Env" owner="environment">
<msg time="2026-06-18T17:14:13.499100" level="INFO">${password} = demo</msg>
<var>${password}</var>
<arg>user_password</arg>
<status status="PASS" start="2026-06-18T17:14:13.498733" elapsed="0.000434"/>
</kw>
<kw name="Set Global Variable" owner="BuiltIn">
<msg time="2026-06-18T17:14:13.502189" level="INFO">${BASE_URL} = https://parabank.parasoft.com</msg>
<arg>${BASE_URL}</arg>
<arg>${url}</arg>
<doc>Makes a variable available globally in all tests and suites.</doc>
<status status="PASS" start="2026-06-18T17:14:13.500408" elapsed="0.001885"/>
</kw>
<kw name="Set Global Variable" owner="BuiltIn">
<msg time="2026-06-18T17:14:13.553380" level="INFO">${USERNAME} = john</msg>
<arg>${USERNAME}</arg>
<arg>${username}</arg>
<doc>Makes a variable available globally in all tests and suites.</doc>
<status status="PASS" start="2026-06-18T17:14:13.536846" elapsed="0.016690"/>
</kw>
<kw name="Set Global Variable" owner="BuiltIn">
<msg time="2026-06-18T17:14:13.556999" level="INFO">${PASSWORD} = demo</msg>
<arg>${PASSWORD}</arg>
<arg>${password}</arg>
<doc>Makes a variable available globally in all tests and suites.</doc>
<status status="PASS" start="2026-06-18T17:14:13.555359" elapsed="0.001805"/>
</kw>
<kw name="Log To Console" owner="BuiltIn">
<arg>Resolving active accounts</arg>
<doc>Logs the given message to the console.</doc>
<status status="PASS" start="2026-06-18T17:14:13.558707" elapsed="0.000681"/>
</kw>
<kw name="Create Session To API" owner="api_keywords">
<kw name="Log To Console" owner="BuiltIn">
<arg>Creating API session</arg>
<doc>Logs the given message to the console.</doc>
<status status="PASS" start="2026-06-18T17:14:13.560466" elapsed="0.000710"/>
</kw>
<kw name="Create Dictionary" owner="BuiltIn">
<msg time="2026-06-18T17:14:13.562553" level="INFO">${headers} = {'Accept': 'application/json'}</msg>
<var>${headers}</var>
<arg>Accept=application/json</arg>
<doc>Creates and returns a dictionary based on the given ``items``.</doc>
<status status="PASS" start="2026-06-18T17:14:13.561664" elapsed="0.000955"/>
</kw>
<kw name="Create Session" owner="RequestsLibrary">
<msg time="2026-06-18T17:14:13.564371" level="INFO">Creating Session using : alias=parabank, url=https://parabank.parasoft.com/parabank/services/bank, headers={'Accept': 'application/json'},                     cookies={}, auth=None, timeout=None, proxies=None, verify=False,                     debug=0 </msg>
<arg>parabank</arg>
<arg>${API_BASE_URL}</arg>
<arg>headers=${headers}</arg>
<arg>verify=False</arg>
<doc>Create Session: create a HTTP session to a server</doc>
<status status="PASS" start="2026-06-18T17:14:13.563869" elapsed="0.000857"/>
</kw>
<doc>Creates an HTTP session for ParaBank API</doc>
<status status="PASS" start="2026-06-18T17:14:13.560018" elapsed="0.006413"/>
</kw>
<kw name="Get Customer Accounts" owner="api_keywords">
<kw name="Log To Console" owner="BuiltIn">
<arg>Getting customer accounts</arg>
<doc>Logs the given message to the console.</doc>
<status status="PASS" start="2026-06-18T17:14:13.568116" elapsed="0.000893"/>
</kw>
<kw name="GET On Session" owner="RequestsLibrary">
<msg time="2026-06-18T17:14:18.984540" level="INFO">GET Request : url=https://parabank.parasoft.com/parabank/services/bank/customers/12212/accounts 
 path_url=/parabank/services/bank/customers/12212/accounts 
 headers={'User-Agent': 'python-requests/2.34.2', 'Accept-Encoding': 'gzip, deflate, zstd', 'Accept': 'application/json', 'Connection': 'keep-alive'} 
 body=None 
 </msg>
<msg time="2026-06-18T17:14:18.984937" level="INFO">GET Response : url=https://parabank.parasoft.com/parabank/services/bank/customers/12212/accounts 
 status=200, reason=OK 
 headers={'Date': 'Thu, 18 Jun 2026 11:44:17 GMT', 'Content-Type': 'application/json', 'Transfer-Encoding': 'chunked', 'Connection': 'keep-alive', 'Server': 'cloudflare', 'cf-cache-status': 'DYNAMIC', 'X-Content-Type-Options': 'nosniff', 'Content-Encoding': 'gzip', 'CF-RAY': 'a0da0a8bffa8e85a-FRA'} 
 body=[{"id":13344,"customerId":12212,"type":"CHECKING","balance":5022.93}] 
 </msg>
<msg time="2026-06-18T17:14:18.985086" level="INFO">I:\CAPSTONE\.venv\Lib\site-packages\urllib3\connectionpool.py:1110: InsecureRequestWarning: Unverified HTTPS request is being made to host 'parabank.parasoft.com'. Adding certificate verification is strongly advised. See: https://urllib3.readthedocs.io/en/latest/advanced-usage.html#tls-warnings
  warnings.warn(</msg>
<msg time="2026-06-18T17:14:18.985489" level="INFO">${response} = &lt;Response [200]&gt;</msg>
<var>${response}</var>
<arg>parabank</arg>
<arg>/customers/${customerId}/accounts</arg>
<doc>Sends a GET request on a previously created HTTP Session.</doc>
<status status="PASS" start="2026-06-18T17:14:13.569427" elapsed="5.416158"/>
</kw>
<return>
<value>${response}</value>
<status status="PASS" start="2026-06-18T17:14:18.987311" elapsed="0.000271"/>
</return>
<msg time="2026-06-18T17:14:18.988379" level="INFO">${response} = &lt;Response [200]&gt;</msg>
<var>${response}</var>
<arg>${CUSTOMER_ID}</arg>
<doc>Gets accounts for a customer ID</doc>
<status status="PASS" start="2026-06-18T17:14:13.566964" elapsed="5.421477"/>
</kw>
<kw name="Set Variable" owner="BuiltIn">
<msg time="2026-06-18T17:14:18.991451" level="INFO">${accounts} = [{'id': 13344, 'customerId': 12212, 'type': 'CHECKING', 'balance': 5022.93}]</msg>
<var>${accounts}</var>
<arg>${response.json()}</arg>
<doc>Returns the given values which can then be assigned to a variables.</doc>
<status status="PASS" start="2026-06-18T17:14:18.989853" elapsed="0.001702"/>
</kw>
<kw name="Get Length" owner="BuiltIn">
<msg time="2026-06-18T17:14:18.993785" level="INFO">Length is 1.</msg>
<msg time="2026-06-18T17:14:18.993945" level="INFO">${length} = 1</msg>
<var>${length}</var>
<arg>${accounts}</arg>
<doc>Returns and logs the length of the given item as an integer.</doc>
<status status="PASS" start="2026-06-18T17:14:18.992909" elapsed="0.001135"/>
</kw>
<if>
<branch type="IF" condition="${length} &lt; 2">
<kw name="Log To Console" owner="BuiltIn">
<arg>Creating secondary account</arg>
<doc>Logs the given message to the console.</doc>
<status status="PASS" start="2026-06-18T17:14:19.009949" elapsed="0.001044"/>
</kw>
<kw name="Set Variable" owner="BuiltIn">
<msg time="2026-06-18T17:14:19.012811" level="INFO">${from_id} = 13344</msg>
<var>${from_id}</var>
<arg>${accounts[0]['id']}</arg>
<doc>Returns the given values which can then be assigned to a variables.</doc>
<status status="PASS" start="2026-06-18T17:14:19.011537" elapsed="0.001363"/>
</kw>
<kw name="Create Dictionary" owner="BuiltIn">
<msg time="2026-06-18T17:14:19.016722" level="INFO">${create_params} = {'customerId': '12212', 'newAccountType': '1', 'fromAccountId': 13344}</msg>
<var>${create_params}</var>
<arg>customerId=${CUSTOMER_ID}</arg>
<arg>newAccountType=1</arg>
<arg>fromAccountId=${from_id}</arg>
<doc>Creates and returns a dictionary based on the given ``items``.</doc>
<status status="PASS" start="2026-06-18T17:14:19.014706" elapsed="0.002223"/>
</kw>
<kw name="POST On Session" owner="RequestsLibrary">
<msg time="2026-06-18T17:14:21.339755" level="INFO">POST Request : url=https://parabank.parasoft.com/parabank/services/bank/createAccount?customerId=12212&amp;newAccountType=1&amp;fromAccountId=13344 
 path_url=/parabank/services/bank/createAccount?customerId=12212&amp;newAccountType=1&amp;fromAccountId=13344 
 headers={'User-Agent': 'python-requests/2.34.2', 'Accept-Encoding': 'gzip, deflate, zstd', 'Accept': 'application/json', 'Connection': 'keep-alive', 'Content-Length': '0'} 
 body=None 
 </msg>
<msg time="2026-06-18T17:14:21.339980" level="INFO">POST Response : url=https://parabank.parasoft.com/parabank/services/bank/createAccount?customerId=12212&amp;newAccountType=1&amp;fromAccountId=13344 
 status=200, reason=OK 
 headers={'Date': 'Thu, 18 Jun 2026 11:44:18 GMT', 'Content-Type': 'application/json', 'Transfer-Encoding': 'chunked', 'Connection': 'keep-alive', 'Server': 'cloudflare', 'cf-cache-status': 'DYNAMIC', 'X-Content-Type-Options': 'nosniff', 'Content-Encoding': 'gzip', 'CF-RAY': 'a0da0a8ffed0e85a-FRA'} 
 body={"id":14565,"customerId":12212,"type":"SAVINGS","balance":0} 
 </msg>
<msg time="2026-06-18T17:14:21.340162" level="INFO">I:\CAPSTONE\.venv\Lib\site-packages\urllib3\connectionpool.py:1110: InsecureRequestWarning: Unverified HTTPS request is being made to host 'parabank.parasoft.com'. Adding certificate verification is strongly advised. See: https://urllib3.readthedocs.io/en/latest/advanced-usage.html#tls-warnings
  warnings.warn(</msg>
<msg time="2026-06-18T17:14:21.340677" level="INFO">${create_resp} = &lt;Response [200]&gt;</msg>
<var>${create_resp}</var>
<arg>parabank</arg>
<arg>/createAccount</arg>
<arg>params=${create_params}</arg>
<doc>Sends a POST request on a previously created HTTP Session.</doc>
<status status="PASS" start="2026-06-18T17:14:19.018332" elapsed="2.322455"/>
</kw>
<kw name="Get Customer Accounts" owner="api_keywords">
<kw name="Log To Console" owner="BuiltIn">
<arg>Getting customer accounts</arg>
<doc>Logs the given message to the console.</doc>
<status status="PASS" start="2026-06-18T17:14:21.345303" elapsed="0.001694"/>
</kw>
<kw name="GET On Session" owner="RequestsLibrary">
<msg time="2026-06-18T17:14:21.921199" level="INFO">GET Request : url=https://parabank.parasoft.com/parabank/services/bank/customers/12212/accounts 
 path_url=/parabank/services/bank/customers/12212/accounts 
 headers={'User-Agent': 'python-requests/2.34.2', 'Accept-Encoding': 'gzip, deflate, zstd', 'Accept': 'application/json', 'Connection': 'keep-alive'} 
 body=None 
 </msg>
<msg time="2026-06-18T17:14:21.921396" level="INFO">GET Response : url=https://parabank.parasoft.com/parabank/services/bank/customers/12212/accounts 
 status=200, reason=OK 
 headers={'Date': 'Thu, 18 Jun 2026 11:44:20 GMT', 'Content-Type': 'application/json', 'Transfer-Encoding': 'chunked', 'Connection': 'keep-alive', 'Server': 'cloudflare', 'cf-cache-status': 'DYNAMIC', 'X-Content-Type-Options': 'nosniff', 'Content-Encoding': 'gzip', 'CF-RAY': 'a0da0a9e2aa9e85a-FRA'} 
 body=[{"id":13344,"customerId":12212,"type":"CHECKING","balance":4922.93},{"id":14565,"customerId":12212,"type":"SAVINGS","balance":100.00}] 
 </msg>
<msg time="2026-06-18T17:14:21.921534" level="INFO">I:\CAPSTONE\.venv\Lib\site-packages\urllib3\connectionpool.py:1110: InsecureRequestWarning: Unverified HTTPS request is being made to host 'parabank.parasoft.com'. Adding certificate verification is strongly advised. See: https://urllib3.readthedocs.io/en/latest/advanced-usage.html#tls-warnings
  warnings.warn(</msg>
<msg time="2026-06-18T17:14:21.922043" level="INFO">${response} = &lt;Response [200]&gt;</msg>
<var>${response}</var>
<arg>parabank</arg>
<arg>/customers/${customerId}/accounts</arg>
<doc>Sends a GET request on a previously created HTTP Session.</doc>
<status status="PASS" start="2026-06-18T17:14:21.347833" elapsed="0.574304"/>
</kw>
<return>
<value>${response}</value>
<status status="PASS" start="2026-06-18T17:14:21.925657" elapsed="0.000304"/>
</return>
<msg time="2026-06-18T17:14:21.926593" level="INFO">${response} = &lt;Response [200]&gt;</msg>
<var>${response}</var>
<arg>${CUSTOMER_ID}</arg>
<doc>Gets accounts for a customer ID</doc>
<status status="PASS" start="2026-06-18T17:14:21.344412" elapsed="0.582255"/>
</kw>
<kw name="Set Variable" owner="BuiltIn">
<msg time="2026-06-18T17:14:21.930008" level="INFO">${accounts} = [{'id': 13344, 'customerId': 12212, 'type': 'CHECKING', 'balance': 4922.93}, {'id': 14565, 'customerId': 12212, 'type': 'SAVINGS', 'balance': 100.0}]</msg>
<var>${accounts}</var>
<arg>${response.json()}</arg>
<doc>Returns the given values which can then be assigned to a variables.</doc>
<status status="PASS" start="2026-06-18T17:14:21.928146" elapsed="0.001962"/>
</kw>
<status status="PASS" start="2026-06-18T17:14:19.009191" elapsed="2.922107"/>
</branch>
<status status="PASS" start="2026-06-18T17:14:19.009057" elapsed="2.922625"/>
</if>
<kw name="Set Variable" owner="BuiltIn">
<msg time="2026-06-18T17:14:21.932989" level="INFO">${acc1} = 13344</msg>
<var>${acc1}</var>
<arg>${accounts[0]['id']}</arg>
<doc>Returns the given values which can then be assigned to a variables.</doc>
<status status="PASS" start="2026-06-18T17:14:21.931882" elapsed="0.001170"/>
</kw>
<kw name="Set Variable" owner="BuiltIn">
<msg time="2026-06-18T17:14:21.935709" level="INFO">${acc2} = 14565</msg>
<var>${acc2}</var>
<arg>${accounts[1]['id']}</arg>
<doc>Returns the given values which can then be assigned to a variables.</doc>
<status status="PASS" start="2026-06-18T17:14:21.934275" elapsed="0.001527"/>
</kw>
<kw name="Convert To String" owner="BuiltIn">
<msg time="2026-06-18T17:14:21.938432" level="INFO">${acc1_str} = 13344</msg>
<var>${acc1_str}</var>
<arg>${acc1}</arg>
<doc>Converts the given item to a Unicode string.</doc>
<status status="PASS" start="2026-06-18T17:14:21.937627" elapsed="0.000874"/>
</kw>
<kw name="Convert To String" owner="BuiltIn">
<msg time="2026-06-18T17:14:21.940548" level="INFO">${acc2_str} = 14565</msg>
<var>${acc2_str}</var>
<arg>${acc2}</arg>
<doc>Converts the given item to a Unicode string.</doc>
<status status="PASS" start="2026-06-18T17:14:21.939737" elapsed="0.000875"/>
</kw>
<kw name="Set Global Variable" owner="BuiltIn">
<msg time="2026-06-18T17:14:21.943854" level="INFO">${UI_FROM_ACCOUNT} = 13344</msg>
<arg>${UI_FROM_ACCOUNT}</arg>
<arg>${acc1_str}</arg>
<doc>Makes a variable available globally in all tests and suites.</doc>
<status status="PASS" start="2026-06-18T17:14:21.941980" elapsed="0.002010"/>
</kw>
<kw name="Set Global Variable" owner="BuiltIn">
<msg time="2026-06-18T17:14:21.947396" level="INFO">${UI_TO_ACCOUNT} = 14565</msg>
<arg>${UI_TO_ACCOUNT}</arg>
<arg>${acc2_str}</arg>
<doc>Makes a variable available globally in all tests and suites.</doc>
<status status="PASS" start="2026-06-18T17:14:21.945446" elapsed="0.002062"/>
</kw>
<kw name="Set Global Variable" owner="BuiltIn">
<msg time="2026-06-18T17:14:21.949780" level="INFO">${ACCOUNT_ID} = 13344</msg>
<arg>${ACCOUNT_ID}</arg>
<arg>${acc1_str}</arg>
<doc>Makes a variable available globally in all tests and suites.</doc>
<status status="PASS" start="2026-06-18T17:14:21.949077" elapsed="0.000791"/>
</kw>
<kw name="Set Global Variable" owner="BuiltIn">
<msg time="2026-06-18T17:14:21.951722" level="INFO">${ACCOUNT_ID_2} = 14565</msg>
<arg>${ACCOUNT_ID_2}</arg>
<arg>${acc2_str}</arg>
<doc>Makes a variable available globally in all tests and suites.</doc>
<status status="PASS" start="2026-06-18T17:14:21.951012" elapsed="0.000799"/>
</kw>
<kw name="Log To Console" owner="BuiltIn">
<arg>Accounts resolved</arg>
<doc>Logs the given message to the console.</doc>
<status status="PASS" start="2026-06-18T17:14:21.952942" elapsed="0.000750"/>
</kw>
<doc>Loads target environment config and resolves active account IDs</doc>
<status status="PASS" start="2026-06-18T17:14:13.487944" elapsed="8.466221"/>
</kw>
<kw name="Create Session To API" owner="api_keywords">
<kw name="Log To Console" owner="BuiltIn">
<arg>Creating API session</arg>
<doc>Logs the given message to the console.</doc>
<status status="PASS" start="2026-06-18T17:14:21.955180" elapsed="0.001140"/>
</kw>
<kw name="Create Dictionary" owner="BuiltIn">
<msg time="2026-06-18T17:14:21.957422" level="INFO">${headers} = {'Accept': 'application/json'}</msg>
<var>${headers}</var>
<arg>Accept=application/json</arg>
<doc>Creates and returns a dictionary based on the given ``items``.</doc>
<status status="PASS" start="2026-06-18T17:14:21.956823" elapsed="0.000662"/>
</kw>
<kw name="Create Session" owner="RequestsLibrary">
<msg time="2026-06-18T17:14:21.960237" level="INFO">Creating Session using : alias=parabank, url=https://parabank.parasoft.com/parabank/services/bank, headers={'Accept': 'application/json'},                     cookies={}, auth=None, timeout=None, proxies=None, verify=False,                     debug=0 </msg>
<arg>parabank</arg>
<arg>${API_BASE_URL}</arg>
<arg>headers=${headers}</arg>
<arg>verify=False</arg>
<doc>Create Session: create a HTTP session to a server</doc>
<status status="PASS" start="2026-06-18T17:14:21.959370" elapsed="0.001320"/>
</kw>
<doc>Creates an HTTP session for ParaBank API</doc>
<status status="PASS" start="2026-06-18T17:14:21.954677" elapsed="0.008032"/>
</kw>
<doc>Loads environment and creates API session</doc>
<status status="PASS" start="2026-06-18T17:14:13.486529" elapsed="8.476558"/>
</kw>
<test id="s1-s1-s1-t1" name="TC_API_01" line="8">
<kw name="Log To Console" owner="BuiltIn">
<arg>Starting test case</arg>
<doc>Logs the given message to the console.</doc>
<status status="PASS" start="2026-06-18T17:14:21.964771" elapsed="0.000823"/>
</kw>
<kw name="Get Customer Accounts" owner="api_keywords">
<kw name="Log To Console" owner="BuiltIn">
<arg>Getting customer accounts</arg>
<doc>Logs the given message to the console.</doc>
<status status="PASS" start="2026-06-18T17:14:21.967220" elapsed="0.000633"/>
</kw>
<kw name="GET On Session" owner="RequestsLibrary">
<msg time="2026-06-18T17:14:32.810721" level="INFO">GET Request : url=https://parabank.parasoft.com/parabank/services/bank/customers/12212/accounts 
 path_url=/parabank/services/bank/customers/12212/accounts 
 headers={'User-Agent': 'python-requests/2.34.2', 'Accept-Encoding': 'gzip, deflate, zstd', 'Accept': 'application/json', 'Connection': 'keep-alive'} 
 body=None 
 </msg>
<msg time="2026-06-18T17:14:32.810957" level="INFO">GET Response : url=https://parabank.parasoft.com/parabank/services/bank/customers/12212/accounts 
 status=200, reason=OK 
 headers={'Date': 'Thu, 18 Jun 2026 11:44:30 GMT', 'Content-Type': 'application/json', 'Transfer-Encoding': 'chunked', 'Connection': 'keep-alive', 'Server': 'cloudflare', 'cf-cache-status': 'DYNAMIC', 'X-Content-Type-Options': 'nosniff', 'Content-Encoding': 'gzip', 'CF-RAY': 'a0da0add4db0dc7d-FRA'} 
 body=[{"id":13344,"customerId":12212,"type":"CHECKING","balance":4922.93},{"id":14565,"customerId":12212,"type":"SAVINGS","balance":100.00}] 
 </msg>
<msg time="2026-06-18T17:14:32.811120" level="INFO">I:\CAPSTONE\.venv\Lib\site-packages\urllib3\connectionpool.py:1110: InsecureRequestWarning: Unverified HTTPS request is being made to host 'parabank.parasoft.com'. Adding certificate verification is strongly advised. See: https://urllib3.readthedocs.io/en/latest/advanced-usage.html#tls-warnings
  warnings.warn(</msg>
<msg time="2026-06-18T17:14:32.811573" level="INFO">${response} = &lt;Response [200]&gt;</msg>
<var>${response}</var>
<arg>parabank</arg>
<arg>/customers/${customerId}/accounts</arg>
<doc>Sends a GET request on a previously created HTTP Session.</doc>
<status status="PASS" start="2026-06-18T17:14:21.968383" elapsed="10.843263"/>
</kw>
<return>
<value>${response}</value>
<status status="PASS" start="2026-06-18T17:14:32.813336" elapsed="0.000188"/>
</return>
<msg time="2026-06-18T17:14:32.814026" level="INFO">${response} = &lt;Response [200]&gt;</msg>
<var>${response}</var>
<arg>${CUSTOMER_ID}</arg>
<doc>Gets accounts for a customer ID</doc>
<status status="PASS" start="2026-06-18T17:14:21.966664" elapsed="10.847444"/>
</kw>
<kw name="Verify Response Code" owner="api_keywords">
<kw name="Log To Console" owner="BuiltIn">
<arg>Checking response status</arg>
<doc>Logs the given message to the console.</doc>
<status status="PASS" start="2026-06-18T17:14:32.816693" elapsed="0.001578"/>
</kw>
<kw name="Should Be Equal As Integers" owner="BuiltIn">
<msg time="2026-06-18T17:14:32.819847" level="INFO">Argument types are:
&lt;class 'int'&gt;
&lt;class 'str'&gt;</msg>
<arg>${response.status_code}</arg>
<arg>${code}</arg>
<doc>Fails if objects are unequal after converting them to integers.</doc>
<status status="PASS" start="2026-06-18T17:14:32.818774" elapsed="0.001229"/>
</kw>
<arg>${response}</arg>
<arg>200</arg>
<doc>Checks if response code is correct</doc>
<status status="PASS" start="2026-06-18T17:14:32.816038" elapsed="0.005108"/>
</kw>
<kw name="Set Variable" owner="BuiltIn">
<msg time="2026-06-18T17:14:32.823230" level="INFO">${body} = [{'id': 13344, 'customerId': 12212, 'type': 'CHECKING', 'balance': 4922.93}, {'id': 14565, 'customerId': 12212, 'type': 'SAVINGS', 'balance': 100.0}]</msg>
<var>${body}</var>
<arg>${response.json()}</arg>
<doc>Returns the given values which can then be assigned to a variables.</doc>
<status status="PASS" start="2026-06-18T17:14:32.821876" elapsed="0.001475"/>
</kw>
<kw name="Log To Console" owner="BuiltIn">
<arg>Validating response</arg>
<doc>Logs the given message to the console.</doc>
<status status="PASS" start="2026-06-18T17:14:32.838607" elapsed="0.000841"/>
</kw>
<kw name="Should Not Be Empty" owner="BuiltIn">
<msg time="2026-06-18T17:14:32.841412" level="INFO">Length is 2.</msg>
<arg>${body}</arg>
<doc>Verifies that the given item is not empty.</doc>
<status status="PASS" start="2026-06-18T17:14:32.840257" elapsed="0.001366"/>
</kw>
<kw name="Log To Console" owner="BuiltIn">
<arg>Test completed</arg>
<doc>Logs the given message to the console.</doc>
<status status="PASS" start="2026-06-18T17:14:32.844123" elapsed="0.001319"/>
</kw>
<doc>Verify GET customer accounts list</doc>
<tag>api</tag>
<tag>regression</tag>
<status status="PASS" start="2026-06-18T17:14:21.963405" elapsed="10.883200"/>
</test>
<doc>API test suite for customer accounts</doc>
<status status="PASS" start="2026-06-18T17:14:12.726123" elapsed="20.126639"/>
</suite>
<suite id="s1-s1-s2" name="TC-API-02" source="I:\CAPSTONE\tests\api\TC-API-02.robot">
<kw name="Load Environment And Create Session To API" owner="common_keywords" type="SETUP">
<kw name="Load Environment" owner="common_keywords">
<kw name="Log To Console" owner="BuiltIn">
<arg>Loading environment</arg>
<doc>Logs the given message to the console.</doc>
<status status="PASS" start="2026-06-18T17:14:32.878724" elapsed="0.000640"/>
</kw>
<kw name="Load Env" owner="environment">
<arg>${ENV}</arg>
<status status="PASS" start="2026-06-18T17:14:32.879968" elapsed="0.002358"/>
</kw>
<kw name="Get Env" owner="environment">
<msg time="2026-06-18T17:14:32.882992" level="INFO">${url} = https://parabank.parasoft.com</msg>
<var>${url}</var>
<arg>baseurl</arg>
<status status="PASS" start="2026-06-18T17:14:32.882710" elapsed="0.000361"/>
</kw>
<kw name="Get Env" owner="environment">
<msg time="2026-06-18T17:14:32.885503" level="INFO">${username} = john</msg>
<var>${username}</var>
<arg>user_id</arg>
<status status="PASS" start="2026-06-18T17:14:32.885053" elapsed="0.000549"/>
</kw>
<kw name="Get Env" owner="environment">
<msg time="2026-06-18T17:14:32.888884" level="INFO">${password} = demo</msg>
<var>${password}</var>
<arg>user_password</arg>
<status status="PASS" start="2026-06-18T17:14:32.888095" elapsed="0.000900"/>
</kw>
<kw name="Set Global Variable" owner="BuiltIn">
<msg time="2026-06-18T17:14:32.892388" level="INFO">${BASE_URL} = https://parabank.parasoft.com</msg>
<arg>${BASE_URL}</arg>
<arg>${url}</arg>
<doc>Makes a variable available globally in all tests and suites.</doc>
<status status="PASS" start="2026-06-18T17:14:32.890715" elapsed="0.001826"/>
</kw>
<kw name="Set Global Variable" owner="BuiltIn">
<msg time="2026-06-18T17:14:32.897139" level="INFO">${USERNAME} = john</msg>
<arg>${USERNAME}</arg>
<arg>${username}</arg>
<doc>Makes a variable available globally in all tests and suites.</doc>
<status status="PASS" start="2026-06-18T17:14:32.894142" elapsed="0.003099"/>
</kw>
<kw name="Set Global Variable" owner="BuiltIn">
<msg time="2026-06-18T17:14:32.899737" level="INFO">${PASSWORD} = demo</msg>
<arg>${PASSWORD}</arg>
<arg>${password}</arg>
<doc>Makes a variable available globally in all tests and suites.</doc>
<status status="PASS" start="2026-06-18T17:14:32.899045" elapsed="0.000807"/>
</kw>
<kw name="Log To Console" owner="BuiltIn">
<arg>Resolving active accounts</arg>
<doc>Logs the given message to the console.</doc>
<status status="PASS" start="2026-06-18T17:14:32.901084" elapsed="0.000722"/>
</kw>
<kw name="Create Session To API" owner="api_keywords">
<kw name="Log To Console" owner="BuiltIn">
<arg>Creating API session</arg>
<doc>Logs the given message to the console.</doc>
<status status="PASS" start="2026-06-18T17:14:32.903240" elapsed="0.001900"/>
</kw>
<kw name="Create Dictionary" owner="BuiltIn">
<msg time="2026-06-18T17:14:32.906504" level="INFO">${headers} = {'Accept': 'application/json'}</msg>
<var>${headers}</var>
<arg>Accept=application/json</arg>
<doc>Creates and returns a dictionary based on the given ``items``.</doc>
<status status="PASS" start="2026-06-18T17:14:32.905718" elapsed="0.000886"/>
</kw>
<kw name="Create Session" owner="RequestsLibrary">
<msg time="2026-06-18T17:14:32.910683" level="INFO">Creating Session using : alias=parabank, url=https://parabank.parasoft.com/parabank/services/bank, headers={'Accept': 'application/json'},                     cookies={}, auth=None, timeout=None, proxies=None, verify=False,                     debug=0 </msg>
<arg>parabank</arg>
<arg>${API_BASE_URL}</arg>
<arg>headers=${headers}</arg>
<arg>verify=False</arg>
<doc>Create Session: create a HTTP session to a server</doc>
<status status="PASS" start="2026-06-18T17:14:32.909406" elapsed="0.001721"/>
</kw>
<doc>Creates an HTTP session for ParaBank API</doc>
<status status="PASS" start="2026-06-18T17:14:32.902584" elapsed="0.011015"/>
</kw>
<kw name="Get Customer Accounts" owner="api_keywords">
<kw name="Log To Console" owner="BuiltIn">
<arg>Getting customer accounts</arg>
<doc>Logs the given message to the console.</doc>
<status status="PASS" start="2026-06-18T17:14:32.915074" elapsed="0.001193"/>
</kw>
<kw name="GET On Session" owner="RequestsLibrary">
<msg time="2026-06-18T17:14:40.078680" level="INFO">GET Request : url=https://parabank.parasoft.com/parabank/services/bank/customers/12212/accounts 
 path_url=/parabank/services/bank/customers/12212/accounts 
 headers={'User-Agent': 'python-requests/2.34.2', 'Accept-Encoding': 'gzip, deflate, zstd', 'Accept': 'application/json', 'Connection': 'keep-alive'} 
 body=None 
 </msg>
<msg time="2026-06-18T17:14:40.078908" level="INFO">GET Response : url=https://parabank.parasoft.com/parabank/services/bank/customers/12212/accounts 
 status=200, reason=OK 
 headers={'Date': 'Thu, 18 Jun 2026 11:44:33 GMT', 'Content-Type': 'application/json', 'Transfer-Encoding': 'chunked', 'Connection': 'keep-alive', 'Server': 'cloudflare', 'cf-cache-status': 'DYNAMIC', 'X-Content-Type-Options': 'nosniff', 'Content-Encoding': 'gzip', 'CF-RAY': 'a0da0aed4bf037f7-FRA'} 
 body=[{"id":13344,"customerId":12212,"type":"CHECKING","balance":4922.93},{"id":14565,"customerId":12212,"type":"SAVINGS","balance":100.00}] 
 </msg>
<msg time="2026-06-18T17:14:40.079050" level="INFO">I:\CAPSTONE\.venv\Lib\site-packages\urllib3\connectionpool.py:1110: InsecureRequestWarning: Unverified HTTPS request is being made to host 'parabank.parasoft.com'. Adding certificate verification is strongly advised. See: https://urllib3.readthedocs.io/en/latest/advanced-usage.html#tls-warnings
  warnings.warn(</msg>
<msg time="2026-06-18T17:14:40.079602" level="INFO">${response} = &lt;Response [200]&gt;</msg>
<var>${response}</var>
<arg>parabank</arg>
<arg>/customers/${customerId}/accounts</arg>
<doc>Sends a GET request on a previously created HTTP Session.</doc>
<status status="PASS" start="2026-06-18T17:14:32.917114" elapsed="7.162570"/>
</kw>
<return>
<value>${response}</value>
<status status="PASS" start="2026-06-18T17:14:40.094764" elapsed="0.000247"/>
</return>
<msg time="2026-06-18T17:14:40.095646" level="INFO">${response} = &lt;Response [200]&gt;</msg>
<var>${response}</var>
<arg>${CUSTOMER_ID}</arg>
<doc>Gets accounts for a customer ID</doc>
<status status="PASS" start="2026-06-18T17:14:32.914374" elapsed="7.181360"/>
</kw>
<kw name="Set Variable" owner="BuiltIn">
<msg time="2026-06-18T17:14:40.098994" level="INFO">${accounts} = [{'id': 13344, 'customerId': 12212, 'type': 'CHECKING', 'balance': 4922.93}, {'id': 14565, 'customerId': 12212, 'type': 'SAVINGS', 'balance': 100.0}]</msg>
<var>${accounts}</var>
<arg>${response.json()}</arg>
<doc>Returns the given values which can then be assigned to a variables.</doc>
<status status="PASS" start="2026-06-18T17:14:40.097278" elapsed="0.001802"/>
</kw>
<kw name="Get Length" owner="BuiltIn">
<msg time="2026-06-18T17:14:40.101300" level="INFO">Length is 2.</msg>
<msg time="2026-06-18T17:14:40.101514" level="INFO">${length} = 2</msg>
<var>${length}</var>
<arg>${accounts}</arg>
<doc>Returns and logs the length of the given item as an integer.</doc>
<status status="PASS" start="2026-06-18T17:14:40.100568" elapsed="0.001001"/>
</kw>
<if>
<branch type="IF" condition="${length} &lt; 2">
<kw name="Log To Console" owner="BuiltIn">
<arg>Creating secondary account</arg>
<doc>Logs the given message to the console.</doc>
<status status="NOT RUN" start="2026-06-18T17:14:40.103666" elapsed="0.000114"/>
</kw>
<kw name="Set Variable" owner="BuiltIn">
<var>${from_id}</var>
<arg>${accounts[0]['id']}</arg>
<doc>Returns the given values which can then be assigned to a variables.</doc>
<status status="NOT RUN" start="2026-06-18T17:14:40.104252" elapsed="0.000096"/>
</kw>
<kw name="Create Dictionary" owner="BuiltIn">
<var>${create_params}</var>
<arg>customerId=${CUSTOMER_ID}</arg>
<arg>newAccountType=1</arg>
<arg>fromAccountId=${from_id}</arg>
<doc>Creates and returns a dictionary based on the given ``items``.</doc>
<status status="NOT RUN" start="2026-06-18T17:14:40.104749" elapsed="0.000089"/>
</kw>
<kw name="POST On Session" owner="RequestsLibrary">
<var>${create_resp}</var>
<arg>parabank</arg>
<arg>/createAccount</arg>
<arg>params=${create_params}</arg>
<doc>Sends a POST request on a previously created HTTP Session.</doc>
<status status="NOT RUN" start="2026-06-18T17:14:40.105170" elapsed="0.000093"/>
</kw>
<kw name="Get Customer Accounts" owner="api_keywords">
<var>${response}</var>
<arg>${CUSTOMER_ID}</arg>
<doc>Gets accounts for a customer ID</doc>
<status status="NOT RUN" start="2026-06-18T17:14:40.105718" elapsed="0.000113"/>
</kw>
<kw name="Set Variable" owner="BuiltIn">
<var>${accounts}</var>
<arg>${response.json()}</arg>
<doc>Returns the given values which can then be assigned to a variables.</doc>
<status status="NOT RUN" start="2026-06-18T17:14:40.106148" elapsed="0.000103"/>
</kw>
<status status="NOT RUN" start="2026-06-18T17:14:40.102994" elapsed="0.003497"/>
</branch>
<status status="PASS" start="2026-06-18T17:14:40.102866" elapsed="0.003847"/>
</if>
<kw name="Set Variable" owner="BuiltIn">
<msg time="2026-06-18T17:14:40.107977" level="INFO">${acc1} = 13344</msg>
<var>${acc1}</var>
<arg>${accounts[0]['id']}</arg>
<doc>Returns the given values which can then be assigned to a variables.</doc>
<status status="PASS" start="2026-06-18T17:14:40.106867" elapsed="0.001172"/>
</kw>
<kw name="Set Variable" owner="BuiltIn">
<msg time="2026-06-18T17:14:40.111117" level="INFO">${acc2} = 14565</msg>
<var>${acc2}</var>
<arg>${accounts[1]['id']}</arg>
<doc>Returns the given values which can then be assigned to a variables.</doc>
<status status="PASS" start="2026-06-18T17:14:40.109947" elapsed="0.001234"/>
</kw>
<kw name="Convert To String" owner="BuiltIn">
<msg time="2026-06-18T17:14:40.113052" level="INFO">${acc1_str} = 13344</msg>
<var>${acc1_str}</var>
<arg>${acc1}</arg>
<doc>Converts the given item to a Unicode string.</doc>
<status status="PASS" start="2026-06-18T17:14:40.112436" elapsed="0.000679"/>
</kw>
<kw name="Convert To String" owner="BuiltIn">
<msg time="2026-06-18T17:14:40.114854" level="INFO">${acc2_str} = 14565</msg>
<var>${acc2_str}</var>
<arg>${acc2}</arg>
<doc>Converts the given item to a Unicode string.</doc>
<status status="PASS" start="2026-06-18T17:14:40.114242" elapsed="0.000690"/>
</kw>
<kw name="Set Global Variable" owner="BuiltIn">
<msg time="2026-06-18T17:14:40.117006" level="INFO">${UI_FROM_ACCOUNT} = 13344</msg>
<arg>${UI_FROM_ACCOUNT}</arg>
<arg>${acc1_str}</arg>
<doc>Makes a variable available globally in all tests and suites.</doc>
<status status="PASS" start="2026-06-18T17:14:40.116197" elapsed="0.000902"/>
</kw>
<kw name="Set Global Variable" owner="BuiltIn">
<msg time="2026-06-18T17:14:40.119496" level="INFO">${UI_TO_ACCOUNT} = 14565</msg>
<arg>${UI_TO_ACCOUNT}</arg>
<arg>${acc2_str}</arg>
<doc>Makes a variable available globally in all tests and suites.</doc>
<status status="PASS" start="2026-06-18T17:14:40.118686" elapsed="0.000905"/>
</kw>
<kw name="Set Global Variable" owner="BuiltIn">
<msg time="2026-06-18T17:14:40.121570" level="INFO">${ACCOUNT_ID} = 13344</msg>
<arg>${ACCOUNT_ID}</arg>
<arg>${acc1_str}</arg>
<doc>Makes a variable available globally in all tests and suites.</doc>
<status status="PASS" start="2026-06-18T17:14:40.120846" elapsed="0.000833"/>
</kw>
<kw name="Set Global Variable" owner="BuiltIn">
<msg time="2026-06-18T17:14:40.123518" level="INFO">${ACCOUNT_ID_2} = 14565</msg>
<arg>${ACCOUNT_ID_2}</arg>
<arg>${acc2_str}</arg>
<doc>Makes a variable available globally in all tests and suites.</doc>
<status status="PASS" start="2026-06-18T17:14:40.122837" elapsed="0.000770"/>
</kw>
<kw name="Log To Console" owner="BuiltIn">
<arg>Accounts resolved</arg>
<doc>Logs the given message to the console.</doc>
<status status="PASS" start="2026-06-18T17:14:40.124758" elapsed="0.001004"/>
</kw>
<doc>Loads target environment config and resolves active account IDs</doc>
<status status="PASS" start="2026-06-18T17:14:32.878381" elapsed="7.247824"/>
</kw>
<kw name="Create Session To API" owner="api_keywords">
<kw name="Log To Console" owner="BuiltIn">
<arg>Creating API session</arg>
<doc>Logs the given message to the console.</doc>
<status status="PASS" start="2026-06-18T17:14:40.127024" elapsed="0.000657"/>
</kw>
<kw name="Create Dictionary" owner="BuiltIn">
<msg time="2026-06-18T17:14:40.128714" level="INFO">${headers} = {'Accept': 'application/json'}</msg>
<var>${headers}</var>
<arg>Accept=application/json</arg>
<doc>Creates and returns a dictionary based on the given ``items``.</doc>
<status status="PASS" start="2026-06-18T17:14:40.128142" elapsed="0.000635"/>
</kw>
<kw name="Create Session" owner="RequestsLibrary">
<msg time="2026-06-18T17:14:40.131114" level="INFO">Creating Session using : alias=parabank, url=https://parabank.parasoft.com/parabank/services/bank, headers={'Accept': 'application/json'},                     cookies={}, auth=None, timeout=None, proxies=None, verify=False,                     debug=0 </msg>
<arg>parabank</arg>
<arg>${API_BASE_URL}</arg>
<arg>headers=${headers}</arg>
<arg>verify=False</arg>
<doc>Create Session: create a HTTP session to a server</doc>
<status status="PASS" start="2026-06-18T17:14:40.130502" elapsed="0.001078"/>
</kw>
<doc>Creates an HTTP session for ParaBank API</doc>
<status status="PASS" start="2026-06-18T17:14:40.126650" elapsed="0.006143"/>
</kw>
<doc>Loads environment and creates API session</doc>
<status status="PASS" start="2026-06-18T17:14:32.877618" elapsed="7.255503"/>
</kw>
<test id="s1-s1-s2-t1" name="TC_API_02" line="7">
<kw name="Log To Console" owner="BuiltIn">
<arg>Starting test case</arg>
<doc>Logs the given message to the console.</doc>
<status status="PASS" start="2026-06-18T17:14:40.134487" elapsed="0.000827"/>
</kw>
<kw name="Get Account Details" owner="api_keywords">
<kw name="Log To Console" owner="BuiltIn">
<arg>Getting account details</arg>
<doc>Logs the given message to the console.</doc>
<status status="PASS" start="2026-06-18T17:14:40.137127" elapsed="0.000895"/>
</kw>
<kw name="GET On Session" owner="RequestsLibrary">
<msg time="2026-06-18T17:14:41.966399" level="INFO">GET Request : url=https://parabank.parasoft.com/parabank/services/bank/accounts/14565 
 path_url=/parabank/services/bank/accounts/14565 
 headers={'User-Agent': 'python-requests/2.34.2', 'Accept-Encoding': 'gzip, deflate, zstd', 'Accept': 'application/json', 'Connection': 'keep-alive'} 
 body=None 
 </msg>
<msg time="2026-06-18T17:14:41.966602" level="INFO">GET Response : url=https://parabank.parasoft.com/parabank/services/bank/accounts/14565 
 status=200, reason=OK 
 headers={'Date': 'Thu, 18 Jun 2026 11:44:40 GMT', 'Content-Type': 'application/json', 'Transfer-Encoding': 'chunked', 'Connection': 'keep-alive', 'Server': 'cloudflare', 'cf-cache-status': 'DYNAMIC', 'X-Content-Type-Options': 'nosniff', 'Content-Encoding': 'gzip', 'CF-RAY': 'a0da0b18ea0a1430-FRA'} 
 body={"id":14565,"customerId":12212,"type":"SAVINGS","balance":100.00} 
 </msg>
<msg time="2026-06-18T17:14:41.966733" level="INFO">I:\CAPSTONE\.venv\Lib\site-packages\urllib3\connectionpool.py:1110: InsecureRequestWarning: Unverified HTTPS request is being made to host 'parabank.parasoft.com'. Adding certificate verification is strongly advised. See: https://urllib3.readthedocs.io/en/latest/advanced-usage.html#tls-warnings
  warnings.warn(</msg>
<msg time="2026-06-18T17:14:41.967289" level="INFO">${response} = &lt;Response [200]&gt;</msg>
<var>${response}</var>
<arg>parabank</arg>
<arg>/accounts/${accountId}</arg>
<doc>Sends a GET request on a previously created HTTP Session.</doc>
<status status="PASS" start="2026-06-18T17:14:40.138538" elapsed="1.828881"/>
</kw>
<return>
<value>${response}</value>
<status status="PASS" start="2026-06-18T17:14:41.969304" elapsed="0.000218"/>
</return>
<msg time="2026-06-18T17:14:41.970015" level="INFO">${response} = &lt;Response [200]&gt;</msg>
<var>${response}</var>
<arg>${ACCOUNT_ID_2}</arg>
<doc>Gets details for an account ID</doc>
<status status="PASS" start="2026-06-18T17:14:40.136409" elapsed="1.833665"/>
</kw>
<kw name="Verify Response Code" owner="api_keywords">
<kw name="Log To Console" owner="BuiltIn">
<arg>Checking response status</arg>
<doc>Logs the given message to the console.</doc>
<status status="PASS" start="2026-06-18T17:14:41.972464" elapsed="0.001018"/>
</kw>
<kw name="Should Be Equal As Integers" owner="BuiltIn">
<msg time="2026-06-18T17:14:41.975332" level="INFO">Argument types are:
&lt;class 'int'&gt;
&lt;class 'str'&gt;</msg>
<arg>${response.status_code}</arg>
<arg>${code}</arg>
<doc>Fails if objects are unequal after converting them to integers.</doc>
<status status="PASS" start="2026-06-18T17:14:41.973986" elapsed="0.001491"/>
</kw>
<arg>${response}</arg>
<arg>200</arg>
<doc>Checks if response code is correct</doc>
<status status="PASS" start="2026-06-18T17:14:41.971802" elapsed="0.018699"/>
</kw>
<kw name="Log To Console" owner="BuiltIn">
<arg>Validating response</arg>
<doc>Logs the given message to the console.</doc>
<status status="PASS" start="2026-06-18T17:14:41.991747" elapsed="0.000767"/>
</kw>
<kw name="Should Contain" owner="BuiltIn">
<arg>${response.text}</arg>
<arg>id</arg>
<doc>Fails if ``container`` does not contain ``item`` one or more times.</doc>
<status status="PASS" start="2026-06-18T17:14:41.994444" elapsed="0.002441"/>
</kw>
<kw name="Log To Console" owner="BuiltIn">
<arg>Validating response</arg>
<doc>Logs the given message to the console.</doc>
<status status="PASS" start="2026-06-18T17:14:41.998090" elapsed="0.001071"/>
</kw>
<kw name="Should Contain" owner="BuiltIn">
<arg>${response.text}</arg>
<arg>customerId</arg>
<doc>Fails if ``container`` does not contain ``item`` one or more times.</doc>
<status status="PASS" start="2026-06-18T17:14:41.999981" elapsed="0.001197"/>
</kw>
<kw name="Log To Console" owner="BuiltIn">
<arg>Validating response</arg>
<doc>Logs the given message to the console.</doc>
<status status="PASS" start="2026-06-18T17:14:42.001880" elapsed="0.000862"/>
</kw>
<kw name="Should Contain" owner="BuiltIn">
<arg>${response.text}</arg>
<arg>type</arg>
<doc>Fails if ``container`` does not contain ``item`` one or more times.</doc>
<status status="PASS" start="2026-06-18T17:14:42.003686" elapsed="0.002140"/>
</kw>
<kw name="Log To Console" owner="BuiltIn">
<arg>Validating response</arg>
<doc>Logs the given message to the console.</doc>
<status status="PASS" start="2026-06-18T17:14:42.006786" elapsed="0.000552"/>
</kw>
<kw name="Should Contain" owner="BuiltIn">
<arg>${response.text}</arg>
<arg>balance</arg>
<doc>Fails if ``container`` does not contain ``item`` one or more times.</doc>
<status status="PASS" start="2026-06-18T17:14:42.008153" elapsed="0.001508"/>
</kw>
<kw name="Log To Console" owner="BuiltIn">
<arg>Test completed</arg>
<doc>Logs the given message to the console.</doc>
<status status="PASS" start="2026-06-18T17:14:42.010577" elapsed="0.000770"/>
</kw>
<doc>Verify GET account details API</doc>
<tag>api</tag>
<tag>regression</tag>
<status status="PASS" start="2026-06-18T17:14:40.133434" elapsed="1.878761"/>
</test>
<doc>API test suite for account details</doc>
<status status="PASS" start="2026-06-18T17:14:32.861804" elapsed="9.157315"/>
</suite>
<suite id="s1-s1-s3" name="TC-API-03" source="I:\CAPSTONE\tests\api\TC-API-03.robot">
<kw name="Load Environment And Create Session To API" owner="common_keywords" type="SETUP">
<kw name="Load Environment" owner="common_keywords">
<kw name="Log To Console" owner="BuiltIn">
<arg>Loading environment</arg>
<doc>Logs the given message to the console.</doc>
<status status="PASS" start="2026-06-18T17:14:42.042850" elapsed="0.000679"/>
</kw>
<kw name="Load Env" owner="environment">
<arg>${ENV}</arg>
<status status="PASS" start="2026-06-18T17:14:42.044039" elapsed="0.002441"/>
</kw>
<kw name="Get Env" owner="environment">
<msg time="2026-06-18T17:14:42.047180" level="INFO">${url} = https://parabank.parasoft.com</msg>
<var>${url}</var>
<arg>baseurl</arg>
<status status="PASS" start="2026-06-18T17:14:42.046881" elapsed="0.000363"/>
</kw>
<kw name="Get Env" owner="environment">
<msg time="2026-06-18T17:14:42.048821" level="INFO">${username} = john</msg>
<var>${username}</var>
<arg>user_id</arg>
<status status="PASS" start="2026-06-18T17:14:42.048496" elapsed="0.000382"/>
</kw>
<kw name="Get Env" owner="environment">
<msg time="2026-06-18T17:14:42.051184" level="INFO">${password} = demo</msg>
<var>${password}</var>
<arg>user_password</arg>
<status status="PASS" start="2026-06-18T17:14:42.050785" elapsed="0.000514"/>
</kw>
<kw name="Set Global Variable" owner="BuiltIn">
<msg time="2026-06-18T17:14:42.053342" level="INFO">${BASE_URL} = https://parabank.parasoft.com</msg>
<arg>${BASE_URL}</arg>
<arg>${url}</arg>
<doc>Makes a variable available globally in all tests and suites.</doc>
<status status="PASS" start="2026-06-18T17:14:42.052585" elapsed="0.000901"/>
</kw>
<kw name="Set Global Variable" owner="BuiltIn">
<msg time="2026-06-18T17:14:42.055276" level="INFO">${USERNAME} = john</msg>
<arg>${USERNAME}</arg>
<arg>${username}</arg>
<doc>Makes a variable available globally in all tests and suites.</doc>
<status status="PASS" start="2026-06-18T17:14:42.054626" elapsed="0.000738"/>
</kw>
<kw name="Set Global Variable" owner="BuiltIn">
<msg time="2026-06-18T17:14:42.057699" level="INFO">${PASSWORD} = demo</msg>
<arg>${PASSWORD}</arg>
<arg>${password}</arg>
<doc>Makes a variable available globally in all tests and suites.</doc>
<status status="PASS" start="2026-06-18T17:14:42.056728" elapsed="0.001085"/>
</kw>
<kw name="Log To Console" owner="BuiltIn">
<arg>Resolving active accounts</arg>
<doc>Logs the given message to the console.</doc>
<status status="PASS" start="2026-06-18T17:14:42.059531" elapsed="0.000890"/>
</kw>
<kw name="Create Session To API" owner="api_keywords">
<kw name="Log To Console" owner="BuiltIn">
<arg>Creating API session</arg>
<doc>Logs the given message to the console.</doc>
<status status="PASS" start="2026-06-18T17:14:42.061651" elapsed="0.000900"/>
</kw>
<kw name="Create Dictionary" owner="BuiltIn">
<msg time="2026-06-18T17:14:42.063657" level="INFO">${headers} = {'Accept': 'application/json'}</msg>
<var>${headers}</var>
<arg>Accept=application/json</arg>
<doc>Creates and returns a dictionary based on the given ``items``.</doc>
<status status="PASS" start="2026-06-18T17:14:42.063028" elapsed="0.000694"/>
</kw>
<kw name="Create Session" owner="RequestsLibrary">
<msg time="2026-06-18T17:14:42.065890" level="INFO">Creating Session using : alias=parabank, url=https://parabank.parasoft.com/parabank/services/bank, headers={'Accept': 'application/json'},                     cookies={}, auth=None, timeout=None, proxies=None, verify=False,                     debug=0 </msg>
<arg>parabank</arg>
<arg>${API_BASE_URL}</arg>
<arg>headers=${headers}</arg>
<arg>verify=False</arg>
<doc>Create Session: create a HTTP session to a server</doc>
<status status="PASS" start="2026-06-18T17:14:42.065146" elapsed="0.001084"/>
</kw>
<doc>Creates an HTTP session for ParaBank API</doc>
<status status="PASS" start="2026-06-18T17:14:42.061203" elapsed="0.006199"/>
</kw>
<kw name="Get Customer Accounts" owner="api_keywords">
<kw name="Log To Console" owner="BuiltIn">
<arg>Getting customer accounts</arg>
<doc>Logs the given message to the console.</doc>
<status status="PASS" start="2026-06-18T17:14:42.068410" elapsed="0.000724"/>
</kw>
<kw name="GET On Session" owner="RequestsLibrary">
<msg time="2026-06-18T17:15:05.069464" level="INFO">GET Request : url=https://parabank.parasoft.com/parabank/services/bank/customers/12212/accounts 
 path_url=/parabank/services/bank/customers/12212/accounts 
 headers={'User-Agent': 'python-requests/2.34.2', 'Accept-Encoding': 'gzip, deflate, zstd', 'Accept': 'application/json', 'Connection': 'keep-alive'} 
 body=None 
 </msg>
<msg time="2026-06-18T17:15:05.069774" level="INFO">GET Response : url=https://parabank.parasoft.com/parabank/services/bank/customers/12212/accounts 
 status=200, reason=OK 
 headers={'Date': 'Thu, 18 Jun 2026 11:44:52 GMT', 'Content-Type': 'application/json', 'Transfer-Encoding': 'chunked', 'Connection': 'keep-alive', 'Server': 'cloudflare', 'cf-cache-status': 'DYNAMIC', 'X-Content-Type-Options': 'nosniff', 'Content-Encoding': 'gzip', 'CF-RAY': 'a0da0b626c5503a0-FRA'} 
 body=[{"id":13344,"customerId":12212,"type":"CHECKING","balance":4922.93},{"id":14565,"customerId":12212,"type":"SAVINGS","balance":100.00}] 
 </msg>
<msg time="2026-06-18T17:15:05.069963" level="INFO">I:\CAPSTONE\.venv\Lib\site-packages\urllib3\connectionpool.py:1110: InsecureRequestWarning: Unverified HTTPS request is being made to host 'parabank.parasoft.com'. Adding certificate verification is strongly advised. See: https://urllib3.readthedocs.io/en/latest/advanced-usage.html#tls-warnings
  warnings.warn(</msg>
<msg time="2026-06-18T17:15:05.070682" level="INFO">${response} = &lt;Response [200]&gt;</msg>
<var>${response}</var>
<arg>parabank</arg>
<arg>/customers/${customerId}/accounts</arg>
<doc>Sends a GET request on a previously created HTTP Session.</doc>
<status status="PASS" start="2026-06-18T17:14:42.069673" elapsed="23.001151"/>
</kw>
<return>
<value>${response}</value>
<status status="PASS" start="2026-06-18T17:15:05.072589" elapsed="0.000199"/>
</return>
<msg time="2026-06-18T17:15:05.073453" level="INFO">${response} = &lt;Response [200]&gt;</msg>
<var>${response}</var>
<arg>${CUSTOMER_ID}</arg>
<doc>Gets accounts for a customer ID</doc>
<status status="PASS" start="2026-06-18T17:14:42.067924" elapsed="23.005634"/>
</kw>
<kw name="Set Variable" owner="BuiltIn">
<msg time="2026-06-18T17:15:05.090667" level="INFO">${accounts} = [{'id': 13344, 'customerId': 12212, 'type': 'CHECKING', 'balance': 4922.93}, {'id': 14565, 'customerId': 12212, 'type': 'SAVINGS', 'balance': 100.0}]</msg>
<var>${accounts}</var>
<arg>${response.json()}</arg>
<doc>Returns the given values which can then be assigned to a variables.</doc>
<status status="PASS" start="2026-06-18T17:15:05.089097" elapsed="0.001652"/>
</kw>
<kw name="Get Length" owner="BuiltIn">
<msg time="2026-06-18T17:15:05.092697" level="INFO">Length is 2.</msg>
<msg time="2026-06-18T17:15:05.092926" level="INFO">${length} = 2</msg>
<var>${length}</var>
<arg>${accounts}</arg>
<doc>Returns and logs the length of the given item as an integer.</doc>
<status status="PASS" start="2026-06-18T17:15:05.092088" elapsed="0.000926"/>
</kw>
<if>
<branch type="IF" condition="${length} &lt; 2">
<kw name="Log To Console" owner="BuiltIn">
<arg>Creating secondary account</arg>
<doc>Logs the given message to the console.</doc>
<status status="NOT RUN" start="2026-06-18T17:15:05.094935" elapsed="0.000144"/>
</kw>
<kw name="Set Variable" owner="BuiltIn">
<var>${from_id}</var>
<arg>${accounts[0]['id']}</arg>
<doc>Returns the given values which can then be assigned to a variables.</doc>
<status status="NOT RUN" start="2026-06-18T17:15:05.095461" elapsed="0.000105"/>
</kw>
<kw name="Create Dictionary" owner="BuiltIn">
<var>${create_params}</var>
<arg>customerId=${CUSTOMER_ID}</arg>
<arg>newAccountType=1</arg>
<arg>fromAccountId=${from_id}</arg>
<doc>Creates and returns a dictionary based on the given ``items``.</doc>
<status status="NOT RUN" start="2026-06-18T17:15:05.095960" elapsed="0.000145"/>
</kw>
<kw name="POST On Session" owner="RequestsLibrary">
<var>${create_resp}</var>
<arg>parabank</arg>
<arg>/createAccount</arg>
<arg>params=${create_params}</arg>
<doc>Sends a POST request on a previously created HTTP Session.</doc>
<status status="NOT RUN" start="2026-06-18T17:15:05.096460" elapsed="0.000085"/>
</kw>
<kw name="Get Customer Accounts" owner="api_keywords">
<var>${response}</var>
<arg>${CUSTOMER_ID}</arg>
<doc>Gets accounts for a customer ID</doc>
<status status="NOT RUN" start="2026-06-18T17:15:05.096988" elapsed="0.000141"/>
</kw>
<kw name="Set Variable" owner="BuiltIn">
<var>${accounts}</var>
<arg>${response.json()}</arg>
<doc>Returns the given values which can then be assigned to a variables.</doc>
<status status="NOT RUN" start="2026-06-18T17:15:05.097476" elapsed="0.000092"/>
</kw>
<status status="NOT RUN" start="2026-06-18T17:15:05.094305" elapsed="0.003481"/>
</branch>
<status status="PASS" start="2026-06-18T17:15:05.094238" elapsed="0.003853"/>
</if>
<kw name="Set Variable" owner="BuiltIn">
<msg time="2026-06-18T17:15:05.099882" level="INFO">${acc1} = 13344</msg>
<var>${acc1}</var>
<arg>${accounts[0]['id']}</arg>
<doc>Returns the given values which can then be assigned to a variables.</doc>
<status status="PASS" start="2026-06-18T17:15:05.098273" elapsed="0.001699"/>
</kw>
<kw name="Set Variable" owner="BuiltIn">
<msg time="2026-06-18T17:15:05.102856" level="INFO">${acc2} = 14565</msg>
<var>${acc2}</var>
<arg>${accounts[1]['id']}</arg>
<doc>Returns the given values which can then be assigned to a variables.</doc>
<status status="PASS" start="2026-06-18T17:15:05.101551" elapsed="0.001377"/>
</kw>
<kw name="Convert To String" owner="BuiltIn">
<msg time="2026-06-18T17:15:05.105511" level="INFO">${acc1_str} = 13344</msg>
<var>${acc1_str}</var>
<arg>${acc1}</arg>
<doc>Converts the given item to a Unicode string.</doc>
<status status="PASS" start="2026-06-18T17:15:05.104743" elapsed="0.000837"/>
</kw>
<kw name="Convert To String" owner="BuiltIn">
<msg time="2026-06-18T17:15:05.107411" level="INFO">${acc2_str} = 14565</msg>
<var>${acc2_str}</var>
<arg>${acc2}</arg>
<doc>Converts the given item to a Unicode string.</doc>
<status status="PASS" start="2026-06-18T17:15:05.106764" elapsed="0.000712"/>
</kw>
<kw name="Set Global Variable" owner="BuiltIn">
<msg time="2026-06-18T17:15:05.109617" level="INFO">${UI_FROM_ACCOUNT} = 13344</msg>
<arg>${UI_FROM_ACCOUNT}</arg>
<arg>${acc1_str}</arg>
<doc>Makes a variable available globally in all tests and suites.</doc>
<status status="PASS" start="2026-06-18T17:15:05.108760" elapsed="0.000986"/>
</kw>
<kw name="Set Global Variable" owner="BuiltIn">
<msg time="2026-06-18T17:15:05.112176" level="INFO">${UI_TO_ACCOUNT} = 14565</msg>
<arg>${UI_TO_ACCOUNT}</arg>
<arg>${acc2_str}</arg>
<doc>Makes a variable available globally in all tests and suites.</doc>
<status status="PASS" start="2026-06-18T17:15:05.111441" elapsed="0.000846"/>
</kw>
<kw name="Set Global Variable" owner="BuiltIn">
<msg time="2026-06-18T17:15:05.115078" level="INFO">${ACCOUNT_ID} = 13344</msg>
<arg>${ACCOUNT_ID}</arg>
<arg>${acc1_str}</arg>
<doc>Makes a variable available globally in all tests and suites.</doc>
<status status="PASS" start="2026-06-18T17:15:05.114068" elapsed="0.001133"/>
</kw>
<kw name="Set Global Variable" owner="BuiltIn">
<msg time="2026-06-18T17:15:05.117374" level="INFO">${ACCOUNT_ID_2} = 14565</msg>
<arg>${ACCOUNT_ID_2}</arg>
<arg>${acc2_str}</arg>
<doc>Makes a variable available globally in all tests and suites.</doc>
<status status="PASS" start="2026-06-18T17:15:05.116579" elapsed="0.000970"/>
</kw>
<kw name="Log To Console" owner="BuiltIn">
<arg>Accounts resolved</arg>
<doc>Logs the given message to the console.</doc>
<status status="PASS" start="2026-06-18T17:15:05.119231" elapsed="0.000998"/>
</kw>
<doc>Loads target environment config and resolves active account IDs</doc>
<status status="PASS" start="2026-06-18T17:14:42.042471" elapsed="23.078739"/>
</kw>
<kw name="Create Session To API" owner="api_keywords">
<kw name="Log To Console" owner="BuiltIn">
<arg>Creating API session</arg>
<doc>Logs the given message to the console.</doc>
<status status="PASS" start="2026-06-18T17:15:05.122129" elapsed="0.001416"/>
</kw>
<kw name="Create Dictionary" owner="BuiltIn">
<msg time="2026-06-18T17:15:05.124720" level="INFO">${headers} = {'Accept': 'application/json'}</msg>
<var>${headers}</var>
<arg>Accept=application/json</arg>
<doc>Creates and returns a dictionary based on the given ``items``.</doc>
<status status="PASS" start="2026-06-18T17:15:05.123993" elapsed="0.000812"/>
</kw>
<kw name="Create Session" owner="RequestsLibrary">
<msg time="2026-06-18T17:15:05.126976" level="INFO">Creating Session using : alias=parabank, url=https://parabank.parasoft.com/parabank/services/bank, headers={'Accept': 'application/json'},                     cookies={}, auth=None, timeout=None, proxies=None, verify=False,                     debug=0 </msg>
<arg>parabank</arg>
<arg>${API_BASE_URL}</arg>
<arg>headers=${headers}</arg>
<arg>verify=False</arg>
<doc>Create Session: create a HTTP session to a server</doc>
<status status="PASS" start="2026-06-18T17:15:05.126450" elapsed="0.000815"/>
</kw>
<doc>Creates an HTTP session for ParaBank API</doc>
<status status="PASS" start="2026-06-18T17:15:05.121740" elapsed="0.007240"/>
</kw>
<doc>Loads environment and creates API session</doc>
<status status="PASS" start="2026-06-18T17:14:42.041683" elapsed="23.087704"/>
</kw>
<test id="s1-s1-s3-t1" name="TC_API_03" line="8">
<kw name="Log To Console" owner="BuiltIn">
<arg>Starting test case</arg>
<doc>Logs the given message to the console.</doc>
<status status="PASS" start="2026-06-18T17:15:05.130719" elapsed="0.000742"/>
</kw>
<kw name="Get Customer Accounts" owner="api_keywords">
<kw name="Log To Console" owner="BuiltIn">
<arg>Getting customer accounts</arg>
<doc>Logs the given message to the console.</doc>
<status status="PASS" start="2026-06-18T17:15:05.132982" elapsed="0.000569"/>
</kw>
<kw name="GET On Session" owner="RequestsLibrary">
<msg time="2026-06-18T17:15:06.295895" level="INFO">GET Request : url=https://parabank.parasoft.com/parabank/services/bank/customers/12212/accounts 
 path_url=/parabank/services/bank/customers/12212/accounts 
 headers={'User-Agent': 'python-requests/2.34.2', 'Accept-Encoding': 'gzip, deflate, zstd', 'Accept': 'application/json', 'Connection': 'keep-alive'} 
 body=None 
 </msg>
<msg time="2026-06-18T17:15:06.296192" level="INFO">GET Response : url=https://parabank.parasoft.com/parabank/services/bank/customers/12212/accounts 
 status=200, reason=OK 
 headers={'Date': 'Thu, 18 Jun 2026 11:45:04 GMT', 'Content-Type': 'application/json', 'Transfer-Encoding': 'chunked', 'Connection': 'keep-alive', 'Server': 'cloudflare', 'cf-cache-status': 'DYNAMIC', 'X-Content-Type-Options': 'nosniff', 'Content-Encoding': 'gzip', 'CF-RAY': 'a0da0bb45e9607da-FRA'} 
 body=[{"id":13344,"customerId":12212,"type":"CHECKING","balance":-5077.07},{"id":14565,"customerId":12212,"type":"SAVINGS","balance":100.00}] 
 </msg>
<msg time="2026-06-18T17:15:06.296343" level="INFO">I:\CAPSTONE\.venv\Lib\site-packages\urllib3\connectionpool.py:1110: InsecureRequestWarning: Unverified HTTPS request is being made to host 'parabank.parasoft.com'. Adding certificate verification is strongly advised. See: https://urllib3.readthedocs.io/en/latest/advanced-usage.html#tls-warnings
  warnings.warn(</msg>
<msg time="2026-06-18T17:15:06.296863" level="INFO">${response} = &lt;Response [200]&gt;</msg>
<var>${response}</var>
<arg>parabank</arg>
<arg>/customers/${customerId}/accounts</arg>
<doc>Sends a GET request on a previously created HTTP Session.</doc>
<status status="PASS" start="2026-06-18T17:15:05.134006" elapsed="1.162954"/>
</kw>
<return>
<value>${response}</value>
<status status="PASS" start="2026-06-18T17:15:06.298710" elapsed="0.000159"/>
</return>
<msg time="2026-06-18T17:15:06.299381" level="INFO">${response} = &lt;Response [200]&gt;</msg>
<var>${response}</var>
<arg>${CUSTOMER_ID}</arg>
<doc>Gets accounts for a customer ID</doc>
<status status="PASS" start="2026-06-18T17:15:05.132421" elapsed="1.167021"/>
</kw>
<kw name="Verify Response Code" owner="api_keywords">
<kw name="Log To Console" owner="BuiltIn">
<arg>Checking response status</arg>
<doc>Logs the given message to the console.</doc>
<status status="PASS" start="2026-06-18T17:15:06.301924" elapsed="0.000679"/>
</kw>
<kw name="Should Be Equal As Integers" owner="BuiltIn">
<msg time="2026-06-18T17:15:06.304105" level="INFO">Argument types are:
&lt;class 'int'&gt;
&lt;class 'str'&gt;</msg>
<arg>${response.status_code}</arg>
<arg>${code}</arg>
<doc>Fails if objects are unequal after converting them to integers.</doc>
<status status="PASS" start="2026-06-18T17:15:06.303016" elapsed="0.001203"/>
</kw>
<arg>${response}</arg>
<arg>200</arg>
<doc>Checks if response code is correct</doc>
<status status="PASS" start="2026-06-18T17:15:06.301234" elapsed="0.004280"/>
</kw>
<kw name="Log To Console" owner="BuiltIn">
<arg>Validating response</arg>
<doc>Logs the given message to the console.</doc>
<status status="PASS" start="2026-06-18T17:15:06.306501" elapsed="0.000564"/>
</kw>
<kw name="Should Contain" owner="BuiltIn">
<arg>${response.text}</arg>
<arg>${ACCOUNT_ID}</arg>
<doc>Fails if ``container`` does not contain ``item`` one or more times.</doc>
<status status="PASS" start="2026-06-18T17:15:06.307742" elapsed="0.001320"/>
</kw>
<kw name="Log To Console" owner="BuiltIn">
<arg>Test completed</arg>
<doc>Logs the given message to the console.</doc>
<status status="PASS" start="2026-06-18T17:15:06.309869" elapsed="0.000570"/>
</kw>
<doc>Verify newly created account exists in customer accounts list</doc>
<tag>api</tag>
<tag>regression</tag>
<status status="PASS" start="2026-06-18T17:15:05.129695" elapsed="1.181629"/>
</test>
<doc>API test suite for verifying new account</doc>
<status status="PASS" start="2026-06-18T17:14:42.029715" elapsed="24.286976"/>
</suite>
<suite id="s1-s1-s4" name="TC-API-04" source="I:\CAPSTONE\tests\api\TC-API-04.robot">
<kw name="Load Environment And Create Session To API" owner="common_keywords" type="SETUP">
<kw name="Load Environment" owner="common_keywords">
<kw name="Log To Console" owner="BuiltIn">
<arg>Loading environment</arg>
<doc>Logs the given message to the console.</doc>
<status status="PASS" start="2026-06-18T17:15:06.343728" elapsed="0.000804"/>
</kw>
<kw name="Load Env" owner="environment">
<arg>${ENV}</arg>
<status status="PASS" start="2026-06-18T17:15:06.345366" elapsed="0.003371"/>
</kw>
<kw name="Get Env" owner="environment">
<msg time="2026-06-18T17:15:06.349707" level="INFO">${url} = https://parabank.parasoft.com</msg>
<var>${url}</var>
<arg>baseurl</arg>
<status status="PASS" start="2026-06-18T17:15:06.349321" elapsed="0.000476"/>
</kw>
<kw name="Get Env" owner="environment">
<msg time="2026-06-18T17:15:06.351964" level="INFO">${username} = john</msg>
<var>${username}</var>
<arg>user_id</arg>
<status status="PASS" start="2026-06-18T17:15:06.351551" elapsed="0.000485"/>
</kw>
<kw name="Get Env" owner="environment">
<msg time="2026-06-18T17:15:06.353790" level="INFO">${password} = demo</msg>
<var>${password}</var>
<arg>user_password</arg>
<status status="PASS" start="2026-06-18T17:15:06.353452" elapsed="0.000397"/>
</kw>
<kw name="Set Global Variable" owner="BuiltIn">
<msg time="2026-06-18T17:15:06.356463" level="INFO">${BASE_URL} = https://parabank.parasoft.com</msg>
<arg>${BASE_URL}</arg>
<arg>${url}</arg>
<doc>Makes a variable available globally in all tests and suites.</doc>
<status status="PASS" start="2026-06-18T17:15:06.355525" elapsed="0.001103"/>
</kw>
<kw name="Set Global Variable" owner="BuiltIn">
<msg time="2026-06-18T17:15:06.359211" level="INFO">${USERNAME} = john</msg>
<arg>${USERNAME}</arg>
<arg>${username}</arg>
<doc>Makes a variable available globally in all tests and suites.</doc>
<status status="PASS" start="2026-06-18T17:15:06.358143" elapsed="0.001286"/>
</kw>
<kw name="Set Global Variable" owner="BuiltIn">
<msg time="2026-06-18T17:15:06.361624" level="INFO">${PASSWORD} = demo</msg>
<arg>${PASSWORD}</arg>
<arg>${password}</arg>
<doc>Makes a variable available globally in all tests and suites.</doc>
<status status="PASS" start="2026-06-18T17:15:06.360872" elapsed="0.001012"/>
</kw>
<kw name="Log To Console" owner="BuiltIn">
<arg>Resolving active accounts</arg>
<doc>Logs the given message to the console.</doc>
<status status="PASS" start="2026-06-18T17:15:06.363329" elapsed="0.000770"/>
</kw>
<kw name="Create Session To API" owner="api_keywords">
<kw name="Log To Console" owner="BuiltIn">
<arg>Creating API session</arg>
<doc>Logs the given message to the console.</doc>
<status status="PASS" start="2026-06-18T17:15:06.365538" elapsed="0.000871"/>
</kw>
<kw name="Create Dictionary" owner="BuiltIn">
<msg time="2026-06-18T17:15:06.367779" level="INFO">${headers} = {'Accept': 'application/json'}</msg>
<var>${headers}</var>
<arg>Accept=application/json</arg>
<doc>Creates and returns a dictionary based on the given ``items``.</doc>
<status status="PASS" start="2026-06-18T17:15:06.366905" elapsed="0.000944"/>
</kw>
<kw name="Create Session" owner="RequestsLibrary">
<msg time="2026-06-18T17:15:06.370153" level="INFO">Creating Session using : alias=parabank, url=https://parabank.parasoft.com/parabank/services/bank, headers={'Accept': 'application/json'},                     cookies={}, auth=None, timeout=None, proxies=None, verify=False,                     debug=0 </msg>
<arg>parabank</arg>
<arg>${API_BASE_URL}</arg>
<arg>headers=${headers}</arg>
<arg>verify=False</arg>
<doc>Create Session: create a HTTP session to a server</doc>
<status status="PASS" start="2026-06-18T17:15:06.369606" elapsed="0.000855"/>
</kw>
<doc>Creates an HTTP session for ParaBank API</doc>
<status status="PASS" start="2026-06-18T17:15:06.364927" elapsed="0.006848"/>
</kw>
<kw name="Get Customer Accounts" owner="api_keywords">
<kw name="Log To Console" owner="BuiltIn">
<arg>Getting customer accounts</arg>
<doc>Logs the given message to the console.</doc>
<status status="PASS" start="2026-06-18T17:15:06.373343" elapsed="0.000894"/>
</kw>
<kw name="GET On Session" owner="RequestsLibrary">
<msg time="2026-06-18T17:15:09.900073" level="INFO">GET Request : url=https://parabank.parasoft.com/parabank/services/bank/customers/12212/accounts 
 path_url=/parabank/services/bank/customers/12212/accounts 
 headers={'User-Agent': 'python-requests/2.34.2', 'Accept-Encoding': 'gzip, deflate, zstd', 'Accept': 'application/json', 'Connection': 'keep-alive'} 
 body=None 
 </msg>
<msg time="2026-06-18T17:15:09.901668" level="INFO">GET Response : url=https://parabank.parasoft.com/parabank/services/bank/customers/12212/accounts 
 status=200, reason=OK 
 headers={'Date': 'Thu, 18 Jun 2026 11:45:08 GMT', 'Content-Type': 'application/json', 'Transfer-Encoding': 'chunked', 'Connection': 'keep-alive', 'Server': 'cloudflare', 'cf-cache-status': 'DYNAMIC', 'X-Content-Type-Options': 'nosniff', 'Content-Encoding': 'gzip', 'CF-RAY': 'a0da0bc7ae29d39a-FRA'} 
 body=[{"id":13344,"customerId":12212,"type":"CHECKING","balance":-5077.07},{"id":14565,"customerId":12212,"type":"SAVINGS","balance":100.00}] 
 </msg>
<msg time="2026-06-18T17:15:09.901887" level="INFO">I:\CAPSTONE\.venv\Lib\site-packages\urllib3\connectionpool.py:1110: InsecureRequestWarning: Unverified HTTPS request is being made to host 'parabank.parasoft.com'. Adding certificate verification is strongly advised. See: https://urllib3.readthedocs.io/en/latest/advanced-usage.html#tls-warnings
  warnings.warn(</msg>
<msg time="2026-06-18T17:15:09.903586" level="INFO">${response} = &lt;Response [200]&gt;</msg>
<var>${response}</var>
<arg>parabank</arg>
<arg>/customers/${customerId}/accounts</arg>
<doc>Sends a GET request on a previously created HTTP Session.</doc>
<status status="PASS" start="2026-06-18T17:15:06.374716" elapsed="3.528987"/>
</kw>
<return>
<value>${response}</value>
<status status="PASS" start="2026-06-18T17:15:09.905768" elapsed="0.000212"/>
</return>
<msg time="2026-06-18T17:15:09.906505" level="INFO">${response} = &lt;Response [200]&gt;</msg>
<var>${response}</var>
<arg>${CUSTOMER_ID}</arg>
<doc>Gets accounts for a customer ID</doc>
<status status="PASS" start="2026-06-18T17:15:06.372612" elapsed="3.533971"/>
</kw>
<kw name="Set Variable" owner="BuiltIn">
<msg time="2026-06-18T17:15:09.909974" level="INFO">${accounts} = [{'id': 13344, 'customerId': 12212, 'type': 'CHECKING', 'balance': -5077.07}, {'id': 14565, 'customerId': 12212, 'type': 'SAVINGS', 'balance': 100.0}]</msg>
<var>${accounts}</var>
<arg>${response.json()}</arg>
<doc>Returns the given values which can then be assigned to a variables.</doc>
<status status="PASS" start="2026-06-18T17:15:09.907903" elapsed="0.002182"/>
</kw>
<kw name="Get Length" owner="BuiltIn">
<msg time="2026-06-18T17:15:09.925904" level="INFO">Length is 2.</msg>
<msg time="2026-06-18T17:15:09.926128" level="INFO">${length} = 2</msg>
<var>${length}</var>
<arg>${accounts}</arg>
<doc>Returns and logs the length of the given item as an integer.</doc>
<status status="PASS" start="2026-06-18T17:15:09.925122" elapsed="0.001082"/>
</kw>
<if>
<branch type="IF" condition="${length} &lt; 2">
<kw name="Log To Console" owner="BuiltIn">
<arg>Creating secondary account</arg>
<doc>Logs the given message to the console.</doc>
<status status="NOT RUN" start="2026-06-18T17:15:09.928015" elapsed="0.000119"/>
</kw>
<kw name="Set Variable" owner="BuiltIn">
<var>${from_id}</var>
<arg>${accounts[0]['id']}</arg>
<doc>Returns the given values which can then be assigned to a variables.</doc>
<status status="NOT RUN" start="2026-06-18T17:15:09.928495" elapsed="0.000090"/>
</kw>
<kw name="Create Dictionary" owner="BuiltIn">
<var>${create_params}</var>
<arg>customerId=${CUSTOMER_ID}</arg>
<arg>newAccountType=1</arg>
<arg>fromAccountId=${from_id}</arg>
<doc>Creates and returns a dictionary based on the given ``items``.</doc>
<status status="NOT RUN" start="2026-06-18T17:15:09.928939" elapsed="0.000089"/>
</kw>
<kw name="POST On Session" owner="RequestsLibrary">
<var>${create_resp}</var>
<arg>parabank</arg>
<arg>/createAccount</arg>
<arg>params=${create_params}</arg>
<doc>Sends a POST request on a previously created HTTP Session.</doc>
<status status="NOT RUN" start="2026-06-18T17:15:09.929371" elapsed="0.000084"/>
</kw>
<kw name="Get Customer Accounts" owner="api_keywords">
<var>${response}</var>
<arg>${CUSTOMER_ID}</arg>
<doc>Gets accounts for a customer ID</doc>
<status status="NOT RUN" start="2026-06-18T17:15:09.929905" elapsed="0.000100"/>
</kw>
<kw name="Set Variable" owner="BuiltIn">
<var>${accounts}</var>
<arg>${response.json()}</arg>
<doc>Returns the given values which can then be assigned to a variables.</doc>
<status status="NOT RUN" start="2026-06-18T17:15:09.930346" elapsed="0.000104"/>
</kw>
<status status="NOT RUN" start="2026-06-18T17:15:09.927472" elapsed="0.003186"/>
</branch>
<status status="PASS" start="2026-06-18T17:15:09.927416" elapsed="0.003454"/>
</if>
<kw name="Set Variable" owner="BuiltIn">
<msg time="2026-06-18T17:15:09.932661" level="INFO">${acc1} = 13344</msg>
<var>${acc1}</var>
<arg>${accounts[0]['id']}</arg>
<doc>Returns the given values which can then be assigned to a variables.</doc>
<status status="PASS" start="2026-06-18T17:15:09.931015" elapsed="0.001728"/>
</kw>
<kw name="Set Variable" owner="BuiltIn">
<msg time="2026-06-18T17:15:09.935330" level="INFO">${acc2} = 14565</msg>
<var>${acc2}</var>
<arg>${accounts[1]['id']}</arg>
<doc>Returns the given values which can then be assigned to a variables.</doc>
<status status="PASS" start="2026-06-18T17:15:09.934104" elapsed="0.001307"/>
</kw>
<kw name="Convert To String" owner="BuiltIn">
<msg time="2026-06-18T17:15:09.937248" level="INFO">${acc1_str} = 13344</msg>
<var>${acc1_str}</var>
<arg>${acc1}</arg>
<doc>Converts the given item to a Unicode string.</doc>
<status status="PASS" start="2026-06-18T17:15:09.936621" elapsed="0.000714"/>
</kw>
<kw name="Convert To String" owner="BuiltIn">
<msg time="2026-06-18T17:15:09.939725" level="INFO">${acc2_str} = 14565</msg>
<var>${acc2_str}</var>
<arg>${acc2}</arg>
<doc>Converts the given item to a Unicode string.</doc>
<status status="PASS" start="2026-06-18T17:15:09.939115" elapsed="0.000687"/>
</kw>
<kw name="Set Global Variable" owner="BuiltIn">
<msg time="2026-06-18T17:15:09.941979" level="INFO">${UI_FROM_ACCOUNT} = 13344</msg>
<arg>${UI_FROM_ACCOUNT}</arg>
<arg>${acc1_str}</arg>
<doc>Makes a variable available globally in all tests and suites.</doc>
<status status="PASS" start="2026-06-18T17:15:09.941035" elapsed="0.001041"/>
</kw>
<kw name="Set Global Variable" owner="BuiltIn">
<msg time="2026-06-18T17:15:09.943890" level="INFO">${UI_TO_ACCOUNT} = 14565</msg>
<arg>${UI_TO_ACCOUNT}</arg>
<arg>${acc2_str}</arg>
<doc>Makes a variable available globally in all tests and suites.</doc>
<status status="PASS" start="2026-06-18T17:15:09.943191" elapsed="0.000810"/>
</kw>
<kw name="Set Global Variable" owner="BuiltIn">
<msg time="2026-06-18T17:15:09.946024" level="INFO">${ACCOUNT_ID} = 13344</msg>
<arg>${ACCOUNT_ID}</arg>
<arg>${acc1_str}</arg>
<doc>Makes a variable available globally in all tests and suites.</doc>
<status status="PASS" start="2026-06-18T17:15:09.945267" elapsed="0.000852"/>
</kw>
<kw name="Set Global Variable" owner="BuiltIn">
<msg time="2026-06-18T17:15:09.948540" level="INFO">${ACCOUNT_ID_2} = 14565</msg>
<arg>${ACCOUNT_ID_2}</arg>
<arg>${acc2_str}</arg>
<doc>Makes a variable available globally in all tests and suites.</doc>
<status status="PASS" start="2026-06-18T17:15:09.947733" elapsed="0.000959"/>
</kw>
<kw name="Log To Console" owner="BuiltIn">
<arg>Accounts resolved</arg>
<doc>Logs the given message to the console.</doc>
<status status="PASS" start="2026-06-18T17:15:09.949876" elapsed="0.000780"/>
</kw>
<doc>Loads target environment config and resolves active account IDs</doc>
<status status="PASS" start="2026-06-18T17:15:06.343347" elapsed="3.607684"/>
</kw>
<kw name="Create Session To API" owner="api_keywords">
<kw name="Log To Console" owner="BuiltIn">
<arg>Creating API session</arg>
<doc>Logs the given message to the console.</doc>
<status status="PASS" start="2026-06-18T17:15:09.951890" elapsed="0.000593"/>
</kw>
<kw name="Create Dictionary" owner="BuiltIn">
<msg time="2026-06-18T17:15:09.953536" level="INFO">${headers} = {'Accept': 'application/json'}</msg>
<var>${headers}</var>
<arg>Accept=application/json</arg>
<doc>Creates and returns a dictionary based on the given ``items``.</doc>
<status status="PASS" start="2026-06-18T17:15:09.952960" elapsed="0.000654"/>
</kw>
<kw name="Create Session" owner="RequestsLibrary">
<msg time="2026-06-18T17:15:09.955345" level="INFO">Creating Session using : alias=parabank, url=https://parabank.parasoft.com/parabank/services/bank, headers={'Accept': 'application/json'},                     cookies={}, auth=None, timeout=None, proxies=None, verify=False,                     debug=0 </msg>
<arg>parabank</arg>
<arg>${API_BASE_URL}</arg>
<arg>headers=${headers}</arg>
<arg>verify=False</arg>
<doc>Create Session: create a HTTP session to a server</doc>
<status status="PASS" start="2026-06-18T17:15:09.954841" elapsed="0.000797"/>
</kw>
<doc>Creates an HTTP session for ParaBank API</doc>
<status status="PASS" start="2026-06-18T17:15:09.951493" elapsed="0.005246"/>
</kw>
<doc>Loads environment and creates API session</doc>
<status status="PASS" start="2026-06-18T17:15:06.342611" elapsed="3.614432"/>
</kw>
<test id="s1-s1-s4-t1" name="TC_API_04" line="8">
<kw name="Log To Console" owner="BuiltIn">
<arg>Starting test case</arg>
<doc>Logs the given message to the console.</doc>
<status status="PASS" start="2026-06-18T17:15:09.958324" elapsed="0.000782"/>
</kw>
<kw name="Transfer Funds API" owner="api_keywords">
<kw name="Log To Console" owner="BuiltIn">
<arg>Transferring funds via API</arg>
<doc>Logs the given message to the console.</doc>
<status status="PASS" start="2026-06-18T17:15:09.960724" elapsed="0.000615"/>
</kw>
<kw name="Create Dictionary" owner="BuiltIn">
<msg time="2026-06-18T17:15:09.962735" level="INFO">${q_params} = {'fromAccountId': '13344', 'toAccountId': '14565', 'amount': '150'}</msg>
<var>${q_params}</var>
<arg>fromAccountId=${fromAccountId}</arg>
<arg>toAccountId=${toAccountId}</arg>
<arg>amount=${amount}</arg>
<doc>Creates and returns a dictionary based on the given ``items``.</doc>
<status status="PASS" start="2026-06-18T17:15:09.961873" elapsed="0.000961"/>
</kw>
<kw name="POST On Session" owner="RequestsLibrary">
<msg time="2026-06-18T17:15:24.317399" level="INFO">POST Request : url=https://parabank.parasoft.com/parabank/services/bank/transfer?fromAccountId=13344&amp;toAccountId=14565&amp;amount=150 
 path_url=/parabank/services/bank/transfer?fromAccountId=13344&amp;toAccountId=14565&amp;amount=150 
 headers={'User-Agent': 'python-requests/2.34.2', 'Accept-Encoding': 'gzip, deflate, zstd', 'Accept': 'application/json', 'Connection': 'keep-alive', 'Content-Length': '0'} 
 body=None 
 </msg>
<msg time="2026-06-18T17:15:24.317647" level="INFO">POST Response : url=https://parabank.parasoft.com/parabank/services/bank/transfer?fromAccountId=13344&amp;toAccountId=14565&amp;amount=150 
 status=200, reason=OK 
 headers={'Date': 'Thu, 18 Jun 2026 11:45:12 GMT', 'Content-Type': 'application/json', 'Transfer-Encoding': 'chunked', 'Connection': 'keep-alive', 'Server': 'cloudflare', 'cf-cache-status': 'DYNAMIC', 'X-Content-Type-Options': 'nosniff', 'Content-Encoding': 'gzip', 'CF-RAY': 'a0da0be23feb30d8-FRA'} 
 body=Successfully transferred $150 from account #13344 to account #14565 
 </msg>
<msg time="2026-06-18T17:15:24.317785" level="INFO">I:\CAPSTONE\.venv\Lib\site-packages\urllib3\connectionpool.py:1110: InsecureRequestWarning: Unverified HTTPS request is being made to host 'parabank.parasoft.com'. Adding certificate verification is strongly advised. See: https://urllib3.readthedocs.io/en/latest/advanced-usage.html#tls-warnings
  warnings.warn(</msg>
<msg time="2026-06-18T17:15:24.318869" level="INFO">${response} = &lt;Response [200]&gt;</msg>
<var>${response}</var>
<arg>parabank</arg>
<arg>/transfer</arg>
<arg>params=${q_params}</arg>
<doc>Sends a POST request on a previously created HTTP Session.</doc>
<status status="PASS" start="2026-06-18T17:15:09.964708" elapsed="14.354286"/>
</kw>
<return>
<value>${response}</value>
<status status="PASS" start="2026-06-18T17:15:24.321022" elapsed="0.000181"/>
</return>
<msg time="2026-06-18T17:15:24.321690" level="INFO">${response} = &lt;Response [200]&gt;</msg>
<var>${response}</var>
<arg>${ACCOUNT_ID}</arg>
<arg>${ACCOUNT_ID_2}</arg>
<arg>150</arg>
<doc>Transfers funds via API</doc>
<status status="PASS" start="2026-06-18T17:15:09.960111" elapsed="14.361640"/>
</kw>
<kw name="Verify Response Code" owner="api_keywords">
<kw name="Log To Console" owner="BuiltIn">
<arg>Checking response status</arg>
<doc>Logs the given message to the console.</doc>
<status status="PASS" start="2026-06-18T17:15:24.324594" elapsed="0.000858"/>
</kw>
<kw name="Should Be Equal As Integers" owner="BuiltIn">
<msg time="2026-06-18T17:15:24.327360" level="INFO">Argument types are:
&lt;class 'int'&gt;
&lt;class 'str'&gt;</msg>
<arg>${response.status_code}</arg>
<arg>${code}</arg>
<doc>Fails if objects are unequal after converting them to integers.</doc>
<status status="PASS" start="2026-06-18T17:15:24.326058" elapsed="0.001423"/>
</kw>
<arg>${response}</arg>
<arg>200</arg>
<doc>Checks if response code is correct</doc>
<status status="PASS" start="2026-06-18T17:15:24.323680" elapsed="0.005032"/>
</kw>
<kw name="Log To Console" owner="BuiltIn">
<arg>Validating response</arg>
<doc>Logs the given message to the console.</doc>
<status status="PASS" start="2026-06-18T17:15:24.329578" elapsed="0.001324"/>
</kw>
<kw name="Should Contain" owner="BuiltIn">
<arg>${response.text}</arg>
<arg>Successfully transferred</arg>
<doc>Fails if ``container`` does not contain ``item`` one or more times.</doc>
<status status="PASS" start="2026-06-18T17:15:24.331745" elapsed="0.001445"/>
</kw>
<kw name="Log To Console" owner="BuiltIn">
<arg>Test completed</arg>
<doc>Logs the given message to the console.</doc>
<status status="PASS" start="2026-06-18T17:15:24.334536" elapsed="0.000757"/>
</kw>
<doc>Verify fund transfer via API</doc>
<tag>api</tag>
<tag>regression</tag>
<status status="PASS" start="2026-06-18T17:15:09.957304" elapsed="14.379133"/>
</test>
<doc>API test suite for transferring funds</doc>
<status status="PASS" start="2026-06-18T17:15:06.328725" elapsed="18.015396"/>
</suite>
<suite id="s1-s1-s5" name="TC-API-05" source="I:\CAPSTONE\tests\api\TC-API-05.robot">
<kw name="Load Environment And Create Session To API" owner="common_keywords" type="SETUP">
<kw name="Load Environment" owner="common_keywords">
<kw name="Log To Console" owner="BuiltIn">
<arg>Loading environment</arg>
<doc>Logs the given message to the console.</doc>
<status status="PASS" start="2026-06-18T17:15:24.387596" elapsed="0.000635"/>
</kw>
<kw name="Load Env" owner="environment">
<arg>${ENV}</arg>
<status status="PASS" start="2026-06-18T17:15:24.388717" elapsed="0.002435"/>
</kw>
<kw name="Get Env" owner="environment">
<msg time="2026-06-18T17:15:24.392069" level="INFO">${url} = https://parabank.parasoft.com</msg>
<var>${url}</var>
<arg>baseurl</arg>
<status status="PASS" start="2026-06-18T17:15:24.391548" elapsed="0.000661"/>
</kw>
<kw name="Get Env" owner="environment">
<msg time="2026-06-18T17:15:24.394459" level="INFO">${username} = john</msg>
<var>${username}</var>
<arg>user_id</arg>
<status status="PASS" start="2026-06-18T17:15:24.394034" elapsed="0.000487"/>
</kw>
<kw name="Get Env" owner="environment">
[...]
  warnings.warn(</msg>
<msg time="2026-06-18T17:21:52.012599" level="INFO">${response} = &lt;Response [200]&gt;</msg>
<var>${response}</var>
<arg>parabank</arg>
<arg>/customers/${customerId}/accounts</arg>
<doc>Sends a GET request on a previously created HTTP Session.</doc>
<status status="PASS" start="2026-06-18T17:21:48.819349" elapsed="3.193320"/>
</kw>
<return>
<value>${response}</value>
<status status="PASS" start="2026-06-18T17:21:52.028593" elapsed="0.000356"/>
</return>
<msg time="2026-06-18T17:21:52.029802" level="INFO">${response} = &lt;Response [200]&gt;</msg>
<var>${response}</var>
<arg>${CUSTOMER_ID}</arg>
<doc>Gets accounts for a customer ID</doc>
<status status="PASS" start="2026-06-18T17:21:48.817435" elapsed="3.212447"/>
</kw>
<kw name="Set Variable" owner="BuiltIn">
<msg time="2026-06-18T17:21:52.035536" level="INFO">${accounts} = [{'id': 13344, 'customerId': 12212, 'type': 'CHECKING', 'balance': -50001007332.07}, {'id': 14565, 'customerId': 12212, 'type': 'SAVINGS', 'balance': 50001001655.0}, {'id': 15564, 'customerId': 12212,...</msg>
<var>${accounts}</var>
<arg>${response.json()}</arg>
<doc>Returns the given values which can then be assigned to a variables.</doc>
<status status="PASS" start="2026-06-18T17:21:52.031405" elapsed="0.004202"/>
</kw>
<kw name="Get Length" owner="BuiltIn">
<msg time="2026-06-18T17:21:52.037750" level="INFO">Length is 9.</msg>
<msg time="2026-06-18T17:21:52.037893" level="INFO">${length} = 9</msg>
<var>${length}</var>
<arg>${accounts}</arg>
<doc>Returns and logs the length of the given item as an integer.</doc>
<status status="PASS" start="2026-06-18T17:21:52.037175" elapsed="0.000780"/>
</kw>
<if>
<branch type="IF" condition="${length} &lt; 2">
<kw name="Log To Console" owner="BuiltIn">
<arg>Creating secondary account</arg>
<doc>Logs the given message to the console.</doc>
<status status="NOT RUN" start="2026-06-18T17:21:52.039541" elapsed="0.000103"/>
</kw>
<kw name="Set Variable" owner="BuiltIn">
<var>${from_id}</var>
<arg>${accounts[0]['id']}</arg>
<doc>Returns the given values which can then be assigned to a variables.</doc>
<status status="NOT RUN" start="2026-06-18T17:21:52.040466" elapsed="0.000166"/>
</kw>
<kw name="Create Dictionary" owner="BuiltIn">
<var>${create_params}</var>
<arg>customerId=${CUSTOMER_ID}</arg>
<arg>newAccountType=1</arg>
<arg>fromAccountId=${from_id}</arg>
<doc>Creates and returns a dictionary based on the given ``items``.</doc>
<status status="NOT RUN" start="2026-06-18T17:21:52.041167" elapsed="0.000099"/>
</kw>
<kw name="POST On Session" owner="RequestsLibrary">
<var>${create_resp}</var>
<arg>parabank</arg>
<arg>/createAccount</arg>
<arg>params=${create_params}</arg>
<doc>Sends a POST request on a previously created HTTP Session.</doc>
<status status="NOT RUN" start="2026-06-18T17:21:52.041632" elapsed="0.000089"/>
</kw>
<kw name="Get Customer Accounts" owner="api_keywords">
<var>${response}</var>
<arg>${CUSTOMER_ID}</arg>
<doc>Gets accounts for a customer ID</doc>
<status status="NOT RUN" start="2026-06-18T17:21:52.042193" elapsed="0.000101"/>
</kw>
<kw name="Set Variable" owner="BuiltIn">
<var>${accounts}</var>
<arg>${response.json()}</arg>
<doc>Returns the given values which can then be assigned to a variables.</doc>
<status status="NOT RUN" start="2026-06-18T17:21:52.042619" elapsed="0.000084"/>
</kw>
<status status="NOT RUN" start="2026-06-18T17:21:52.039080" elapsed="0.003832"/>
</branch>
<status status="PASS" start="2026-06-18T17:21:52.039022" elapsed="0.004105"/>
</if>
<kw name="Set Variable" owner="BuiltIn">
<msg time="2026-06-18T17:21:52.044759" level="INFO">${acc1} = 13344</msg>
<var>${acc1}</var>
<arg>${accounts[0]['id']}</arg>
<doc>Returns the given values which can then be assigned to a variables.</doc>
<status status="PASS" start="2026-06-18T17:21:52.043300" elapsed="0.001555"/>
</kw>
<kw name="Set Variable" owner="BuiltIn">
<msg time="2026-06-18T17:21:52.048029" level="INFO">${acc2} = 14565</msg>
<var>${acc2}</var>
<arg>${accounts[1]['id']}</arg>
<doc>Returns the given values which can then be assigned to a variables.</doc>
<status status="PASS" start="2026-06-18T17:21:52.046715" elapsed="0.001396"/>
</kw>
<kw name="Convert To String" owner="BuiltIn">
<msg time="2026-06-18T17:21:52.049934" level="INFO">${acc1_str} = 13344</msg>
<var>${acc1_str}</var>
<arg>${acc1}</arg>
<doc>Converts the given item to a Unicode string.</doc>
<status status="PASS" start="2026-06-18T17:21:52.049295" elapsed="0.000726"/>
</kw>
<kw name="Convert To String" owner="BuiltIn">
<msg time="2026-06-18T17:21:52.052117" level="INFO">${acc2_str} = 14565</msg>
<var>${acc2_str}</var>
<arg>${acc2}</arg>
<doc>Converts the given item to a Unicode string.</doc>
<status status="PASS" start="2026-06-18T17:21:52.051411" elapsed="0.000770"/>
</kw>
<kw name="Set Global Variable" owner="BuiltIn">
<msg time="2026-06-18T17:21:52.054055" level="INFO">${UI_FROM_ACCOUNT} = 13344</msg>
<arg>${UI_FROM_ACCOUNT}</arg>
<arg>${acc1_str}</arg>
<doc>Makes a variable available globally in all tests and suites.</doc>
<status status="PASS" start="2026-06-18T17:21:52.053356" elapsed="0.000808"/>
</kw>
<kw name="Set Global Variable" owner="BuiltIn">
<msg time="2026-06-18T17:21:52.056260" level="INFO">${UI_TO_ACCOUNT} = 14565</msg>
<arg>${UI_TO_ACCOUNT}</arg>
<arg>${acc2_str}</arg>
<doc>Makes a variable available globally in all tests and suites.</doc>
<status status="PASS" start="2026-06-18T17:21:52.055613" elapsed="0.000733"/>
</kw>
<kw name="Set Global Variable" owner="BuiltIn">
<msg time="2026-06-18T17:21:52.058156" level="INFO">${ACCOUNT_ID} = 13344</msg>
<arg>${ACCOUNT_ID}</arg>
<arg>${acc1_str}</arg>
<doc>Makes a variable available globally in all tests and suites.</doc>
<status status="PASS" start="2026-06-18T17:21:52.057493" elapsed="0.000747"/>
</kw>
<kw name="Set Global Variable" owner="BuiltIn">
<msg time="2026-06-18T17:21:52.060546" level="INFO">${ACCOUNT_ID_2} = 14565</msg>
<arg>${ACCOUNT_ID_2}</arg>
<arg>${acc2_str}</arg>
<doc>Makes a variable available globally in all tests and suites.</doc>
<status status="PASS" start="2026-06-18T17:21:52.059556" elapsed="0.001129"/>
</kw>
<kw name="Log To Console" owner="BuiltIn">
<arg>Accounts resolved</arg>
<doc>Logs the given message to the console.</doc>
<status status="PASS" start="2026-06-18T17:21:52.062304" elapsed="0.000725"/>
</kw>
<doc>Loads target environment config and resolves active account IDs</doc>
<status status="PASS" start="2026-06-18T17:21:48.788979" elapsed="3.274461"/>
</kw>
<kw name="Open Application" owner="common_keywords">
<kw name="Log To Console" owner="BuiltIn">
<arg>Opening application</arg>
<doc>Logs the given message to the console.</doc>
<status status="PASS" start="2026-06-18T17:21:52.064393" elapsed="0.000666"/>
</kw>
<kw name="Should Not Be Empty" owner="BuiltIn">
<msg time="2026-06-18T17:21:52.066350" level="INFO">Length is 29.</msg>
<arg>${BASE_URL}</arg>
<arg>Base URL must not be empty. Please set it in config/environment.yaml</arg>
<doc>Verifies that the given item is not empty.</doc>
<status status="PASS" start="2026-06-18T17:21:52.065728" elapsed="0.000722"/>
</kw>
<kw name="Open Browser" owner="SeleniumLibrary">
<msg time="2026-06-18T17:21:52.068508" level="INFO">Opening browser 'chrome' to base url 'https://parabank.parasoft.com'.</msg>
<arg>${BASE_URL}</arg>
<arg>${BROWSER}</arg>
<doc>Opens a new browser instance to the optional ``url``.</doc>
<status status="PASS" start="2026-06-18T17:21:52.068088" elapsed="23.051711"/>
</kw>
<kw name="Maximize Browser Window" owner="SeleniumLibrary">
<doc>Maximizes current browser window.</doc>
<status status="PASS" start="2026-06-18T17:22:15.122371" elapsed="0.048489"/>
</kw>
<kw name="Sleep" owner="BuiltIn">
<msg time="2026-06-18T17:22:17.173175" level="INFO">Slept 2 seconds.</msg>
<arg>2s</arg>
<doc>Pauses the test executed for the given time.</doc>
<status status="PASS" start="2026-06-18T17:22:15.171808" elapsed="2.001637"/>
</kw>
<doc>Opens browser and loads application page</doc>
<status status="PASS" start="2026-06-18T17:21:52.063911" elapsed="25.111053"/>
</kw>
<kw name="Login" owner="common_keywords">
<kw name="Log To Console" owner="BuiltIn">
<arg>Logging in</arg>
<doc>Logs the given message to the console.</doc>
<status status="PASS" start="2026-06-18T17:22:17.176729" elapsed="0.000949"/>
</kw>
<kw name="Input Text" owner="SeleniumLibrary">
<msg time="2026-06-18T17:22:17.178904" level="INFO">Typing text 'john' into text field 'xpath=//div[@class="login"]//input[@type="text"]'.</msg>
<arg>${USERNAME_FIELD}</arg>
<arg>${USERNAME}</arg>
<doc>Types the given ``text`` into the text field identified by ``locator``.</doc>
<status status="PASS" start="2026-06-18T17:22:17.178295" elapsed="0.160582"/>
</kw>
<kw name="Input Text" owner="SeleniumLibrary">
<msg time="2026-06-18T17:22:17.342450" level="INFO">Typing text 'demo' into text field 'xpath=//div[@class="login"]//input[@type="password"]'.</msg>
<arg>${PASSWORD_FIELD}</arg>
<arg>${PASSWORD}</arg>
<doc>Types the given ``text`` into the text field identified by ``locator``.</doc>
<status status="PASS" start="2026-06-18T17:22:17.341315" elapsed="0.160795"/>
</kw>
<kw name="Click Element" owner="SeleniumLibrary">
<msg time="2026-06-18T17:22:17.518079" level="INFO">Clicking element 'xpath=//div[@class="login"]//input[@type="submit"]'.</msg>
<arg>${LOGIN_BUTTON}</arg>
<doc>Click the element identified by ``locator``.</doc>
<status status="PASS" start="2026-06-18T17:22:17.517195" elapsed="3.799688"/>
</kw>
<kw name="Sleep" owner="BuiltIn">
<msg time="2026-06-18T17:22:23.320161" level="INFO">Slept 2 seconds.</msg>
<arg>2s</arg>
<doc>Pauses the test executed for the given time.</doc>
<status status="PASS" start="2026-06-18T17:22:21.319171" elapsed="2.001276"/>
</kw>
<doc>Logs in with credentials</doc>
<status status="PASS" start="2026-06-18T17:22:17.175781" elapsed="6.146580"/>
</kw>
<doc>Opens application and logs in</doc>
<status status="PASS" start="2026-06-18T17:21:48.787746" elapsed="34.535069"/>
</kw>
<kw name="Log To Console" owner="BuiltIn">
<arg>Starting test case</arg>
<doc>Logs the given message to the console.</doc>
<status status="PASS" start="2026-06-18T17:22:23.323890" elapsed="0.000788"/>
</kw>
<kw name="Log To Console" owner="BuiltIn">
<arg>Navigating to transfer funds</arg>
<doc>Logs the given message to the console.</doc>
<status status="PASS" start="2026-06-18T17:22:23.325820" elapsed="0.000691"/>
</kw>
<kw name="Click Transfer Funds" owner="home_page">
<kw name="Log To Console" owner="BuiltIn">
<arg>Navigating to transfer funds</arg>
<doc>Logs the given message to the console.</doc>
<status status="PASS" start="2026-06-18T17:22:23.328255" elapsed="0.000733"/>
</kw>
<kw name="Click Element" owner="SeleniumLibrary">
<msg time="2026-06-18T17:22:23.330012" level="INFO">Clicking element 'xpath=//a[contains(text(),'Transfer Funds')]'.</msg>
<arg>${TRANSFER_FUNDS_URL}</arg>
<doc>Click the element identified by ``locator``.</doc>
<status status="PASS" start="2026-06-18T17:22:23.329465" elapsed="1.185815"/>
</kw>
<doc>Clicks the transfer funds link</doc>
<status status="PASS" start="2026-06-18T17:22:23.327742" elapsed="1.189392"/>
</kw>
<kw name="Sleep" owner="BuiltIn">
<msg time="2026-06-18T17:22:25.520710" level="INFO">Slept 1 second.</msg>
<arg>1s</arg>
<doc>Pauses the test executed for the given time.</doc>
<status status="PASS" start="2026-06-18T17:22:24.518561" elapsed="1.002469"/>
</kw>
<kw name="Location Should Contain" owner="SeleniumLibrary">
<msg time="2026-06-18T17:22:25.547961" level="INFO">Current location contains 'transfer'.</msg>
<arg>transfer</arg>
<doc>Verifies that the current URL contains ``expected``.</doc>
<status status="PASS" start="2026-06-18T17:22:25.538242" elapsed="0.009883"/>
</kw>
<kw name="Log To Console" owner="BuiltIn">
<arg>Entering amount</arg>
<doc>Logs the given message to the console.</doc>
<status status="PASS" start="2026-06-18T17:22:25.550047" elapsed="0.000718"/>
</kw>
<kw name="Input Text" owner="SeleniumLibrary">
<msg time="2026-06-18T17:22:25.552149" level="INFO">Typing text '100000000' into text field 'xpath=//input[@id="amount"]'.</msg>
<arg>${AMOUNT_FIELD}</arg>
<arg>100000000</arg>
<doc>Types the given ``text`` into the text field identified by ``locator``.</doc>
<status status="PASS" start="2026-06-18T17:22:25.551641" elapsed="0.151746"/>
</kw>
<kw name="Log To Console" owner="BuiltIn">
<arg>Selecting source account</arg>
<doc>Logs the given message to the console.</doc>
<status status="PASS" start="2026-06-18T17:22:25.705933" elapsed="0.000822"/>
</kw>
<kw name="Wait Until Page Contains Element" owner="SeleniumLibrary">
<arg>${FROM_ACCOUNT_DROPDOWN}/option[@value="${UI_FROM_ACCOUNT}"]</arg>
<arg>timeout=10s</arg>
<doc>Waits until the element ``locator`` appears on the current page.</doc>
<status status="PASS" start="2026-06-18T17:22:25.708225" elapsed="0.020903"/>
</kw>
<kw name="Select From List By Value" owner="SeleniumLibrary">
<msg time="2026-06-18T17:22:25.731283" level="INFO">Selecting options from selection list 'xpath=//select[@id="fromAccountId"]' by value 13344.</msg>
<arg>${FROM_ACCOUNT_DROPDOWN}</arg>
<arg>${UI_FROM_ACCOUNT}</arg>
<doc>Selects options from selection list ``locator`` by ``values``.</doc>
<status status="PASS" start="2026-06-18T17:22:25.730565" elapsed="0.084230"/>
</kw>
<kw name="Log To Console" owner="BuiltIn">
<arg>Selecting destination account</arg>
<doc>Logs the given message to the console.</doc>
<status status="PASS" start="2026-06-18T17:22:25.817226" elapsed="0.000801"/>
</kw>
<kw name="Wait Until Page Contains Element" owner="SeleniumLibrary">
<msg time="2026-06-18T17:22:36.110945" level="INFO" html="true">&lt;/td&gt;&lt;/tr&gt;&lt;tr&gt;&lt;td colspan="3"&gt;&lt;a href="selenium-screenshot-35.png"&gt;&lt;img src="selenium-screenshot-35.png" width="800px"&gt;&lt;/a&gt;</msg>
<msg time="2026-06-18T17:22:36.111379" level="FAIL">Element 'xpath=//select[@id="toAccountId"]/option[@value="14565"]' did not appear in 10 seconds.</msg>
<arg>${TO_ACCOUNT_DROPDOWN}/option[@value="${UI_TO_ACCOUNT}"]</arg>
<arg>timeout=10s</arg>
<doc>Waits until the element ``locator`` appears on the current page.</doc>
<status status="FAIL" start="2026-06-18T17:22:25.819029" elapsed="10.297202">Element 'xpath=//select[@id="toAccountId"]/option[@value="14565"]' did not appear in 10 seconds.</status>
</kw>
<kw name="Select From List By Value" owner="SeleniumLibrary">
<arg>${TO_ACCOUNT_DROPDOWN}</arg>
<arg>${UI_TO_ACCOUNT}</arg>
<doc>Selects options from selection list ``locator`` by ``values``.</doc>
<status status="NOT RUN" start="2026-06-18T17:22:36.118407" elapsed="0.000186"/>
</kw>
<kw name="Log To Console" owner="BuiltIn">
<arg>Transferring funds with overdraft amount</arg>
<doc>Logs the given message to the console.</doc>
<status status="NOT RUN" start="2026-06-18T17:22:36.119563" elapsed="0.000131"/>
</kw>
<kw name="Click Transfer Button" owner="transfer_funds_page">
<doc>Clicks the transfer button</doc>
<status status="NOT RUN" start="2026-06-18T17:22:36.120688" elapsed="0.000138"/>
</kw>
<kw name="Sleep" owner="BuiltIn">
<arg>2s</arg>
<doc>Pauses the test executed for the given time.</doc>
<status status="NOT RUN" start="2026-06-18T17:22:36.121810" elapsed="0.000138"/>
</kw>
<kw name="Log To Console" owner="BuiltIn">
<arg>Validating response</arg>
<doc>Logs the given message to the console.</doc>
<status status="NOT RUN" start="2026-06-18T17:22:36.122860" elapsed="0.000124"/>
</kw>
<kw name="Page Should Contain" owner="SeleniumLibrary">
<arg>Error</arg>
<doc>Verifies that current page contains ``text``.</doc>
<status status="NOT RUN" start="2026-06-18T17:22:36.123688" elapsed="0.000117"/>
</kw>
<kw name="Log To Console" owner="BuiltIn">
<arg>Test completed</arg>
<doc>Logs the given message to the console.</doc>
<status status="NOT RUN" start="2026-06-18T17:22:36.124673" elapsed="0.000167"/>
</kw>
<kw name="Close Application" owner="common_keywords" type="TEARDOWN">
<kw name="Log To Console" owner="BuiltIn">
<arg>Closing browser</arg>
<doc>Logs the given message to the console.</doc>
<status status="PASS" start="2026-06-18T17:22:36.126999" elapsed="0.001224"/>
</kw>
<kw name="Close All Browsers" owner="SeleniumLibrary">
<doc>Closes all open browsers and resets the browser cache.</doc>
<status status="PASS" start="2026-06-18T17:22:36.128898" elapsed="2.526647"/>
</kw>
<doc>Closes the browser</doc>
<status status="PASS" start="2026-06-18T17:22:36.126001" elapsed="2.530136"/>
</kw>
<doc>Verify overdraft funds transfer rejection</doc>
<tag>regression</tag>
<tag>ui</tag>
<status status="FAIL" start="2026-06-18T17:21:48.786219" elapsed="49.870750">Element 'xpath=//select[@id="toAccountId"]/option[@value="14565"]' did not appear in 10 seconds.</status>
</test>
<doc>UI test suite for funds transfer overdraft validation</doc>
<status status="FAIL" start="2026-06-18T17:21:45.778373" elapsed="52.890038"/>
</suite>
<status status="FAIL" start="2026-06-18T17:17:05.252623" elapsed="333.439313"/>
</suite>
<status status="FAIL" start="2026-06-18T17:14:12.667447" elapsed="506.026956"/>
</suite>
<statistics>
<total>
<stat pass="19" fail="3" skip="0">All Tests</stat>
</total>
<tag>
<stat pass="8" fail="2" skip="0">api</stat>
<stat pass="2" fail="0" skip="0">e2e</stat>
<stat pass="19" fail="3" skip="0">regression</stat>
<stat pass="9" fail="1" skip="0">ui</stat>
</tag>
<suite>
<stat name="Tests" id="s1" pass="19" fail="3" skip="0">Tests</stat>
<stat name="Api" id="s1-s1" pass="8" fail="2" skip="0">Tests.Api</stat>
<stat name="TC-API-01" id="s1-s1-s1" pass="1" fail="0" skip="0">Tests.Api.TC-API-01</stat>
<stat name="TC-API-02" id="s1-s1-s2" pass="1" fail="0" skip="0">Tests.Api.TC-API-02</stat>
<stat name="TC-API-03" id="s1-s1-s3" pass="1" fail="0" skip="0">Tests.Api.TC-API-03</stat>
<stat name="TC-API-04" id="s1-s1-s4" pass="1" fail="0" skip="0">Tests.Api.TC-API-04</stat>
<stat name="TC-API-05" id="s1-s1-s5" pass="1" fail="0" skip="0">Tests.Api.TC-API-05</stat>
<stat name="TC-API-06" id="s1-s1-s6" pass="1" fail="0" skip="0">Tests.Api.TC-API-06</stat>
<stat name="TC-API-07" id="s1-s1-s7" pass="1" fail="0" skip="0">Tests.Api.TC-API-07</stat>
<stat name="TC-API-08" id="s1-s1-s8" pass="0" fail="1" skip="0">Tests.Api.TC-API-08</stat>
<stat name="TC-API-09" id="s1-s1-s9" pass="0" fail="1" skip="0">Tests.Api.TC-API-09</stat>
<stat name="TC-API-10" id="s1-s1-s10" pass="1" fail="0" skip="0">Tests.Api.TC-API-10</stat>
<stat name="E2E" id="s1-s2" pass="2" fail="0" skip="0">Tests.E2E</stat>
<stat name="TC-E2E-01" id="s1-s2-s1" pass="1" fail="0" skip="0">Tests.E2E.TC-E2E-01</stat>
<stat name="TC-E2E-02" id="s1-s2-s2" pass="1" fail="0" skip="0">Tests.E2E.TC-E2E-02</stat>
<stat name="Ui" id="s1-s3" pass="9" fail="1" skip="0">Tests.Ui</stat>
<stat name="TC-AC-UI-01" id="s1-s3-s1" pass="1" fail="0" skip="0">Tests.Ui.TC-AC-UI-01</stat>
<stat name="TC-AC-UI-02" id="s1-s3-s2" pass="1" fail="0" skip="0">Tests.Ui.TC-AC-UI-02</stat>
<stat name="TC-AC-UI-03" id="s1-s3-s3" pass="1" fail="0" skip="0">Tests.Ui.TC-AC-UI-03</stat>
<stat name="TC-AC-UI-04" id="s1-s3-s4" pass="1" fail="0" skip="0">Tests.Ui.TC-AC-UI-04</stat>
<stat name="TC-NAV-UI-01" id="s1-s3-s5" pass="1" fail="0" skip="0">Tests.Ui.TC-NAV-UI-01</stat>
<stat name="TC-TX-UI-01" id="s1-s3-s6" pass="1" fail="0" skip="0">Tests.Ui.TC-TX-UI-01</stat>
<stat name="TC-TX-UI-02" id="s1-s3-s7" pass="1" fail="0" skip="0">Tests.Ui.TC-TX-UI-02</stat>
<stat name="TC-TX-UI-03" id="s1-s3-s8" pass="1" fail="0" skip="0">Tests.Ui.TC-TX-UI-03</stat>
<stat name="TC-TX-UI-04" id="s1-s3-s9" pass="1" fail="0" skip="0">Tests.Ui.TC-TX-UI-04</stat>
<stat name="TC-TX-UI-05" id="s1-s3-s10" pass="0" fail="1" skip="0">Tests.Ui.TC-TX-UI-05</stat>
</suite>
</statistics>
<errors>
</errors>
</robot>
