<?xml version="1.0" encoding="UTF-8"?>
<robot generator="Robot 7.4.2 (Python 3.14.5 on win32)" generated="2026-06-24T00:31:18.927853" rpa="false" schemaversion="5">
<suite id="s1" name="Tests" source="I:\CAPSTONE\tests">
<suite id="s1-s1" name="Api" source="I:\CAPSTONE\tests\api">
<suite id="s1-s1-s1" name="TC-API-01" source="I:\CAPSTONE\tests\api\TC-API-01.robot">
<kw name="Load Environment" owner="common_keywords" type="SETUP">
<kw name="Log To Console" owner="BuiltIn">
<arg>Loading environment</arg>
<doc>Logs the given message to the console.</doc>
<status status="PASS" start="2026-06-24T00:31:19.367274" elapsed="0.000496"/>
</kw>
<kw name="Load Env" owner="environment">
<arg>${ENV}</arg>
<status status="PASS" start="2026-06-24T00:31:19.367925" elapsed="0.001361"/>
</kw>
<kw name="Get Env" owner="environment">
<msg time="2026-06-24T00:31:19.369582" level="INFO">${url} = https://parabank.parasoft.com</msg>
<var>${url}</var>
<arg>baseurl</arg>
<status status="PASS" start="2026-06-24T00:31:19.369418" elapsed="0.000199"/>
</kw>
<kw name="Get Env" owner="environment">
<msg time="2026-06-24T00:31:19.369836" level="INFO">${username} = john</msg>
<var>${username}</var>
<arg>user_id</arg>
<status status="PASS" start="2026-06-24T00:31:19.369719" elapsed="0.000151"/>
</kw>
<kw name="Get Env" owner="environment">
<msg time="2026-06-24T00:31:19.370074" level="INFO">${password} = demo</msg>
<var>${password}</var>
<arg>user_password</arg>
<status status="PASS" start="2026-06-24T00:31:19.369964" elapsed="0.000137"/>
</kw>
<kw name="Set Global Variable" owner="BuiltIn">
<msg time="2026-06-24T00:31:19.371142" level="INFO">${BASE_URL} = https://parabank.parasoft.com</msg>
<arg>${BASE_URL}</arg>
<arg>${url}</arg>
<doc>Makes a variable available globally in all tests and suites.</doc>
<status status="PASS" start="2026-06-24T00:31:19.370213" elapsed="0.000980"/>
</kw>
<kw name="Set Global Variable" owner="BuiltIn">
<msg time="2026-06-24T00:31:19.371759" level="INFO">${USERNAME} = john</msg>
<arg>${USERNAME}</arg>
<arg>${username}</arg>
<doc>Makes a variable available globally in all tests and suites.</doc>
<status status="PASS" start="2026-06-24T00:31:19.371311" elapsed="0.000529"/>
</kw>
<kw name="Set Global Variable" owner="BuiltIn">
<msg time="2026-06-24T00:31:19.372283" level="INFO">${PASSWORD} = demo</msg>
<arg>${PASSWORD}</arg>
<arg>${password}</arg>
<doc>Makes a variable available globally in all tests and suites.</doc>
<status status="PASS" start="2026-06-24T00:31:19.371991" elapsed="0.000334"/>
</kw>
<kw name="Log To Console" owner="BuiltIn">
<arg>Fetching active accounts</arg>
<doc>Logs the given message to the console.</doc>
<status status="PASS" start="2026-06-24T00:31:19.372437" elapsed="0.000306"/>
</kw>
<kw name="Create Session To API" owner="api_keywords">
<kw name="Log To Console" owner="BuiltIn">
<arg>Creating API session</arg>
<doc>Logs the given message to the console.</doc>
<status status="PASS" start="2026-06-24T00:31:19.373172" elapsed="0.000333"/>
</kw>
<kw name="Create Dictionary" owner="BuiltIn">
<msg time="2026-06-24T00:31:19.374146" level="INFO">${headers} = {'Accept': 'application/json'}</msg>
<var>${headers}</var>
<arg>Accept=application/json</arg>
<doc>Creates and returns a dictionary based on the given ``items``.</doc>
<status status="PASS" start="2026-06-24T00:31:19.373682" elapsed="0.000496"/>
</kw>
<kw name="Create Session" owner="RequestsLibrary">
<msg time="2026-06-24T00:31:19.374530" level="INFO">Creating Session using : alias=parabank, url=https://parabank.parasoft.com/parabank/services/bank, headers={'Accept': 'application/json'},                     cookies={}, auth=None, timeout=None, proxies=None, verify=False,                     debug=0 </msg>
<arg>parabank</arg>
<arg>${API_BASE_URL}</arg>
<arg>headers=${headers}</arg>
<arg>verify=False</arg>
<doc>Create Session: create a HTTP session to a server</doc>
<status status="PASS" start="2026-06-24T00:31:19.374289" elapsed="0.000442"/>
</kw>
<doc>Creates an HTTP session for ParaBank API</doc>
<status status="PASS" start="2026-06-24T00:31:19.372957" elapsed="0.001859"/>
</kw>
<kw name="Get Customer Accounts" owner="api_keywords">
<kw name="Log To Console" owner="BuiltIn">
<arg>Getting customer accounts</arg>
<doc>Logs the given message to the console.</doc>
<status status="PASS" start="2026-06-24T00:31:19.375222" elapsed="0.000286"/>
</kw>
<kw name="GET On Session" owner="RequestsLibrary">
<msg time="2026-06-24T00:31:20.358898" level="INFO">GET Request : url=https://parabank.parasoft.com/parabank/services/bank/customers/12212/accounts 
 path_url=/parabank/services/bank/customers/12212/accounts 
 headers={'User-Agent': 'python-requests/2.34.2', 'Accept-Encoding': 'gzip, deflate, zstd', 'Accept': 'application/json', 'Connection': 'keep-alive'} 
 body=None 
 </msg>
<msg time="2026-06-24T00:31:20.359111" level="INFO">GET Response : url=https://parabank.parasoft.com/parabank/services/bank/customers/12212/accounts 
 status=200, reason=OK 
 headers={'Date': 'Tue, 23 Jun 2026 19:01:20 GMT', 'Content-Type': 'application/json', 'Transfer-Encoding': 'chunked', 'Connection': 'keep-alive', 'Server': 'cloudflare', 'cf-cache-status': 'DYNAMIC', 'X-Content-Type-Options': 'nosniff', 'Content-Encoding': 'gzip', 'CF-RAY': 'a105bd9d9d465957-DEL'} 
 body=[{"id":12345,"customerId":12212,"type":"CHECKING","balance":-103310.00},{"id":12456,"customerId":12212,"type":"CHECKING","balance":100010.45},{"id":12567,"customerId":12212,"type":"CHECKING","balance":100.00},{"id":12678,"customerId":12212,"type":"SAVINGS","balance":-100.00},{"id":12789,"customerId":12212,"type":"CHECKING","balance":100.00},{"id":12900,"customerId":12212,"type":"CHECKING","balance":0.00},{"id":13011,"customerId":12212,"type":"CHECKING","balance":100.00},{"id":13122,"customerId":12212,"type":"CHECKING","balance":1100.00},{"id":13233,"customerId":12212,"type":"CHECKING","balance":100.00},{"id":13344,"customerId":12212,"type":"SAVINGS","balance":1231.10},{"id":13566,"customerId":12212,"type":"LOAN","balance":100.00},{"id":13677,"customerId":12212,"type":"SAVINGS","balance":100.00},{"id":13788,"customerId":12212,"type":"CHECKING","balance":100.00},{"id":13899,"customerId":12212,"type":"CHECKING","balance":100.00},{"id":14010,"customerId":12212,"type":"CHECKING","balance":100.00},{"id":14232,"customerId":12212,"type":"CHECKING","balance":100.00},{"id":14343,"customerId":12212,"type":"CHECKING","balance":100.00},{"id":14454,"customerId":12212,"type":"CHECKING","balance":100.00},{"id":14565,"customerId":12212,"type":"CHECKING","balance":100.00},{"id":14676,"customerId":12212,"type":"CHECKING","balance":100.00},{"id":15231,"customerId":12212,"type":"SAVINGS","balance":100.00},{"id":54321,"customerId":12212,"type":"CHECKING","balance":1351.12}] 
 </msg>
<msg time="2026-06-24T00:31:20.359208" level="INFO">I:\CAPSTONE\.venv\Lib\site-packages\urllib3\connectionpool.py:1110: InsecureRequestWarning: Unverified HTTPS request is being made to host 'parabank.parasoft.com'. Adding certificate verification is strongly advised. See: https://urllib3.readthedocs.io/en/latest/advanced-usage.html#tls-warnings
  warnings.warn(</msg>
<msg time="2026-06-24T00:31:20.359511" level="INFO">${response} = &lt;Response [200]&gt;</msg>
<var>${response}</var>
<arg>parabank</arg>
<arg>/customers/${customerId}/accounts</arg>
<doc>Sends a GET request on a previously created HTTP Session.</doc>
<status status="PASS" start="2026-06-24T00:31:19.375658" elapsed="0.983909"/>
</kw>
<return>
<value>${response}</value>
<status status="PASS" start="2026-06-24T00:31:20.359703" elapsed="0.000090"/>
</return>
<msg time="2026-06-24T00:31:20.360135" level="INFO">${response} = &lt;Response [200]&gt;</msg>
<var>${response}</var>
<arg>${CUSTOMER_ID}</arg>
<doc>Gets a list of accounts for a customer ID</doc>
<status status="PASS" start="2026-06-24T00:31:19.374991" elapsed="0.985197"/>
</kw>
<kw name="Set Variable" owner="BuiltIn">
<msg time="2026-06-24T00:31:20.361302" level="INFO">${accounts} = [{'id': 12345, 'customerId': 12212, 'type': 'CHECKING', 'balance': -103310.0}, {'id': 12456, 'customerId': 12212, 'type': 'CHECKING', 'balance': 100010.45}, {'id': 12567, 'customerId': 12212, 'type': ...</msg>
<var>${accounts}</var>
<arg>${response.json()}</arg>
<doc>Returns the given values which can then be assigned to a variables.</doc>
<status status="PASS" start="2026-06-24T00:31:20.360393" elapsed="0.000973"/>
</kw>
<kw name="Get Length" owner="BuiltIn">
<msg time="2026-06-24T00:31:20.361949" level="INFO">Length is 22.</msg>
<msg time="2026-06-24T00:31:20.362053" level="INFO">${length} = 22</msg>
<var>${length}</var>
<arg>${accounts}</arg>
<doc>Returns and logs the length of the given item as an integer.</doc>
<status status="PASS" start="2026-06-24T00:31:20.361499" elapsed="0.000585"/>
</kw>
<if>
<branch type="IF" condition="${length} &lt; 2">
<kw name="Create Account" owner="api_keywords">
<arg>${CUSTOMER_ID}</arg>
<arg>0</arg>
<arg>${ACCOUNT_ID}</arg>
<doc>Creates a new account for the customer via API</doc>
<status status="NOT RUN" start="2026-06-24T00:31:20.362504" elapsed="0.000038"/>
</kw>
<kw name="Get Customer Accounts" owner="api_keywords">
<var>${response}</var>
<arg>${CUSTOMER_ID}</arg>
<doc>Gets a list of accounts for a customer ID</doc>
<status status="NOT RUN" start="2026-06-24T00:31:20.362707" elapsed="0.000032"/>
</kw>
<kw name="Set Variable" owner="BuiltIn">
<var>${accounts}</var>
<arg>${response.json()}</arg>
<doc>Returns the given values which can then be assigned to a variables.</doc>
<status status="NOT RUN" start="2026-06-24T00:31:20.362850" elapsed="0.000028"/>
</kw>
<status status="NOT RUN" start="2026-06-24T00:31:20.362216" elapsed="0.000706"/>
</branch>
<status status="PASS" start="2026-06-24T00:31:20.362184" elapsed="0.000786"/>
</if>
<kw name="Set Variable" owner="BuiltIn">
<msg time="2026-06-24T00:31:20.363686" level="INFO">${acc2} = 12456</msg>
<var>${acc2}</var>
<arg>${accounts[1]['id']}</arg>
<doc>Returns the given values which can then be assigned to a variables.</doc>
<status status="PASS" start="2026-06-24T00:31:20.363073" elapsed="0.000659"/>
</kw>
<kw name="Convert To String" owner="BuiltIn">
<msg time="2026-06-24T00:31:20.364241" level="INFO">${acc2_str} = 12456</msg>
<var>${acc2_str}</var>
<arg>${acc2}</arg>
<doc>Converts the given item to a Unicode string.</doc>
<status status="PASS" start="2026-06-24T00:31:20.363856" elapsed="0.000418"/>
</kw>
<kw name="Set Global Variable" owner="BuiltIn">
<msg time="2026-06-24T00:31:20.364735" level="INFO">${ACCOUNT_ID_2} = 12456</msg>
<arg>${ACCOUNT_ID_2}</arg>
<arg>${acc2_str}</arg>
<doc>Makes a variable available globally in all tests and suites.</doc>
<status status="PASS" start="2026-06-24T00:31:20.364403" elapsed="0.000379"/>
</kw>
<doc>Loads target environment and fetch active account IDs</doc>
<status status="PASS" start="2026-06-24T00:31:19.366495" elapsed="0.998360"/>
</kw>
<test id="s1-s1-s1-t1" name="TC_API_01" line="6">
<kw name="Get Customer Accounts" owner="api_keywords">
<kw name="Log To Console" owner="BuiltIn">
<arg>Getting customer accounts</arg>
<doc>Logs the given message to the console.</doc>
<status status="PASS" start="2026-06-24T00:31:20.366019" elapsed="0.000439"/>
</kw>
<kw name="GET On Session" owner="RequestsLibrary">
<msg time="2026-06-24T00:31:20.666610" level="INFO">GET Request : url=https://parabank.parasoft.com/parabank/services/bank/customers/12212/accounts 
 path_url=/parabank/services/bank/customers/12212/accounts 
 headers={'User-Agent': 'python-requests/2.34.2', 'Accept-Encoding': 'gzip, deflate, zstd', 'Accept': 'application/json', 'Connection': 'keep-alive'} 
 body=None 
 </msg>
<msg time="2026-06-24T00:31:20.666724" level="INFO">GET Response : url=https://parabank.parasoft.com/parabank/services/bank/customers/12212/accounts 
 status=200, reason=OK 
 headers={'Date': 'Tue, 23 Jun 2026 19:01:20 GMT', 'Content-Type': 'application/json', 'Transfer-Encoding': 'chunked', 'Connection': 'keep-alive', 'Server': 'cloudflare', 'cf-cache-status': 'DYNAMIC', 'X-Content-Type-Options': 'nosniff', 'Content-Encoding': 'gzip', 'CF-RAY': 'a105bda2ce5c5957-DEL'} 
 body=[{"id":12345,"customerId":12212,"type":"CHECKING","balance":-103310.00},{"id":12456,"customerId":12212,"type":"CHECKING","balance":100010.45},{"id":12567,"customerId":12212,"type":"CHECKING","balance":100.00},{"id":12678,"customerId":12212,"type":"SAVINGS","balance":-100.00},{"id":12789,"customerId":12212,"type":"CHECKING","balance":100.00},{"id":12900,"customerId":12212,"type":"CHECKING","balance":0.00},{"id":13011,"customerId":12212,"type":"CHECKING","balance":100.00},{"id":13122,"customerId":12212,"type":"CHECKING","balance":1100.00},{"id":13233,"customerId":12212,"type":"CHECKING","balance":100.00},{"id":13344,"customerId":12212,"type":"SAVINGS","balance":1231.10},{"id":13566,"customerId":12212,"type":"LOAN","balance":100.00},{"id":13677,"customerId":12212,"type":"SAVINGS","balance":100.00},{"id":13788,"customerId":12212,"type":"CHECKING","balance":100.00},{"id":13899,"customerId":12212,"type":"CHECKING","balance":100.00},{"id":14010,"customerId":12212,"type":"CHECKING","balance":100.00},{"id":14232,"customerId":12212,"type":"CHECKING","balance":100.00},{"id":14343,"customerId":12212,"type":"CHECKING","balance":100.00},{"id":14454,"customerId":12212,"type":"CHECKING","balance":100.00},{"id":14565,"customerId":12212,"type":"CHECKING","balance":100.00},{"id":14676,"customerId":12212,"type":"CHECKING","balance":100.00},{"id":15231,"customerId":12212,"type":"SAVINGS","balance":100.00},{"id":54321,"customerId":12212,"type":"CHECKING","balance":1351.12}] 
 </msg>
<msg time="2026-06-24T00:31:20.666873" level="INFO">I:\CAPSTONE\.venv\Lib\site-packages\urllib3\connectionpool.py:1110: InsecureRequestWarning: Unverified HTTPS request is being made to host 'parabank.parasoft.com'. Adding certificate verification is strongly advised. See: https://urllib3.readthedocs.io/en/latest/advanced-usage.html#tls-warnings
  warnings.warn(</msg>
<msg time="2026-06-24T00:31:20.667180" level="INFO">${response} = &lt;Response [200]&gt;</msg>
<var>${response}</var>
<arg>parabank</arg>
<arg>/customers/${customerId}/accounts</arg>
<doc>Sends a GET request on a previously created HTTP Session.</doc>
<status status="PASS" start="2026-06-24T00:31:20.366657" elapsed="0.300577"/>
</kw>
<return>
<value>${response}</value>
<status status="PASS" start="2026-06-24T00:31:20.667368" elapsed="0.000152"/>
</return>
<msg time="2026-06-24T00:31:20.667751" level="INFO">${response} = &lt;Response [200]&gt;</msg>
<var>${response}</var>
<arg>${CUSTOMER_ID}</arg>
<doc>Gets a list of accounts for a customer ID</doc>
<status status="PASS" start="2026-06-24T00:31:20.365622" elapsed="0.302163"/>
</kw>
<kw name="Verify Response Code" owner="api_keywords">
<kw name="Log To Console" owner="BuiltIn">
<arg>Checking response status</arg>
<doc>Logs the given message to the console.</doc>
<status status="PASS" start="2026-06-24T00:31:20.668742" elapsed="0.000396"/>
</kw>
<kw name="Should Be Equal As Integers" owner="BuiltIn">
<msg time="2026-06-24T00:31:20.669930" level="INFO">Argument types are:
&lt;class 'int'&gt;
&lt;class 'str'&gt;</msg>
<arg>${response.status_code}</arg>
<arg>${code}</arg>
<doc>Fails if objects are unequal after converting them to integers.</doc>
<status status="PASS" start="2026-06-24T00:31:20.669296" elapsed="0.000710"/>
</kw>
<arg>${response}</arg>
<arg>200</arg>
<doc>Checks response code</doc>
<status status="PASS" start="2026-06-24T00:31:20.668336" elapsed="0.001750"/>
</kw>
<kw name="Set Variable" owner="BuiltIn">
<msg time="2026-06-24T00:31:20.671518" level="INFO">${body} = [{'id': 12345, 'customerId': 12212, 'type': 'CHECKING', 'balance': -103310.0}, {'id': 12456, 'customerId': 12212, 'type': 'CHECKING', 'balance': 100010.45}, {'id': 12567, 'customerId': 12212, 'type': ...</msg>
<var>${body}</var>
<arg>${response.json()}</arg>
<doc>Returns the given values which can then be assigned to a variables.</doc>
<status status="PASS" start="2026-06-24T00:31:20.670515" elapsed="0.001049"/>
</kw>
<kw name="Should Not Be Empty" owner="BuiltIn">
<msg time="2026-06-24T00:31:20.672308" level="INFO">Length is 22.</msg>
<arg>${body}</arg>
<doc>Verifies that the given item is not empty.</doc>
<status status="PASS" start="2026-06-24T00:31:20.671875" elapsed="0.000490"/>
</kw>
<kw name="Log To Console" owner="BuiltIn">
<arg>${body}</arg>
<doc>Logs the given message to the console.</doc>
<status status="PASS" start="2026-06-24T00:31:20.672748" elapsed="0.000417"/>
</kw>
<doc>Verify GET customer accounts list</doc>
<tag>api</tag>
<status status="PASS" start="2026-06-24T00:31:20.364937" elapsed="0.308510"/>
</test>
<status status="PASS" start="2026-06-24T00:31:18.971685" elapsed="1.702587"/>
</suite>
<suite id="s1-s1-s2" name="TC-API-02" source="I:\CAPSTONE\tests\api\TC-API-02.robot">
<kw name="Load Environment" owner="common_keywords" type="SETUP">
<kw name="Log To Console" owner="BuiltIn">
<arg>Loading environment</arg>
<doc>Logs the given message to the console.</doc>
<status status="PASS" start="2026-06-24T00:31:20.680782" elapsed="0.000395"/>
</kw>
<kw name="Load Env" owner="environment">
<arg>${ENV}</arg>
<status status="PASS" start="2026-06-24T00:31:20.681293" elapsed="0.001119"/>
</kw>
<kw name="Get Env" owner="environment">
<msg time="2026-06-24T00:31:20.682652" level="INFO">${url} = https://parabank.parasoft.com</msg>
<var>${url}</var>
<arg>baseurl</arg>
<status status="PASS" start="2026-06-24T00:31:20.682528" elapsed="0.000150"/>
</kw>
<kw name="Get Env" owner="environment">
<msg time="2026-06-24T00:31:20.682894" level="INFO">${username} = john</msg>
<var>${username}</var>
<arg>user_id</arg>
<status status="PASS" start="2026-06-24T00:31:20.682762" elapsed="0.000175"/>
</kw>
<kw name="Get Env" owner="environment">
<msg time="2026-06-24T00:31:20.683209" level="INFO">${password} = demo</msg>
<var>${password}</var>
<arg>user_password</arg>
<status status="PASS" start="2026-06-24T00:31:20.683059" elapsed="0.000180"/>
</kw>
<kw name="Set Global Variable" owner="BuiltIn">
<msg time="2026-06-24T00:31:20.683708" level="INFO">${BASE_URL} = https://parabank.parasoft.com</msg>
<arg>${BASE_URL}</arg>
<arg>${url}</arg>
<doc>Makes a variable available globally in all tests and suites.</doc>
<status status="PASS" start="2026-06-24T00:31:20.683366" elapsed="0.000379"/>
</kw>
<kw name="Set Global Variable" owner="BuiltIn">
<msg time="2026-06-24T00:31:20.684076" level="INFO">${USERNAME} = john</msg>
<arg>${USERNAME}</arg>
<arg>${username}</arg>
<doc>Makes a variable available globally in all tests and suites.</doc>
<status status="PASS" start="2026-06-24T00:31:20.683839" elapsed="0.000286"/>
</kw>
<kw name="Set Global Variable" owner="BuiltIn">
<msg time="2026-06-24T00:31:20.684433" level="INFO">${PASSWORD} = demo</msg>
<arg>${PASSWORD}</arg>
<arg>${password}</arg>
<doc>Makes a variable available globally in all tests and suites.</doc>
<status status="PASS" start="2026-06-24T00:31:20.684212" elapsed="0.000253"/>
</kw>
<kw name="Log To Console" owner="BuiltIn">
<arg>Fetching active accounts</arg>
<doc>Logs the given message to the console.</doc>
<status status="PASS" start="2026-06-24T00:31:20.684559" elapsed="0.000354"/>
</kw>
<kw name="Create Session To API" owner="api_keywords">
<kw name="Log To Console" owner="BuiltIn">
<arg>Creating API session</arg>
<doc>Logs the given message to the console.</doc>
<status status="PASS" start="2026-06-24T00:31:20.685293" elapsed="0.000277"/>
</kw>
<kw name="Create Dictionary" owner="BuiltIn">
<msg time="2026-06-24T00:31:20.685984" level="INFO">${headers} = {'Accept': 'application/json'}</msg>
<var>${headers}</var>
<arg>Accept=application/json</arg>
<doc>Creates and returns a dictionary based on the given ``items``.</doc>
<status status="PASS" start="2026-06-24T00:31:20.685680" elapsed="0.000334"/>
</kw>
<kw name="Create Session" owner="RequestsLibrary">
<msg time="2026-06-24T00:31:20.686342" level="INFO">Creating Session using : alias=parabank, url=https://parabank.parasoft.com/parabank/services/bank, headers={'Accept': 'application/json'},                     cookies={}, auth=None, timeout=None, proxies=None, verify=False,                     debug=0 </msg>
<arg>parabank</arg>
<arg>${API_BASE_URL}</arg>
<arg>headers=${headers}</arg>
<arg>verify=False</arg>
<doc>Create Session: create a HTTP session to a server</doc>
<status status="PASS" start="2026-06-24T00:31:20.686118" elapsed="0.000365"/>
</kw>
<doc>Creates an HTTP session for ParaBank API</doc>
<status status="PASS" start="2026-06-24T00:31:20.685112" elapsed="0.001435"/>
</kw>
<kw name="Get Customer Accounts" owner="api_keywords">
<kw name="Log To Console" owner="BuiltIn">
<arg>Getting customer accounts</arg>
<doc>Logs the given message to the console.</doc>
<status status="PASS" start="2026-06-24T00:31:20.686856" elapsed="0.000236"/>
</kw>
<kw name="GET On Session" owner="RequestsLibrary">
<msg time="2026-06-24T00:31:21.176490" level="INFO">GET Request : url=https://parabank.parasoft.com/parabank/services/bank/customers/12212/accounts 
 path_url=/parabank/services/bank/customers/12212/accounts 
 headers={'User-Agent': 'python-requests/2.34.2', 'Accept-Encoding': 'gzip, deflate, zstd', 'Accept': 'application/json', 'Connection': 'keep-alive'} 
 body=None 
 </msg>
<msg time="2026-06-24T00:31:21.176629" level="INFO">GET Response : url=https://parabank.parasoft.com/parabank/services/bank/customers/12212/accounts 
 status=200, reason=OK 
 headers={'Date': 'Tue, 23 Jun 2026 19:01:21 GMT', 'Content-Type': 'application/json', 'Transfer-Encoding': 'chunked', 'Connection': 'keep-alive', 'Server': 'cloudflare', 'cf-cache-status': 'DYNAMIC', 'X-Content-Type-Options': 'nosniff', 'Content-Encoding': 'gzip', 'CF-RAY': 'a105bda5eb8b59e1-DEL'} 
 body=[{"id":12345,"customerId":12212,"type":"CHECKING","balance":-103310.00},{"id":12456,"customerId":12212,"type":"CHECKING","balance":100010.45},{"id":12567,"customerId":12212,"type":"CHECKING","balance":100.00},{"id":12678,"customerId":12212,"type":"SAVINGS","balance":-100.00},{"id":12789,"customerId":12212,"type":"CHECKING","balance":100.00},{"id":12900,"customerId":12212,"type":"CHECKING","balance":0.00},{"id":13011,"customerId":12212,"type":"CHECKING","balance":100.00},{"id":13122,"customerId":12212,"type":"CHECKING","balance":1100.00},{"id":13233,"customerId":12212,"type":"CHECKING","balance":100.00},{"id":13344,"customerId":12212,"type":"SAVINGS","balance":1231.10},{"id":13566,"customerId":12212,"type":"LOAN","balance":100.00},{"id":13677,"customerId":12212,"type":"SAVINGS","balance":100.00},{"id":13788,"customerId":12212,"type":"CHECKING","balance":100.00},{"id":13899,"customerId":12212,"type":"CHECKING","balance":100.00},{"id":14010,"customerId":12212,"type":"CHECKING","balance":100.00},{"id":14232,"customerId":12212,"type":"CHECKING","balance":100.00},{"id":14343,"customerId":12212,"type":"CHECKING","balance":100.00},{"id":14454,"customerId":12212,"type":"CHECKING","balance":100.00},{"id":14565,"customerId":12212,"type":"CHECKING","balance":100.00},{"id":14676,"customerId":12212,"type":"CHECKING","balance":100.00},{"id":15231,"customerId":12212,"type":"SAVINGS","balance":100.00},{"id":54321,"customerId":12212,"type":"CHECKING","balance":1351.12}] 
 </msg>
<msg time="2026-06-24T00:31:21.176717" level="INFO">I:\CAPSTONE\.venv\Lib\site-packages\urllib3\connectionpool.py:1110: InsecureRequestWarning: Unverified HTTPS request is being made to host 'parabank.parasoft.com'. Adding certificate verification is strongly advised. See: https://urllib3.readthedocs.io/en/latest/advanced-usage.html#tls-warnings
  warnings.warn(</msg>
<msg time="2026-06-24T00:31:21.176991" level="INFO">${response} = &lt;Response [200]&gt;</msg>
<var>${response}</var>
<arg>parabank</arg>
<arg>/customers/${customerId}/accounts</arg>
<doc>Sends a GET request on a previously created HTTP Session.</doc>
<status status="PASS" start="2026-06-24T00:31:20.687214" elapsed="0.489822"/>
</kw>
<return>
<value>${response}</value>
<status status="PASS" start="2026-06-24T00:31:21.177192" elapsed="0.000102"/>
</return>
<msg time="2026-06-24T00:31:21.177471" level="INFO">${response} = &lt;Response [200]&gt;</msg>
<var>${response}</var>
<arg>${CUSTOMER_ID}</arg>
<doc>Gets a list of accounts for a customer ID</doc>
<status status="PASS" start="2026-06-24T00:31:20.686681" elapsed="0.490821"/>
</kw>
<kw name="Set Variable" owner="BuiltIn">
<msg time="2026-06-24T00:31:21.178643" level="INFO">${accounts} = [{'id': 12345, 'customerId': 12212, 'type': 'CHECKING', 'balance': -103310.0}, {'id': 12456, 'customerId': 12212, 'type': 'CHECKING', 'balance': 100010.45}, {'id': 12567, 'customerId': 12212, 'type': ...</msg>
<var>${accounts}</var>
<arg>${response.json()}</arg>
<doc>Returns the given values which can then be assigned to a variables.</doc>
<status status="PASS" start="2026-06-24T00:31:21.177796" elapsed="0.000886"/>
</kw>
<kw name="Get Length" owner="BuiltIn">
<msg time="2026-06-24T00:31:21.179098" level="INFO">Length is 22.</msg>
<msg time="2026-06-24T00:31:21.179178" level="INFO">${length} = 22</msg>
<var>${length}</var>
<arg>${accounts}</arg>
<doc>Returns and logs the length of the given item as an integer.</doc>
<status status="PASS" start="2026-06-24T00:31:21.178813" elapsed="0.000394"/>
</kw>
<if>
<branch type="IF" condition="${length} &lt; 2">
<kw name="Create Account" owner="api_keywords">
<arg>${CUSTOMER_ID}</arg>
<arg>0</arg>
<arg>${ACCOUNT_ID}</arg>
<doc>Creates a new account for the customer via API</doc>
<status status="NOT RUN" start="2026-06-24T00:31:21.179641" elapsed="0.000038"/>
</kw>
<kw name="Get Customer Accounts" owner="api_keywords">
<var>${response}</var>
<arg>${CUSTOMER_ID}</arg>
<doc>Gets a list of accounts for a customer ID</doc>
<status status="NOT RUN" start="2026-06-24T00:31:21.179844" elapsed="0.000034"/>
</kw>
<kw name="Set Variable" owner="BuiltIn">
<var>${accounts}</var>
<arg>${response.json()}</arg>
<doc>Returns the given values which can then be assigned to a variables.</doc>
<status status="NOT RUN" start="2026-06-24T00:31:21.179989" elapsed="0.000029"/>
</kw>
<status status="NOT RUN" start="2026-06-24T00:31:21.179317" elapsed="0.000746"/>
</branch>
<status status="PASS" start="2026-06-24T00:31:21.179287" elapsed="0.000821"/>
</if>
<kw name="Set Variable" owner="BuiltIn">
<msg time="2026-06-24T00:31:21.180794" level="INFO">${acc2} = 12456</msg>
<var>${acc2}</var>
<arg>${accounts[1]['id']}</arg>
<doc>Returns the given values which can then be assigned to a variables.</doc>
<status status="PASS" start="2026-06-24T00:31:21.180201" elapsed="0.000627"/>
</kw>
<kw name="Convert To String" owner="BuiltIn">
<msg time="2026-06-24T00:31:21.181291" level="INFO">${acc2_str} = 12456</msg>
<var>${acc2_str}</var>
<arg>${acc2}</arg>
<doc>Converts the given item to a Unicode string.</doc>
<status status="PASS" start="2026-06-24T00:31:21.180949" elapsed="0.000397"/>
</kw>
<kw name="Set Global Variable" owner="BuiltIn">
<msg time="2026-06-24T00:31:21.181839" level="INFO">${ACCOUNT_ID_2} = 12456</msg>
<arg>${ACCOUNT_ID_2}</arg>
<arg>${acc2_str}</arg>
<doc>Makes a variable available globally in all tests and suites.</doc>
<status status="PASS" start="2026-06-24T00:31:21.181512" elapsed="0.000373"/>
</kw>
<doc>Loads target environment and fetch active account IDs</doc>
<status status="PASS" start="2026-06-24T00:31:20.680471" elapsed="0.501487"/>
</kw>
<test id="s1-s1-s2-t1" name="TC_API_02" line="6">
<kw name="Get Account Details" owner="api_keywords">
<kw name="Log To Console" owner="BuiltIn">
<arg>Getting account details</arg>
<doc>Logs the given message to the console.</doc>
<status status="PASS" start="2026-06-24T00:31:21.183084" elapsed="0.000452"/>
</kw>
<kw name="GET On Session" owner="RequestsLibrary">
<msg time="2026-06-24T00:31:21.484394" level="INFO">GET Request : url=https://parabank.parasoft.com/parabank/services/bank/accounts/12456 
 path_url=/parabank/services/bank/accounts/12456 
 headers={'User-Agent': 'python-requests/2.34.2', 'Accept-Encoding': 'gzip, deflate, zstd', 'Accept': 'application/json', 'Connection': 'keep-alive'} 
 body=None 
 </msg>
<msg time="2026-06-24T00:31:21.484482" level="INFO">GET Response : url=https://parabank.parasoft.com/parabank/services/bank/accounts/12456 
 status=200, reason=OK 
 headers={'Date': 'Tue, 23 Jun 2026 19:01:21 GMT', 'Content-Type': 'application/json', 'Transfer-Encoding': 'chunked', 'Connection': 'keep-alive', 'Server': 'cloudflare', 'cf-cache-status': 'DYNAMIC', 'X-Content-Type-Options': 'nosniff', 'Content-Encoding': 'gzip', 'CF-RAY': 'a105bda7ebec59e1-DEL'} 
 body={"id":12456,"customerId":12212,"type":"CHECKING","balance":100010.45} 
 </msg>
<msg time="2026-06-24T00:31:21.484549" level="INFO">I:\CAPSTONE\.venv\Lib\site-packages\urllib3\connectionpool.py:1110: InsecureRequestWarning: Unverified HTTPS request is being made to host 'parabank.parasoft.com'. Adding certificate verification is strongly advised. See: https://urllib3.readthedocs.io/en/latest/advanced-usage.html#tls-warnings
  warnings.warn(</msg>
<msg time="2026-06-24T00:31:21.484772" level="INFO">${response} = &lt;Response [200]&gt;</msg>
<var>${response}</var>
<arg>parabank</arg>
<arg>/accounts/${accountId}</arg>
<doc>Sends a GET request on a previously created HTTP Session.</doc>
<status status="PASS" start="2026-06-24T00:31:21.183708" elapsed="0.301121"/>
</kw>
<return>
<value>${response}</value>
<status status="PASS" start="2026-06-24T00:31:21.484977" elapsed="0.000052"/>
</return>
<msg time="2026-06-24T00:31:21.485171" level="INFO">${response} = &lt;Response [200]&gt;</msg>
<var>${response}</var>
<arg>${ACCOUNT_ID_2}</arg>
<doc>Gets details for an account ID</doc>
<status status="PASS" start="2026-06-24T00:31:21.182702" elapsed="0.302494"/>
</kw>
<kw name="Verify Response Code" owner="api_keywords">
<kw name="Log To Console" owner="BuiltIn">
<arg>Checking response status</arg>
<doc>Logs the given message to the console.</doc>
<status status="PASS" start="2026-06-24T00:31:21.485966" elapsed="0.000290"/>
</kw>
<kw name="Should Be Equal As Integers" owner="BuiltIn">
<msg time="2026-06-24T00:31:21.486839" level="INFO">Argument types are:
&lt;class 'int'&gt;
&lt;class 'str'&gt;</msg>
<arg>${response.status_code}</arg>
<arg>${code}</arg>
<doc>Fails if objects are unequal after converting them to integers.</doc>
<status status="PASS" start="2026-06-24T00:31:21.486365" elapsed="0.000528"/>
</kw>
<arg>${response}</arg>
<arg>200</arg>
<doc>Checks response code</doc>
<status status="PASS" start="2026-06-24T00:31:21.485639" elapsed="0.001311"/>
</kw>
<kw name="Log To Console" owner="BuiltIn">
<arg>Validating response</arg>
<doc>Logs the given message to the console.</doc>
<status status="PASS" start="2026-06-24T00:31:21.487261" elapsed="0.000279"/>
</kw>
<kw name="Should Contain" owner="BuiltIn">
<arg>${response.text}</arg>
<arg>id</arg>
<doc>Fails if ``container`` does not contain ``item`` one or more times.</doc>
<status status="PASS" start="2026-06-24T00:31:21.487770" elapsed="0.000505"/>
</kw>
<kw name="Should Contain" owner="BuiltIn">
<arg>${response.text}</arg>
<arg>customerId</arg>
<doc>Fails if ``container`` does not contain ``item`` one or more times.</doc>
<status status="PASS" start="2026-06-24T00:31:21.488473" elapsed="0.000465"/>
</kw>
<kw name="Should Contain" owner="BuiltIn">
<arg>${response.text}</arg>
<arg>type</arg>
<doc>Fails if ``container`` does not contain ``item`` one or more times.</doc>
<status status="PASS" start="2026-06-24T00:31:21.489177" elapsed="0.000559"/>
</kw>
<kw name="Should Contain" owner="BuiltIn">
<arg>${response.text}</arg>
<arg>balance</arg>
<doc>Fails if ``container`` does not contain ``item`` one or more times.</doc>
<status status="PASS" start="2026-06-24T00:31:21.489959" elapsed="0.000459"/>
</kw>
<kw name="Set Variable" owner="BuiltIn">
<msg time="2026-06-24T00:31:21.491073" level="INFO">${body} = {'id': 12456, 'customerId': 12212, 'type': 'CHECKING', 'balance': 100010.45}</msg>
<var>${body}</var>
<arg>${response.json()}</arg>
<doc>Returns the given values which can then be assigned to a variables.</doc>
<status status="PASS" start="2026-06-24T00:31:21.490617" elapsed="0.000481"/>
</kw>
<kw name="Log To Console" owner="BuiltIn">
<arg>${body}</arg>
<doc>Logs the given message to the console.</doc>
<status status="PASS" start="2026-06-24T00:31:21.491298" elapsed="0.000279"/>
</kw>
<doc>Verify GET account details API</doc>
<tag>api</tag>
<status status="PASS" start="2026-06-24T00:31:21.182038" elapsed="0.309839"/>
</test>
<status status="PASS" start="2026-06-24T00:31:20.675165" elapsed="0.817226"/>
</suite>
<suite id="s1-s1-s3" name="TC-API-03" source="I:\CAPSTONE\tests\api\TC-API-03.robot">
<kw name="Load Environment" owner="common_keywords" type="SETUP">
<kw name="Log To Console" owner="BuiltIn">
<arg>Loading environment</arg>
<doc>Logs the given message to the console.</doc>
<status status="PASS" start="2026-06-24T00:31:21.497985" elapsed="0.000330"/>
</kw>
<kw name="Load Env" owner="environment">
<arg>${ENV}</arg>
<status status="PASS" start="2026-06-24T00:31:21.498444" elapsed="0.001836"/>
</kw>
<kw name="Get Env" owner="environment">
<msg time="2026-06-24T00:31:21.500582" level="INFO">${url} = https://parabank.parasoft.com</msg>
<var>${url}</var>
<arg>baseurl</arg>
<status status="PASS" start="2026-06-24T00:31:21.500434" elapsed="0.000175"/>
</kw>
<kw name="Get Env" owner="environment">
<msg time="2026-06-24T00:31:21.500786" level="INFO">${username} = john</msg>
<var>${username}</var>
<arg>user_id</arg>
<status status="PASS" start="2026-06-24T00:31:21.500693" elapsed="0.000116"/>
</kw>
<kw name="Get Env" owner="environment">
<msg time="2026-06-24T00:31:21.500973" level="INFO">${password} = demo</msg>
<var>${password}</var>
<arg>user_password</arg>
<status status="PASS" start="2026-06-24T00:31:21.500888" elapsed="0.000106"/>
</kw>
<kw name="Set Global Variable" owner="BuiltIn">
<msg time="2026-06-24T00:31:21.501395" level="INFO">${BASE_URL} = https://parabank.parasoft.com</msg>
<arg>${BASE_URL}</arg>
<arg>${url}</arg>
<doc>Makes a variable available globally in all tests and suites.</doc>
<status status="PASS" start="2026-06-24T00:31:21.501090" elapsed="0.000340"/>
</kw>
<kw name="Set Global Variable" owner="BuiltIn">
<msg time="2026-06-24T00:31:21.501749" level="INFO">${USERNAME} = john</msg>
<arg>${USERNAME}</arg>
<arg>${username}</arg>
<doc>Makes a variable available globally in all tests and suites.</doc>
<status status="PASS" start="2026-06-24T00:31:21.501520" elapsed="0.000262"/>
</kw>
<kw name="Set Global Variable" owner="BuiltIn">
<msg time="2026-06-24T00:31:21.502102" level="INFO">${PASSWORD} = demo</msg>
<arg>${PASSWORD}</arg>
<arg>${password}</arg>
<doc>Makes a variable available globally in all tests and suites.</doc>
<status status="PASS" start="2026-06-24T00:31:21.501868" elapsed="0.000267"/>
</kw>
<kw name="Log To Console" owner="BuiltIn">
<arg>Fetching active accounts</arg>
<doc>Logs the given message to the console.</doc>
<status status="PASS" start="2026-06-24T00:31:21.502218" elapsed="0.000258"/>
</kw>
<kw name="Create Session To API" owner="api_keywords">
<kw name="Log To Console" owner="BuiltIn">
<arg>Creating API session</arg>
<doc>Logs the given message to the console.</doc>
<status status="PASS" start="2026-06-24T00:31:21.502847" elapsed="0.000326"/>
</kw>
<kw name="Create Dictionary" owner="BuiltIn">
<msg time="2026-06-24T00:31:21.503615" level="INFO">${headers} = {'Accept': 'application/json'}</msg>
<var>${headers}</var>
<arg>Accept=application/json</arg>
<doc>Creates and returns a dictionary based on the given ``items``.</doc>
<status status="PASS" start="2026-06-24T00:31:21.503313" elapsed="0.000334"/>
</kw>
<kw name="Create Session" owner="RequestsLibrary">
<msg time="2026-06-24T00:31:21.503994" level="INFO">Creating Session using : alias=parabank, url=https://parabank.parasoft.com/parabank/services/bank, headers={'Accept': 'application/json'},                     cookies={}, auth=None, timeout=None, proxies=None, verify=False,                     debug=0 </msg>
<arg>parabank</arg>
<arg>${API_BASE_URL}</arg>
<arg>headers=${headers}</arg>
<arg>verify=False</arg>
<doc>Create Session: create a HTTP session to a server</doc>
<status status="PASS" start="2026-06-24T00:31:21.503761" elapsed="0.000373"/>
</kw>
<doc>Creates an HTTP session for ParaBank API</doc>
<status status="PASS" start="2026-06-24T00:31:21.502668" elapsed="0.001531"/>
</kw>
<kw name="Get Customer Accounts" owner="api_keywords">
<kw name="Log To Console" owner="BuiltIn">
<arg>Getting customer accounts</arg>
<doc>Logs the given message to the console.</doc>
<status status="PASS" start="2026-06-24T00:31:21.504511" elapsed="0.000230"/>
</kw>
<kw name="GET On Session" owner="RequestsLibrary">
<msg time="2026-06-24T00:31:22.509033" level="INFO">GET Request : url=https://parabank.parasoft.com/parabank/services/bank/customers/12212/accounts 
 path_url=/parabank/services/bank/customers/12212/accounts 
 headers={'User-Agent': 'python-requests/2.34.2', 'Accept-Encoding': 'gzip, deflate, zstd', 'Accept': 'application/json', 'Connection': 'keep-alive'} 
 body=None 
 </msg>
<msg time="2026-06-24T00:31:22.509148" level="INFO">GET Response : url=https://parabank.parasoft.com/parabank/services/bank/customers/12212/accounts 
 status=200, reason=OK 
 headers={'Date': 'Tue, 23 Jun 2026 19:01:22 GMT', 'Content-Type': 'application/json', 'Transfer-Encoding': 'chunked', 'Connection': 'keep-alive', 'Server': 'cloudflare', 'cf-cache-status': 'DYNAMIC', 'X-Content-Type-Options': 'nosniff', 'Content-Encoding': 'gzip', 'CF-RAY': 'a105bdab0f5054b6-DEL'} 
 body=[{"id":12345,"customerId":12212,"type":"CHECKING","balance":-103310.00},{"id":12456,"customerId":12212,"type":"CHECKING","balance":100010.45},{"id":12567,"customerId":12212,"type":"CHECKING","balance":100.00},{"id":12678,"customerId":12212,"type":"SAVINGS","balance":-100.00},{"id":12789,"customerId":12212,"type":"CHECKING","balance":100.00},{"id":12900,"customerId":12212,"type":"CHECKING","balance":0.00},{"id":13011,"customerId":12212,"type":"CHECKING","balance":100.00},{"id":13122,"customerId":12212,"type":"CHECKING","balance":1100.00},{"id":13233,"customerId":12212,"type":"CHECKING","balance":100.00},{"id":13344,"customerId":12212,"type":"SAVINGS","balance":1231.10},{"id":13566,"customerId":12212,"type":"LOAN","balance":100.00},{"id":13677,"customerId":12212,"type":"SAVINGS","balance":100.00},{"id":13788,"customerId":12212,"type":"CHECKING","balance":100.00},{"id":13899,"customerId":12212,"type":"CHECKING","balance":100.00},{"id":14010,"customerId":12212,"type":"CHECKING","balance":100.00},{"id":14232,"customerId":12212,"type":"CHECKING","balance":100.00},{"id":14343,"customerId":12212,"type":"CHECKING","balance":100.00},{"id":14454,"customerId":12212,"type":"CHECKING","balance":100.00},{"id":14565,"customerId":12212,"type":"CHECKING","balance":100.00},{"id":14676,"customerId":12212,"type":"CHECKING","balance":100.00},{"id":15231,"customerId":12212,"type":"SAVINGS","balance":100.00},{"id":54321,"customerId":12212,"type":"CHECKING","balance":1351.12}] 
 </msg>
<msg time="2026-06-24T00:31:22.509299" level="INFO">I:\CAPSTONE\.venv\Lib\site-packages\urllib3\connectionpool.py:1110: InsecureRequestWarning: Unverified HTTPS request is being made to host 'parabank.parasoft.com'. Adding certificate verification is strongly advised. See: https://urllib3.readthedocs.io/en/latest/advanced-usage.html#tls-warnings
  warnings.warn(</msg>
<msg time="2026-06-24T00:31:22.509578" level="INFO">${response} = &lt;Response [200]&gt;</msg>
<var>${response}</var>
<arg>parabank</arg>
<arg>/customers/${customerId}/accounts</arg>
<doc>Sends a GET request on a previously created HTTP Session.</doc>
<status status="PASS" start="2026-06-24T00:31:21.504839" elapsed="1.004866"/>
</kw>
<return>
<value>${response}</value>
<status status="PASS" start="2026-06-24T00:31:22.509858" elapsed="0.000095"/>
</return>
<msg time="2026-06-24T00:31:22.510175" level="INFO">${response} = &lt;Response [200]&gt;</msg>
<var>${response}</var>
<arg>${CUSTOMER_ID}</arg>
<doc>Gets a list of accounts for a customer ID</doc>
<status status="PASS" start="2026-06-24T00:31:21.504330" elapsed="1.005879"/>
</kw>
<kw name="Set Variable" owner="BuiltIn">
<msg time="2026-06-24T00:31:22.511170" level="INFO">${accounts} = [{'id': 12345, 'customerId': 12212, 'type': 'CHECKING', 'balance': -103310.0}, {'id': 12456, 'customerId': 12212, 'type': 'CHECKING', 'balance': 100010.45}, {'id': 12567, 'customerId': 12212, 'type': ...</msg>
<var>${accounts}</var>
<arg>${response.json()}</arg>
<doc>Returns the given values which can then be assigned to a variables.</doc>
<status status="PASS" start="2026-06-24T00:31:22.510381" elapsed="0.000878"/>
</kw>
<kw name="Get Length" owner="BuiltIn">
<msg time="2026-06-24T00:31:22.511700" level="INFO">Length is 22.</msg>
<msg time="2026-06-24T00:31:22.511780" level="INFO">${length} = 22</msg>
<var>${length}</var>
<arg>${accounts}</arg>
<doc>Returns and logs the length of the given item as an integer.</doc>
<status status="PASS" start="2026-06-24T00:31:22.511414" elapsed="0.000395"/>
</kw>
<if>
<branch type="IF" condition="${length} &lt; 2">
<kw name="Create Account" owner="api_keywords">
<arg>${CUSTOMER_ID}</arg>
<arg>0</arg>
<arg>${ACCOUNT_ID}</arg>
<doc>Creates a new account for the customer via API</doc>
<status status="NOT RUN" start="2026-06-24T00:31:22.512180" elapsed="0.000036"/>
</kw>
<kw name="Get Customer Accounts" owner="api_keywords">
<var>${response}</var>
<arg>${CUSTOMER_ID}</arg>
<doc>Gets a list of accounts for a customer ID</doc>
<status status="NOT RUN" start="2026-06-24T00:31:22.512492" elapsed="0.000049"/>
</kw>
<kw name="Set Variable" owner="BuiltIn">
<var>${accounts}</var>
<arg>${response.json()}</arg>
<doc>Returns the given values which can then be assigned to a variables.</doc>
<status status="NOT RUN" start="2026-06-24T00:31:22.512674" elapsed="0.000029"/>
</kw>
<status status="NOT RUN" start="2026-06-24T00:31:22.511913" elapsed="0.000833"/>
</branch>
<status status="PASS" start="2026-06-24T00:31:22.511889" elapsed="0.000898"/>
</if>
<kw name="Set Variable" owner="BuiltIn">
<msg time="2026-06-24T00:31:22.513532" level="INFO">${acc2} = 12456</msg>
<var>${acc2}</var>
<arg>${accounts[1]['id']}</arg>
<doc>Returns the given values which can then be assigned to a variables.</doc>
<status status="PASS" start="2026-06-24T00:31:22.512878" elapsed="0.000687"/>
</kw>
<kw name="Convert To String" owner="BuiltIn">
<msg time="2026-06-24T00:31:22.513978" level="INFO">${acc2_str} = 12456</msg>
<var>${acc2_str}</var>
<arg>${acc2}</arg>
<doc>Converts the given item to a Unicode string.</doc>
<status status="PASS" start="2026-06-24T00:31:22.513687" elapsed="0.000322"/>
</kw>
<kw name="Set Global Variable" owner="BuiltIn">
<msg time="2026-06-24T00:31:22.514502" level="INFO">${ACCOUNT_ID_2} = 12456</msg>
<arg>${ACCOUNT_ID_2}</arg>
<arg>${acc2_str}</arg>
<doc>Makes a variable available globally in all tests and suites.</doc>
<status status="PASS" start="2026-06-24T00:31:22.514151" elapsed="0.000398"/>
</kw>
<doc>Loads target environment and fetch active account IDs</doc>
<status status="PASS" start="2026-06-24T00:31:21.497785" elapsed="1.016837"/>
</kw>
<test id="s1-s1-s3-t1" name="TC_API_03" line="7">
<kw name="Get Customer Accounts" owner="api_keywords">
<kw name="Log To Console" owner="BuiltIn">
<arg>Getting customer accounts</arg>
<doc>Logs the given message to the console.</doc>
<status status="PASS" start="2026-06-24T00:31:22.515718" elapsed="0.000496"/>
</kw>
<kw name="GET On Session" owner="RequestsLibrary">
<msg time="2026-06-24T00:31:22.817443" level="INFO">GET Request : url=https://parabank.parasoft.com/parabank/services/bank/customers/12212/accounts 
 path_url=/parabank/services/bank/customers/12212/accounts 
 headers={'User-Agent': 'python-requests/2.34.2', 'Accept-Encoding': 'gzip, deflate, zstd', 'Accept': 'application/json', 'Connection': 'keep-alive'} 
 body=None 
 </msg>
<msg time="2026-06-24T00:31:22.817594" level="INFO">GET Response : url=https://parabank.parasoft.com/parabank/services/bank/customers/12212/accounts 
 status=200, reason=OK 
 headers={'Date': 'Tue, 23 Jun 2026 19:01:22 GMT', 'Content-Type': 'application/json', 'Transfer-Encoding': 'chunked', 'Connection': 'keep-alive', 'Server': 'cloudflare', 'cf-cache-status': 'DYNAMIC', 'X-Content-Type-Options': 'nosniff', 'Content-Encoding': 'gzip', 'CF-RAY': 'a105bdb0381e54b6-DEL'} 
 body=[{"id":12345,"customerId":12212,"type":"CHECKING","balance":-103310.00},{"id":12456,"customerId":12212,"type":"CHECKING","balance":100010.45},{"id":12567,"customerId":12212,"type":"CHECKING","balance":100.00},{"id":12678,"customerId":12212,"type":"SAVINGS","balance":-100.00},{"id":12789,"customerId":12212,"type":"CHECKING","balance":100.00},{"id":12900,"customerId":12212,"type":"CHECKING","balance":0.00},{"id":13011,"customerId":12212,"type":"CHECKING","balance":100.00},{"id":13122,"customerId":12212,"type":"CHECKING","balance":1100.00},{"id":13233,"customerId":12212,"type":"CHECKING","balance":100.00},{"id":13344,"customerId":12212,"type":"SAVINGS","balance":1231.10},{"id":13566,"customerId":12212,"type":"LOAN","balance":100.00},{"id":13677,"customerId":12212,"type":"SAVINGS","balance":100.00},{"id":13788,"customerId":12212,"type":"CHECKING","balance":100.00},{"id":13899,"customerId":12212,"type":"CHECKING","balance":100.00},{"id":14010,"customerId":12212,"type":"CHECKING","balance":100.00},{"id":14232,"customerId":12212,"type":"CHECKING","balance":100.00},{"id":14343,"customerId":12212,"type":"CHECKING","balance":100.00},{"id":14454,"customerId":12212,"type":"CHECKING","balance":100.00},{"id":14565,"customerId":12212,"type":"CHECKING","balance":100.00},{"id":14676,"customerId":12212,"type":"CHECKING","balance":100.00},{"id":15231,"customerId":12212,"type":"SAVINGS","balance":100.00},{"id":54321,"customerId":12212,"type":"CHECKING","balance":1351.12}] 
 </msg>
<msg time="2026-06-24T00:31:22.817699" level="INFO">I:\CAPSTONE\.venv\Lib\site-packages\urllib3\connectionpool.py:1110: InsecureRequestWarning: Unverified HTTPS request is being made to host 'parabank.parasoft.com'. Adding certificate verification is strongly advised. See: https://urllib3.readthedocs.io/en/latest/advanced-usage.html#tls-warnings
  warnings.warn(</msg>
<msg time="2026-06-24T00:31:22.818091" level="INFO">${response} = &lt;Response [200]&gt;</msg>
<var>${response}</var>
<arg>parabank</arg>
<arg>/customers/${customerId}/accounts</arg>
<doc>Sends a GET request on a previously created HTTP Session.</doc>
<status status="PASS" start="2026-06-24T00:31:22.516362" elapsed="0.301784"/>
</kw>
<return>
<value>${response}</value>
<status status="PASS" start="2026-06-24T00:31:22.818293" elapsed="0.000068"/>
</return>
<msg time="2026-06-24T00:31:22.818591" level="INFO">${response} = &lt;Response [200]&gt;</msg>
<var>${response}</var>
<arg>${CUSTOMER_ID}</arg>
<doc>Gets a list of accounts for a customer ID</doc>
<status status="PASS" start="2026-06-24T00:31:22.515340" elapsed="0.303308"/>
</kw>
<kw name="Verify Response Code" owner="api_keywords">
<kw name="Log To Console" owner="BuiltIn">
<arg>Checking response status</arg>
<doc>Logs the given message to the console.</doc>
<status status="PASS" start="2026-06-24T00:31:22.819595" elapsed="0.000396"/>
</kw>
<kw name="Should Be Equal As Integers" owner="BuiltIn">
<msg time="2026-06-24T00:31:22.820758" level="INFO">Argument types are:
&lt;class 'int'&gt;
&lt;class 'str'&gt;</msg>
<arg>${response.status_code}</arg>
<arg>${code}</arg>
<doc>Fails if objects are unequal after converting them to integers.</doc>
<status status="PASS" start="2026-06-24T00:31:22.820127" elapsed="0.000695"/>
</kw>
<arg>${response}</arg>
<arg>200</arg>
<doc>Checks response code</doc>
<status status="PASS" start="2026-06-24T00:31:22.819218" elapsed="0.001696"/>
</kw>
<kw name="Log To Console" owner="BuiltIn">
<arg>Validating response</arg>
<doc>Logs the given message to the console.</doc>
<status status="PASS" start="2026-06-24T00:31:22.821178" elapsed="0.000332"/>
</kw>
<kw name="Should Contain" owner="BuiltIn">
<arg>${response.text}</arg>
<arg>${ACCOUNT_ID_2}</arg>
<doc>Fails if ``container`` does not contain ``item`` one or more times.</doc>
<status status="PASS" start="2026-06-24T00:31:22.821939" elapsed="0.000865"/>
</kw>
<doc>Verify newly created account exists in customer accounts list</doc>
<tag>api</tag>
<status status="PASS" start="2026-06-24T00:31:22.514694" elapsed="0.308508"/>
</test>
<status status="PASS" start="2026-06-24T00:31:21.493135" elapsed="1.330665"/>
</suite>
<suite id="s1-s1-s4" name="TC-API-04" source="I:\CAPSTONE\tests\api\TC-API-04.robot">
<kw name="Load Environment" owner="common_keywords" type="SETUP">
<kw name="Log To Console" owner="BuiltIn">
<arg>Loading environment</arg>
<doc>Logs the given message to the console.</doc>
<status status="PASS" start="2026-06-24T00:31:22.829843" elapsed="0.000277"/>
</kw>
<kw name="Load Env" owner="environment">
<arg>${ENV}</arg>
<status status="PASS" start="2026-06-24T00:31:22.830250" elapsed="0.001069"/>
</kw>
<kw name="Get Env" owner="environment">
<msg time="2026-06-24T00:31:22.831551" level="INFO">${url} = https://parabank.parasoft.com</msg>
<var>${url}</var>
<arg>baseurl</arg>
<status status="PASS" start="2026-06-24T00:31:22.831418" elapsed="0.000158"/>
</kw>
<kw name="Get Env" owner="environment">
<msg time="2026-06-24T00:31:22.831749" level="INFO">${username} = john</msg>
<var>${username}</var>
<arg>user_id</arg>
<status status="PASS" start="2026-06-24T00:31:22.831657" elapsed="0.000113"/>
</kw>
<kw name="Get Env" owner="environment">
<msg time="2026-06-24T00:31:22.832049" level="INFO">${password} = demo</msg>
<var>${password}</var>
<arg>user_password</arg>
<status status="PASS" start="2026-06-24T00:31:22.831907" elapsed="0.000172"/>
</kw>
<kw name="Set Global Variable" owner="BuiltIn">
<msg time="2026-06-24T00:31:22.832556" level="INFO">${BASE_URL} = https://parabank.parasoft.com</msg>
<arg>${BASE_URL}</arg>
<arg>${url}</arg>
<doc>Makes a variable available globally in all tests and suites.</doc>
<status status="PASS" start="2026-06-24T00:31:22.832211" elapsed="0.000391"/>
</kw>
<kw name="Set Global Variable" owner="BuiltIn">
<msg time="2026-06-24T00:31:22.832941" level="INFO">${USERNAME} = john</msg>
<arg>${USERNAME}</arg>
<arg>${username}</arg>
<doc>Makes a variable available globally in all tests and suites.</doc>
<status status="PASS" start="2026-06-24T00:31:22.832714" elapsed="0.000260"/>
</kw>
<kw name="Set Global Variable" owner="BuiltIn">
<msg time="2026-06-24T00:31:22.833292" level="INFO">${PASSWORD} = demo</msg>
<arg>${PASSWORD}</arg>
<arg>${password}</arg>
<doc>Makes a variable available globally in all tests and suites.</doc>
<status status="PASS" start="2026-06-24T00:31:22.833059" elapsed="0.000284"/>
</kw>
<kw name="Log To Console" owner="BuiltIn">
<arg>Fetching active accounts</arg>
<doc>Logs the given message to the console.</doc>
<status status="PASS" start="2026-06-24T00:31:22.833424" elapsed="0.000237"/>
</kw>
<kw name="Create Session To API" owner="api_keywords">
<kw name="Log To Console" owner="BuiltIn">
<arg>Creating API session</arg>
<doc>Logs the given message to the console.</doc>
<status status="PASS" start="2026-06-24T00:31:22.834038" elapsed="0.000386"/>
</kw>
<kw name="Create Dictionary" owner="BuiltIn">
<msg time="2026-06-24T00:31:22.834826" level="INFO">${headers} = {'Accept': 'application/json'}</msg>
<var>${headers}</var>
<arg>Accept=application/json</arg>
<doc>Creates and returns a dictionary based on the given ``items``.</doc>
<status status="PASS" start="2026-06-24T00:31:22.834563" elapsed="0.000287"/>
</kw>
<kw name="Create Session" owner="RequestsLibrary">
<msg time="2026-06-24T00:31:22.835128" level="INFO">Creating Session using : alias=parabank, url=https://parabank.parasoft.com/parabank/services/bank, headers={'Accept': 'application/json'},                     cookies={}, auth=None, timeout=None, proxies=None, verify=False,                     debug=0 </msg>
<arg>parabank</arg>
<arg>${API_BASE_URL}</arg>
<arg>headers=${headers}</arg>
<arg>verify=False</arg>
<doc>Create Session: create a HTTP session to a server</doc>
<status status="PASS" start="2026-06-24T00:31:22.834938" elapsed="0.000310"/>
</kw>
<doc>Creates an HTTP session for ParaBank API</doc>
<status status="PASS" start="2026-06-24T00:31:22.833862" elapsed="0.001446"/>
</kw>
<kw name="Get Customer Accounts" owner="api_keywords">
<kw name="Log To Console" owner="BuiltIn">
<arg>Getting customer accounts</arg>
<doc>Logs the given message to the console.</doc>
<status status="PASS" start="2026-06-24T00:31:22.835612" elapsed="0.000267"/>
</kw>
<kw name="GET On Session" owner="RequestsLibrary">
<msg time="2026-06-24T00:31:23.328286" level="INFO">GET Request : url=https://parabank.parasoft.com/parabank/services/bank/customers/12212/accounts 
 path_url=/parabank/services/bank/customers/12212/accounts 
 headers={'User-Agent': 'python-requests/2.34.2', 'Accept-Encoding': 'gzip, deflate, zstd', 'Accept': 'application/json', 'Connection': 'keep-alive'} 
 body=None 
 </msg>
<msg time="2026-06-24T00:31:23.328393" level="INFO">GET Response : url=https://parabank.parasoft.com/parabank/services/bank/customers/12212/accounts 
 status=200, reason=OK 
 headers={'Date': 'Tue, 23 Jun 2026 19:01:23 GMT', 'Content-Type': 'application/json', 'Transfer-Encoding': 'chunked', 'Connection': 'keep-alive', 'Server': 'cloudflare', 'cf-cache-status': 'DYNAMIC', 'X-Content-Type-Options': 'nosniff', 'Content-Encoding': 'gzip', 'CF-RAY': 'a105bdb29f158e7e-DEL'} 
 body=[{"id":12345,"customerId":12212,"type":"CHECKING","balance":-103310.00},{"id":12456,"customerId":12212,"type":"CHECKING","balance":100010.45},{"id":12567,"customerId":12212,"type":"CHECKING","balance":100.00},{"id":12678,"customerId":12212,"type":"SAVINGS","balance":-100.00},{"id":12789,"customerId":12212,"type":"CHECKING","balance":100.00},{"id":12900,"customerId":12212,"type":"CHECKING","balance":0.00},{"id":13011,"customerId":12212,"type":"CHECKING","balance":100.00},{"id":13122,"customerId":12212,"type":"CHECKING","balance":1100.00},{"id":13233,"customerId":12212,"type":"CHECKING","balance":100.00},{"id":13344,"customerId":12212,"type":"SAVINGS","balance":1231.10},{"id":13566,"customerId":12212,"type":"LOAN","balance":100.00},{"id":13677,"customerId":12212,"type":"SAVINGS","balance":100.00},{"id":13788,"customerId":12212,"type":"CHECKING","balance":100.00},{"id":13899,"customerId":12212,"type":"CHECKING","balance":100.00},{"id":14010,"customerId":12212,"type":"CHECKING","balance":100.00},{"id":14232,"customerId":12212,"type":"CHECKING","balance":100.00},{"id":14343,"customerId":12212,"type":"CHECKING","balance":100.00},{"id":14454,"customerId":12212,"type":"CHECKING","balance":100.00},{"id":14565,"customerId":12212,"type":"CHECKING","balance":100.00},{"id":14676,"customerId":12212,"type":"CHECKING","balance":100.00},{"id":15231,"customerId":12212,"type":"SAVINGS","balance":100.00},{"id":54321,"customerId":12212,"type":"CHECKING","balance":1351.12}] 
 </msg>
<msg time="2026-06-24T00:31:23.328505" level="INFO">I:\CAPSTONE\.venv\Lib\site-packages\urllib3\connectionpool.py:1110: InsecureRequestWarning: Unverified HTTPS request is being made to host 'parabank.parasoft.com'. Adding certificate verification is strongly advised. See: https://urllib3.readthedocs.io/en/latest/advanced-usage.html#tls-warnings
  warnings.warn(</msg>
<msg time="2026-06-24T00:31:23.328755" level="INFO">${response} = &lt;Response [200]&gt;</msg>
<var>${response}</var>
<arg>parabank</arg>
<arg>/customers/${customerId}/accounts</arg>
<doc>Sends a GET request on a previously created HTTP Session.</doc>
<status status="PASS" start="2026-06-24T00:31:22.835987" elapsed="0.492807"/>
</kw>
<return>
<value>${response}</value>
<status status="PASS" start="2026-06-24T00:31:23.328890" elapsed="0.000059"/>
</return>
<msg time="2026-06-24T00:31:23.329102" level="INFO">${response} = &lt;Response [200]&gt;</msg>
<var>${response}</var>
<arg>${CUSTOMER_ID}</arg>
<doc>Gets a list of accounts for a customer ID</doc>
<status status="PASS" start="2026-06-24T00:31:22.835435" elapsed="0.493697"/>
</kw>
<kw name="Set Variable" owner="BuiltIn">
<msg time="2026-06-24T00:31:23.329986" level="INFO">${accounts} = [{'id': 12345, 'customerId': 12212, 'type': 'CHECKING', 'balance': -103310.0}, {'id': 12456, 'customerId': 12212, 'type': 'CHECKING', 'balance': 100010.45}, {'id': 12567, 'customerId': 12212, 'type': ...</msg>
<var>${accounts}</var>
<arg>${response.json()}</arg>
<doc>Returns the given values which can then be assigned to a variables.</doc>
<status status="PASS" start="2026-06-24T00:31:23.329288" elapsed="0.000728"/>
</kw>
<kw name="Get Length" owner="BuiltIn">
<msg time="2026-06-24T00:31:23.330361" level="INFO">Length is 22.</msg>
<msg time="2026-06-24T00:31:23.330422" level="INFO">${length} = 22</msg>
<var>${length}</var>
<arg>${accounts}</arg>
<doc>Returns and logs the length of the given item as an integer.</doc>
<status status="PASS" start="2026-06-24T00:31:23.330137" elapsed="0.000306"/>
</kw>
<if>
<branch type="IF" condition="${length} &lt; 2">
<kw name="Create Account" owner="api_keywords">
<arg>${CUSTOMER_ID}</arg>
<arg>0</arg>
<arg>${ACCOUNT_ID}</arg>
<doc>Creates a new account for the customer via API</doc>
<status status="NOT RUN" start="2026-06-24T00:31:23.330737" elapsed="0.000027"/>
</kw>
<kw name="Get Customer Accounts" owner="api_keywords">
<var>${response}</var>
<arg>${CUSTOMER_ID}</arg>
<doc>Gets a list of accounts for a customer ID</doc>
<status status="NOT RUN" start="2026-06-24T00:31:23.330881" elapsed="0.000023"/>
</kw>
<kw name="Set Variable" owner="BuiltIn">
<var>${accounts}</var>
<arg>${response.json()}</arg>
<doc>Returns the given values which can then be assigned to a variables.</doc>
<status status="NOT RUN" start="2026-06-24T00:31:23.330985" elapsed="0.000021"/>
</kw>
<status status="NOT RUN" start="2026-06-24T00:31:23.330519" elapsed="0.000519"/>
</branch>
<status status="PASS" start="2026-06-24T00:31:23.330499" elapsed="0.000570"/>
</if>
<kw name="Set Variable" owner="BuiltIn">
<msg time="2026-06-24T00:31:23.331587" level="INFO">${acc2} = 12456</msg>
<var>${acc2}</var>
<arg>${accounts[1]['id']}</arg>
<doc>Returns the given values which can then be assigned to a variables.</doc>
<status status="PASS" start="2026-06-24T00:31:23.331137" elapsed="0.000475"/>
</kw>
<kw name="Convert To String" owner="BuiltIn">
<msg time="2026-06-24T00:31:23.331922" level="INFO">${acc2_str} = 12456</msg>
<var>${acc2_str}</var>
<arg>${acc2}</arg>
<doc>Converts the given item to a Unicode string.</doc>
<status status="PASS" start="2026-06-24T00:31:23.331701" elapsed="0.000245"/>
</kw>
<kw name="Set Global Variable" owner="BuiltIn">
<msg time="2026-06-24T00:31:23.332283" level="INFO">${ACCOUNT_ID_2} = 12456</msg>
<arg>${ACCOUNT_ID_2}</arg>
<arg>${acc2_str}</arg>
<doc>Makes a variable available globally in all tests and suites.</doc>
<status status="PASS" start="2026-06-24T00:31:23.332039" elapsed="0.000279"/>
</kw>
<doc>Loads target environment and fetch active account IDs</doc>
<status status="PASS" start="2026-06-24T00:31:22.829689" elapsed="0.502681"/>
</kw>
<test id="s1-s1-s4-t1" name="TC_API_04" line="7">
<kw name="Transfer Funds API" owner="api_keywords">
<kw name="Log To Console" owner="BuiltIn">
<arg>Transferring funds via API</arg>
<doc>Logs the given message to the console.</doc>
<status status="PASS" start="2026-06-24T00:31:23.333163" elapsed="0.000321"/>
</kw>
<kw name="Create Dictionary" owner="BuiltIn">
<msg time="2026-06-24T00:31:23.334055" level="INFO">${q_params} = {'fromAccountId': '13344', 'toAccountId': '12456', 'amount': '150'}</msg>
<var>${q_params}</var>
<arg>fromAccountId=${fromAccountId}</arg>
<arg>toAccountId=${toAccountId}</arg>
<arg>amount=${amount}</arg>
<doc>Creates and returns a dictionary based on the given ``items``.</doc>
<status status="PASS" start="2026-06-24T00:31:23.333649" elapsed="0.000436"/>
</kw>
<kw name="POST On Session" owner="RequestsLibrary">
<msg time="2026-06-24T00:31:23.635639" level="INFO">POST Request : url=https://parabank.parasoft.com/parabank/services/bank/transfer?fromAccountId=13344&amp;toAccountId=12456&amp;amount=150 
 path_url=/parabank/services/bank/transfer?fromAccountId=13344&amp;toAccountId=12456&amp;amount=150 
 headers={'User-Agent': 'python-requests/2.34.2', 'Accept-Encoding': 'gzip, deflate, zstd', 'Accept': 'application/json', 'Connection': 'keep-alive', 'Content-Length': '0'} 
 body=None 
 </msg>
<msg time="2026-06-24T00:31:23.635748" level="INFO">POST Response : url=https://parabank.parasoft.com/parabank/services/bank/transfer?fromAccountId=13344&amp;toAccountId=12456&amp;amount=150 
 status=200, reason=OK 
 headers={'Date': 'Tue, 23 Jun 2026 19:01:23 GMT', 'Content-Type': 'application/json', 'Transfer-Encoding': 'chunked', 'Connection': 'keep-alive', 'Server': 'cloudflare', 'cf-cache-status': 'DYNAMIC', 'X-Content-Type-Options': 'nosniff', 'Content-Encoding': 'gzip', 'CF-RAY': 'a105bdb54f9f8e7e-DEL'} 
 body=Successfully transferred $150 from account #13344 to account #12456 
 </msg>
<msg time="2026-06-24T00:31:23.635823" level="INFO">I:\CAPSTONE\.venv\Lib\site-packages\urllib3\connectionpool.py:1110: InsecureRequestWarning: Unverified HTTPS request is being made to host 'parabank.parasoft.com'. Adding certificate verification is strongly advised. See: https://urllib3.readthedocs.io/en/latest/advanced-usage.html#tls-warnings
  warnings.warn(</msg>
<msg time="2026-06-24T00:31:23.636149" level="INFO">${response} = &lt;Response [200]&gt;</msg>
<var>${response}</var>
<arg>parabank</arg>
<arg>/transfer</arg>
<arg>params=${q_params}</arg>
<doc>Sends a POST request on a previously created HTTP Session.</doc>
<status status="PASS" start="2026-06-24T00:31:23.334200" elapsed="0.301993"/>
</kw>
<return>
<value>${response}</value>
<status status="PASS" start="2026-06-24T00:31:23.636328" elapsed="0.000069"/>
</return>
<msg time="2026-06-24T00:31:23.636702" level="INFO">${response} = &lt;Response [200]&gt;</msg>
<var>${response}</var>
<arg>${ACCOUNT_ID}</arg>
<arg>${ACCOUNT_ID_2}</arg>
<arg>150</arg>
<doc>Transfers funds via API</doc>
<status status="PASS" start="2026-06-24T00:31:23.332852" elapsed="0.303892"/>
</kw>
<kw name="Verify Response Code" owner="api_keywords">
<kw name="Log To Console" owner="BuiltIn">
<arg>Checking response status</arg>
<doc>Logs the given message to the console.</doc>
<status status="PASS" start="2026-06-24T00:31:23.637532" elapsed="0.000384"/>
</kw>
<kw name="Should Be Equal As Integers" owner="BuiltIn">
<msg time="2026-06-24T00:31:23.638717" level="INFO">Argument types are:
&lt;class 'int'&gt;
&lt;class 'str'&gt;</msg>
<arg>${response.status_code}</arg>
<arg>${code}</arg>
<doc>Fails if objects are unequal after converting them to integers.</doc>
<status status="PASS" start="2026-06-24T00:31:23.638065" elapsed="0.000725"/>
</kw>
<arg>${response}</arg>
<arg>200</arg>
<doc>Checks response code</doc>
<status status="PASS" start="2026-06-24T00:31:23.637170" elapsed="0.001699"/>
</kw>
<kw name="Log To Console" owner="BuiltIn">
<arg>Validating response</arg>
<doc>Logs the given message to the console.</doc>
<status status="PASS" start="2026-06-24T00:31:23.639177" elapsed="0.000341"/>
</kw>
<kw name="Should Contain" owner="BuiltIn">
<arg>${response.text}</arg>
<arg>Successfully transferred</arg>
<doc>Fails if ``container`` does not contain ``item`` one or more times.</doc>
<status status="PASS" start="2026-06-24T00:31:23.639840" elapsed="0.000651"/>
</kw>
<doc>Verify fund transfer via API</doc>
<tag>api</tag>
<status status="PASS" start="2026-06-24T00:31:23.332426" elapsed="0.308347"/>
</test>
<status status="PASS" start="2026-06-24T00:31:22.824671" elapsed="0.816826"/>
</suite>
<suite id="s1-s1-s5" name="TC-API-05" source="I:\CAPSTONE\tests\api\TC-API-05.robot">
<kw name="Load Environment" owner="common_keywords" type="SETUP">
<kw name="Log To Console" owner="BuiltIn">
<arg>Loading environment</arg>
<doc>Logs the given message to the console.</doc>
<status status="PASS" start="2026-06-24T00:31:23.649477" elapsed="0.000338"/>
</kw>
<kw name="Load Env" owner="environment">
<arg>${ENV}</arg>
<status status="PASS" start="2026-06-24T00:31:23.649984" elapsed="0.001362"/>
</kw>
<kw name="Get Env" owner="environment">
<msg time="2026-06-24T00:31:23.651579" level="INFO">${url} = https://parabank.parasoft.com</msg>
<var>${url}</var>
<arg>baseurl</arg>
<status status="PASS" start="2026-06-24T00:31:23.651459" elapsed="0.000146"/>
</kw>
<kw name="Get Env" owner="environment">
<msg time="2026-06-24T00:31:23.651782" level="INFO">${username} = john</msg>
<var>${username}</var>
<arg>user_id</arg>
<status status="PASS" start="2026-06-24T00:31:23.651689" elapsed="0.000144"/>
</kw>
<kw name="Get Env" owner="environment">
<msg time="2026-06-24T00:31:23.652001" level="INFO">${password} = demo</msg>
<var>${password}</var>
<arg>user_password</arg>
<status status="PASS" start="2026-06-24T00:31:23.651912" elapsed="0.000110"/>
</kw>
<kw name="Set Global Variable" owner="BuiltIn">
<msg time="2026-06-24T00:31:23.652395" level="INFO">${BASE_URL} = https://parabank.parasoft.com</msg>
<arg>${BASE_URL}</arg>
<arg>${url}</arg>
<doc>Makes a variable available globally in all tests and suites.</doc>
<status status="PASS" start="2026-06-24T00:31:23.652109" elapsed="0.000322"/>
</kw>
<kw name="Set Global Variable" owner="BuiltIn">
<msg time="2026-06-24T00:31:23.652747" level="INFO">${USERNAME} = john</msg>
<arg>${USERNAME}</arg>
<arg>${username}</arg>
<doc>Makes a variable available globally in all tests and suites.</doc>
<status status="PASS" start="2026-06-24T00:31:23.652520" elapsed="0.000259"/>
</kw>
<kw name="Set Global Variable" owner="BuiltIn">
<msg time="2026-06-24T00:31:23.653082" level="INFO">${PASSWORD} = demo</msg>
<arg>${PASSWORD}</arg>
<arg>${password}</arg>
<doc>Makes a variable available globally in all tests and suites.</doc>
<status status="PASS" start="2026-06-24T00:31:23.652862" elapsed="0.000287"/>
</kw>
<kw name="Log To Console" owner="BuiltIn">
<arg>Fetching active accounts</arg>
<doc>Logs the given message to the console.</doc>
<status status="PASS" start="2026-06-24T00:31:23.653258" elapsed="0.000314"/>
</kw>
<kw name="Create Session To API" owner="api_keywords">
<kw name="Log To Console" owner="BuiltIn">
<arg>Creating API session</arg>
<doc>Logs the given message to the console.</doc>
<status status="PASS" start="2026-06-24T00:31:23.653926" elapsed="0.000286"/>
</kw>
<kw name="Create Dictionary" owner="BuiltIn">
<msg time="2026-06-24T00:31:23.654555" level="INFO">${headers} = {'Accept': 'application/json'}</msg>
<var>${headers}</var>
<arg>Accept=application/json</arg>
<doc>Creates and returns a dictionary based on the given ``items``.</doc>
<status status="PASS" start="2026-06-24T00:31:23.654331" elapsed="0.000249"/>
</kw>
<kw name="Create Session" owner="RequestsLibrary">
<msg time="2026-06-24T00:31:23.654840" level="INFO">Creating Session using : alias=parabank, url=https://parabank.parasoft.com/parabank/services/bank, headers={'Accept': 'application/json'},                     cookies={}, auth=None, timeout=None, proxies=None, verify=False,                     debug=0 </msg>
<arg>parabank</arg>
<arg>${API_BASE_URL}</arg>
<arg>headers=${headers}</arg>
<arg>verify=False</arg>
<doc>Create Session: create a HTTP session to a server</doc>
<status status="PASS" start="2026-06-24T00:31:23.654667" elapsed="0.000293"/>
</kw>
<doc>Creates an HTTP session for ParaBank API</doc>
<status status="PASS" start="2026-06-24T00:31:23.653754" elapsed="0.001266"/>
</kw>
<kw name="Get Customer Accounts" owner="api_keywords">
<kw name="Log To Console" owner="BuiltIn">
<arg>Getting customer accounts</arg>
<doc>Logs the given message to the console.</doc>
<status status="PASS" start="2026-06-24T00:31:23.655300" elapsed="0.000221"/>
</kw>
<kw name="GET On Session" owner="RequestsLibrary">
<msg time="2026-06-24T00:31:24.159479" level="INFO">GET Request : url=https://parabank.parasoft.com/parabank/services/bank/customers/12212/accounts 
 path_url=/parabank/services/bank/customers/12212/accounts 
 headers={'User-Agent': 'python-requests/2.34.2', 'Accept-Encoding': 'gzip, deflate, zstd', 'Accept': 'application/json', 'Connection': 'keep-alive'} 
 body=None 
 </msg>
<msg time="2026-06-24T00:31:24.159578" level="INFO">GET Response : url=https://parabank.parasoft.com/parabank/services/bank/customers/12212/accounts 
 status=200, reason=OK 
 headers={'Date': 'Tue, 23 Jun 2026 19:01:24 GMT', 'Content-Type': 'application/json', 'Transfer-Encoding': 'chunked', 'Connection': 'keep-alive', 'Server': 'cloudflare', 'cf-cache-status': 'DYNAMIC', 'X-Content-Type-Options': 'nosniff', 'Content-Encoding': 'gzip', 'CF-RAY': 'a105bdb8282c5977-DEL'} 
 body=[{"id":12345,"customerId":12212,"type":"CHECKING","balance":-103410.00},{"id":12456,"customerId":12212,"type":"CHECKING","balance":100160.45},{"id":12567,"customerId":12212,"type":"CHECKING","balance":100.00},{"id":12678,"customerId":12212,"type":"SAVINGS","balance":-100.00},{"id":12789,"customerId":12212,"type":"CHECKING","balance":100.00},{"id":12900,"customerId":12212,"type":"CHECKING","balance":0.00},{"id":13011,"customerId":12212,"type":"CHECKING","balance":100.00},{"id":13122,"customerId":12212,"type":"CHECKING","balance":1100.00},{"id":13233,"customerId":12212,"type":"CHECKING","balance":100.00},{"id":13344,"customerId":12212,"type":"SAVINGS","balance":1081.10},{"id":13566,"customerId":12212,"type":"LOAN","balance":100.00},{"id":13677,"customerId":12212,"type":"SAVINGS","balance":100.00},{"id":13788,"customerId":12212,"type":"CHECKING","balance":100.00},{"id":13899,"customerId":12212,"type":"CHECKING","balance":100.00},{"id":14010,"customerId":12212,"type":"CHECKING","balance":100.00},{"id":14232,"customerId":12212,"type":"CHECKING","balance":100.00},{"id":14343,"customerId":12212,"type":"CHECKING","balance":100.00},{"id":14454,"customerId":12212,"type":"CHECKING","balance":100.00},{"id":14565,"customerId":12212,"type":"CHECKING","balance":100.00},{"id":14676,"customerId":12212,"type":"CHECKING","balance":100.00},{"id":15231,"customerId":12212,"type":"SAVINGS","balance":100.00},{"id":15342,"customerId":12212,"type":"CHECKING","balance":100.00},{"id":54321,"customerId":12212,"type":"CHECKING","balance":1351.12}] 
 </msg>
<msg time="2026-06-24T00:31:24.159714" level="INFO">I:\CAPSTONE\.venv\Lib\site-packages\urllib3\connectionpool.py:1110: InsecureRequestWarning: Unverified HTTPS request is being made to host 'parabank.parasoft.com'. Adding certificate verification is strongly advised. See: https://urllib3.readthedocs.io/en/latest/advanced-usage.html#tls-warnings
  warnings.warn(</msg>
<msg time="2026-06-24T00:31:24.159939" level="INFO">${response} = &lt;Response [200]&gt;</msg>
<var>${response}</var>
<arg>parabank</arg>
<arg>/customers/${customerId}/accounts</arg>
<doc>Sends a GET request on a previously created HTTP Session.</doc>
<status status="PASS" start="2026-06-24T00:31:23.655615" elapsed="0.504364"/>
</kw>
<return>
<value>${response}</value>
<status status="PASS" start="2026-06-24T00:31:24.160071" elapsed="0.000058"/>
</return>
<msg time="2026-06-24T00:31:24.160312" level="INFO">${response} = &lt;Response [200]&gt;</msg>
<var>${response}</var>
<arg>${CUSTOMER_ID}</arg>
<doc>Gets a list of accounts for a customer ID</doc>
<status status="PASS" start="2026-06-24T00:31:23.655141" elapsed="0.505200"/>
</kw>
<kw name="Set Variable" owner="BuiltIn">
<msg time="2026-06-24T00:31:24.161207" level="INFO">${accounts} = [{'id': 12345, 'customerId': 12212, 'type': 'CHECKING', 'balance': -103410.0}, {'id': 12456, 'customerId': 12212, 'type': 'CHECKING', 'balance': 100160.45}, {'id': 12567, 'customerId': 12212, 'type': ...</msg>
<var>${accounts}</var>
<arg>${response.json()}</arg>
<doc>Returns the given values which can then be assigned to a variables.</doc>
<status status="PASS" start="2026-06-24T00:31:24.160489" elapsed="0.000747"/>
</kw>
<kw name="Get Length" owner="BuiltIn">
<msg time="2026-06-24T00:31:24.161535" level="INFO">Length is 23.</msg>
<msg time="2026-06-24T00:31:24.161643" level="INFO">${length} = 23</msg>
<var>${length}</var>
<arg>${accounts}</arg>
<doc>Returns and logs the length of the given item as an integer.</doc>
<status status="PASS" start="2026-06-24T00:31:24.161327" elapsed="0.000355"/>
</kw>
<if>
<branch type="IF" condition="${length} &lt; 2">
<kw name="Create Account" owner="api_keywords">
<arg>${CUSTOMER_ID}</arg>
<arg>0</arg>
<arg>${ACCOUNT_ID}</arg>
<doc>Creates a new account for the customer via API</doc>
<status status="NOT RUN" start="2026-06-24T00:31:24.162049" elapsed="0.000035"/>
</kw>
<kw name="Get Customer Accounts" owner="api_keywords">
<var>${response}</var>
<arg>${CUSTOMER_ID}</arg>
<doc>Gets a list of accounts for a customer ID</doc>
<status status="NOT RUN" start="2026-06-24T00:31:24.162235" elapsed="0.000039"/>
</kw>
<kw name="Set Variable" owner="BuiltIn">
<var>${accounts}</var>
<arg>${response.json()}</arg>
<doc>Returns the given values which can then be assigned to a variables.</doc>
<status status="NOT RUN" start="2026-06-24T00:31:24.162380" elapsed="0.000022"/>
</kw>
<status status="NOT RUN" start="2026-06-24T00:31:24.161783" elapsed="0.000650"/>
</branch>
<status status="PASS" start="2026-06-24T00:31:24.161758" elapsed="0.000707"/>
</if>
<kw name="Set Variable" owner="BuiltIn">
<msg time="2026-06-24T00:31:24.162976" level="INFO">${acc2} = 12456</msg>
<var>${acc2}</var>
<arg>${accounts[1]['id']}</arg>
<doc>Returns the given values which can then be assigned to a variables.</doc>
<status status="PASS" start="2026-06-24T00:31:24.162533" elapsed="0.000469"/>
</kw>
<kw name="Convert To String" owner="BuiltIn">
<msg time="2026-06-24T00:31:24.163346" level="INFO">${acc2_str} = 12456</msg>
<var>${acc2_str}</var>
<arg>${acc2}</arg>
<doc>Converts the given item to a Unicode string.</doc>
<status status="PASS" start="2026-06-24T00:31:24.163124" elapsed="0.000254"/>
</kw>
<kw name="Set Global Variable" owner="BuiltIn">
<msg time="2026-06-24T00:31:24.163712" level="INFO">${ACCOUNT_ID_2} = 12456</msg>
<arg>${ACCOUNT_ID_2}</arg>
<arg>${acc2_str}</arg>
<doc>Makes a variable available globally in all tests and suites.</doc>
<status status="PASS" start="2026-06-24T00:31:24.163471" elapsed="0.000277"/>
</kw>
<doc>Loads target environment and fetch active account IDs</doc>
<status status="PASS" start="2026-06-24T00:31:23.649214" elapsed="0.514586"/>
</kw>
<test id="s1-s1-s5-t1" name="TC_API_05" line="7">
<kw name="Get Account Details" owner="api_keywords">
<kw name="Log To Console" owner="BuiltIn">
<arg>Getting account details</arg>
<doc>Logs the given message to the console.</doc>
<status status="PASS" start="2026-06-24T00:31:24.164578" elapsed="0.000282"/>
</kw>
<kw name="GET On Session" owner="RequestsLibrary">
<msg time="2026-06-24T00:31:24.448844" level="INFO">GET Request : url=https://parabank.parasoft.com/parabank/services/bank/accounts/13344 
 path_url=/parabank/services/bank/accounts/13344 
 headers={'User-Agent': 'python-requests/2.34.2', 'Accept-Encoding': 'gzip, deflate, zstd', 'Accept': 'application/json', 'Connection': 'keep-alive'} 
 body=None 
 </msg>
<msg time="2026-06-24T00:31:24.448963" level="INFO">GET Response : url=https://parabank.parasoft.com/parabank/services/bank/accounts/13344 
 status=200, reason=OK 
 headers={'Date': 'Tue, 23 Jun 2026 19:01:24 GMT', 'Content-Type': 'application/json', 'Transfer-Encoding': 'chunked', 'Connection': 'keep-alive', 'Server': 'cloudflare', 'cf-cache-status': 'DYNAMIC', 'X-Content-Type-Options': 'nosniff', 'Content-Encoding': 'gzip', 'CF-RAY': 'a105bdba88e65977-DEL'} 
 body={"id":13344,"customerId":12212,"type":"SAVINGS","balance":1081.10} 
 </msg>
<msg time="2026-06-24T00:31:24.449034" level="INFO">I:\CAPSTONE\.venv\Lib\site-packages\urllib3\connectionpool.py:1110: InsecureRequestWarning: Unverified HTTPS request is being made to host 'parabank.parasoft.com'. Adding certificate verification is strongly advised. See: https://urllib3.readthedocs.io/en/latest/advanced-usage.html#tls-warnings
  warnings.warn(</msg>
<msg time="2026-06-24T00:31:24.449315" level="INFO">${response} = &lt;Response [200]&gt;</msg>
<var>${response}</var>
<arg>parabank</arg>
<arg>/accounts/${accountId}</arg>
<doc>Sends a GET request on a previously created HTTP Session.</doc>
<status status="PASS" start="2026-06-24T00:31:24.164981" elapsed="0.284391"/>
</kw>
<return>
<value>${response}</value>
<status status="PASS" start="2026-06-24T00:31:24.449499" elapsed="0.000071"/>
</return>
<msg time="2026-06-24T00:31:24.449773" level="INFO">${response} = &lt;Response [200]&gt;</msg>
<var>${response}</var>
<arg>${ACCOUNT_ID}</arg>
<doc>Gets details for an account ID</doc>
<status status="PASS" start="2026-06-24T00:31:24.164314" elapsed="0.285494"/>
</kw>
<kw name="Verify Response Code" owner="api_keywords">
<kw name="Log To Console" owner="BuiltIn">
<arg>Checking response status</arg>
<doc>Logs the given message to the console.</doc>
<status status="PASS" start="2026-06-24T00:31:24.450790" elapsed="0.000384"/>
</kw>
<kw name="Should Be Equal As Integers" owner="BuiltIn">
<msg time="2026-06-24T00:31:24.451967" level="INFO">Argument types are:
&lt;class 'int'&gt;
&lt;class 'str'&gt;</msg>
<arg>${response.status_code}</arg>
<arg>${code}</arg>
<doc>Fails if objects are unequal after converting them to integers.</doc>
<status status="PASS" start="2026-06-24T00:31:24.451321" elapsed="0.000712"/>
</kw>
<arg>${response}</arg>
<arg>200</arg>
<doc>Checks response code</doc>
<status status="PASS" start="2026-06-24T00:31:24.450402" elapsed="0.001710"/>
</kw>
<kw name="Log To Console" owner="BuiltIn">
<arg>Validating response</arg>
<doc>Logs the given message to the console.</doc>
<status status="PASS" start="2026-06-24T00:31:24.452483" elapsed="0.000381"/>
</kw>
<kw name="Should Contain" owner="BuiltIn">
<arg>${response.text}</arg>
<arg>balance</arg>
<doc>Fails if ``container`` does not contain ``item`` one or more times.</doc>
<status status="PASS" start="2026-06-24T00:31:24.453157" elapsed="0.000667"/>
</kw>
<doc>Verify source account balance after transfer</doc>
<tag>api</tag>
<status status="PASS" start="2026-06-24T00:31:24.163855" elapsed="0.290280"/>
</test>
<status status="PASS" start="2026-06-24T00:31:23.642374" elapsed="0.812390"/>
</suite>
<suite id="s1-s1-s6" name="TC-API-06" source="I:\CAPSTONE\tests\api\TC-API-06.robot">
<kw name="Load Environment" owner="common_keywords" type="SETUP">
<kw name="Log To Console" owner="BuiltIn">
<arg>Loading environment</arg>
<doc>Logs the given message to the console.</doc>
<status status="PASS" start="2026-06-24T00:31:24.461639" elapsed="0.000395"/>
</kw>
<kw name="Load Env" owner="environment">
<arg>${ENV}</arg>
<status status="PASS" start="2026-06-24T00:31:24.462202" elapsed="0.001283"/>
</kw>
<kw name="Get Env" owner="environment">
<msg time="2026-06-24T00:31:24.463811" level="INFO">${url} = https://parabank.parasoft.com</msg>
<var>${url}</var>
<arg>baseurl</arg>
<status status="PASS" start="2026-06-24T00:31:24.463619" elapsed="0.000226"/>
</kw>
<kw name="Get Env" owner="environment">
<msg time="2026-06-24T00:31:24.464050" level="INFO">${username} = john</msg>
<var>${username}</var>
<arg>user_id</arg>
<status status="PASS" start="2026-06-24T00:31:24.463946" elapsed="0.000127"/>
</kw>
<kw name="Get Env" owner="environment">
<msg time="2026-06-24T00:31:24.464262" level="INFO">${password} = demo</msg>
<var>${password}</var>
<arg>user_password</arg>
<status status="PASS" start="2026-06-24T00:31:24.464161" elapsed="0.000122"/>
</kw>
<kw name="Set Global Variable" owner="BuiltIn">
<msg time="2026-06-24T00:31:24.464758" level="INFO">${BASE_URL} = https://parabank.parasoft.com</msg>
<arg>${BASE_URL}</arg>
<arg>${url}</arg>
<doc>Makes a variable available globally in all tests and suites.</doc>
[...]
</kw>
<kw name="Get Customer Accounts" owner="api_keywords">
<kw name="Log To Console" owner="BuiltIn">
<arg>Getting customer accounts</arg>
<doc>Logs the given message to the console.</doc>
<status status="PASS" start="2026-06-24T00:34:19.922405" elapsed="0.000376"/>
</kw>
<kw name="GET On Session" owner="RequestsLibrary">
<msg time="2026-06-24T00:34:20.371908" level="INFO">GET Request : url=https://parabank.parasoft.com/parabank/services/bank/customers/12212/accounts 
 path_url=/parabank/services/bank/customers/12212/accounts 
 headers={'User-Agent': 'python-requests/2.34.2', 'Accept-Encoding': 'gzip, deflate, zstd', 'Accept': 'application/json', 'Connection': 'keep-alive'} 
 body=None 
 </msg>
<msg time="2026-06-24T00:34:20.372016" level="INFO">GET Response : url=https://parabank.parasoft.com/parabank/services/bank/customers/12212/accounts 
 status=200, reason=OK 
 headers={'Date': 'Tue, 23 Jun 2026 19:04:20 GMT', 'Content-Type': 'application/json', 'Transfer-Encoding': 'chunked', 'Connection': 'keep-alive', 'Server': 'cloudflare', 'cf-cache-status': 'DYNAMIC', 'X-Content-Type-Options': 'nosniff', 'Content-Encoding': 'gzip', 'CF-RAY': 'a105c205cdda5483-DEL'} 
 body=[{"id":12345,"customerId":12212,"type":"CHECKING","balance":-104010.00},{"id":12456,"customerId":12212,"type":"CHECKING","balance":1100629.45},{"id":12567,"customerId":12212,"type":"CHECKING","balance":100.00},{"id":12678,"customerId":12212,"type":"SAVINGS","balance":-100.00},{"id":12789,"customerId":12212,"type":"CHECKING","balance":100.00},{"id":12900,"customerId":12212,"type":"CHECKING","balance":0.00},{"id":13011,"customerId":12212,"type":"CHECKING","balance":100.00},{"id":13122,"customerId":12212,"type":"CHECKING","balance":1100.00},{"id":13233,"customerId":12212,"type":"CHECKING","balance":100.00},{"id":13344,"customerId":12212,"type":"SAVINGS","balance":-999387.90},{"id":13566,"customerId":12212,"type":"LOAN","balance":100.00},{"id":13677,"customerId":12212,"type":"SAVINGS","balance":100.00},{"id":13788,"customerId":12212,"type":"CHECKING","balance":100.00},{"id":13899,"customerId":12212,"type":"CHECKING","balance":100.00},{"id":14010,"customerId":12212,"type":"CHECKING","balance":100.00},{"id":14232,"customerId":12212,"type":"CHECKING","balance":100.00},{"id":14343,"customerId":12212,"type":"CHECKING","balance":100.00},{"id":14454,"customerId":12212,"type":"CHECKING","balance":100.00},{"id":14565,"customerId":12212,"type":"CHECKING","balance":100.00},{"id":14676,"customerId":12212,"type":"CHECKING","balance":100.00},{"id":15231,"customerId":12212,"type":"SAVINGS","balance":100.00},{"id":15342,"customerId":12212,"type":"CHECKING","balance":100.00},{"id":15453,"customerId":12212,"type":"CHECKING","balance":100.00},{"id":15564,"customerId":12212,"type":"SAVINGS","balance":100.00},{"id":16119,"customerId":12212,"type":"SAVINGS","balance":100.00},{"id":16230,"customerId":12212,"type":"SAVINGS","balance":100.00},{"id":16341,"customerId":12212,"type":"CHECKING","balance":100.00},{"id":16452,"customerId":12212,"type":"CHECKING","balance":100.00},{"id":54321,"customerId":12212,"type":"CHECKING","balance":1351.12}] 
 </msg>
<msg time="2026-06-24T00:34:20.372136" level="INFO">I:\CAPSTONE\.venv\Lib\site-packages\urllib3\connectionpool.py:1110: InsecureRequestWarning: Unverified HTTPS request is being made to host 'parabank.parasoft.com'. Adding certificate verification is strongly advised. See: https://urllib3.readthedocs.io/en/latest/advanced-usage.html#tls-warnings
  warnings.warn(</msg>
<msg time="2026-06-24T00:34:20.372483" level="INFO">${response} = &lt;Response [200]&gt;</msg>
<var>${response}</var>
<arg>parabank</arg>
<arg>/customers/${customerId}/accounts</arg>
<doc>Sends a GET request on a previously created HTTP Session.</doc>
<status status="PASS" start="2026-06-24T00:34:19.922982" elapsed="0.449573"/>
</kw>
<return>
<value>${response}</value>
<status status="PASS" start="2026-06-24T00:34:20.372717" elapsed="0.000091"/>
</return>
<msg time="2026-06-24T00:34:20.373084" level="INFO">${response} = &lt;Response [200]&gt;</msg>
<var>${response}</var>
<arg>${CUSTOMER_ID}</arg>
<doc>Gets a list of accounts for a customer ID</doc>
<status status="PASS" start="2026-06-24T00:34:19.922195" elapsed="0.450946"/>
</kw>
<kw name="Set Variable" owner="BuiltIn">
<msg time="2026-06-24T00:34:20.374533" level="INFO">${accounts} = [{'id': 12345, 'customerId': 12212, 'type': 'CHECKING', 'balance': -104010.0}, {'id': 12456, 'customerId': 12212, 'type': 'CHECKING', 'balance': 1100629.45}, {'id': 12567, 'customerId': 12212, 'type':...</msg>
<var>${accounts}</var>
<arg>${response.json()}</arg>
<doc>Returns the given values which can then be assigned to a variables.</doc>
<status status="PASS" start="2026-06-24T00:34:20.373463" elapsed="0.001113"/>
</kw>
<kw name="Get Length" owner="BuiltIn">
<msg time="2026-06-24T00:34:20.375023" level="INFO">Length is 29.</msg>
<msg time="2026-06-24T00:34:20.375105" level="INFO">${length} = 29</msg>
<var>${length}</var>
<arg>${accounts}</arg>
<doc>Returns and logs the length of the given item as an integer.</doc>
<status status="PASS" start="2026-06-24T00:34:20.374723" elapsed="0.000411"/>
</kw>
<if>
<branch type="IF" condition="${length} &lt; 2">
<kw name="Create Account" owner="api_keywords">
<arg>${CUSTOMER_ID}</arg>
<arg>0</arg>
<arg>${ACCOUNT_ID}</arg>
<doc>Creates a new account for the customer via API</doc>
<status status="NOT RUN" start="2026-06-24T00:34:20.375543" elapsed="0.000038"/>
</kw>
<kw name="Get Customer Accounts" owner="api_keywords">
<var>${response}</var>
<arg>${CUSTOMER_ID}</arg>
<doc>Gets a list of accounts for a customer ID</doc>
<status status="NOT RUN" start="2026-06-24T00:34:20.375754" elapsed="0.000033"/>
</kw>
<kw name="Set Variable" owner="BuiltIn">
<var>${accounts}</var>
<arg>${response.json()}</arg>
<doc>Returns the given values which can then be assigned to a variables.</doc>
<status status="NOT RUN" start="2026-06-24T00:34:20.375907" elapsed="0.000048"/>
</kw>
<status status="NOT RUN" start="2026-06-24T00:34:20.375251" elapsed="0.000766"/>
</branch>
<status status="PASS" start="2026-06-24T00:34:20.375223" elapsed="0.000839"/>
</if>
<kw name="Set Variable" owner="BuiltIn">
<msg time="2026-06-24T00:34:20.376838" level="INFO">${acc2} = 12456</msg>
<var>${acc2}</var>
<arg>${accounts[1]['id']}</arg>
<doc>Returns the given values which can then be assigned to a variables.</doc>
<status status="PASS" start="2026-06-24T00:34:20.376161" elapsed="0.000711"/>
</kw>
<kw name="Convert To String" owner="BuiltIn">
<msg time="2026-06-24T00:34:20.377317" level="INFO">${acc2_str} = 12456</msg>
<var>${acc2_str}</var>
<arg>${acc2}</arg>
<doc>Converts the given item to a Unicode string.</doc>
<status status="PASS" start="2026-06-24T00:34:20.377004" elapsed="0.000345"/>
</kw>
<kw name="Set Global Variable" owner="BuiltIn">
<msg time="2026-06-24T00:34:20.377809" level="INFO">${ACCOUNT_ID_2} = 12456</msg>
<arg>${ACCOUNT_ID_2}</arg>
<arg>${acc2_str}</arg>
<doc>Makes a variable available globally in all tests and suites.</doc>
<status status="PASS" start="2026-06-24T00:34:20.377480" elapsed="0.000376"/>
</kw>
<doc>Loads target environment and fetch active account IDs</doc>
<status status="PASS" start="2026-06-24T00:34:19.916715" elapsed="0.461216"/>
</kw>
<test id="s1-s3-s10-t1" name="TC-TX-UI-05" line="12">
<kw name="Open Application And Login" owner="common_keywords" type="SETUP">
<kw name="Open Application" owner="common_keywords">
<kw name="Log To Console" owner="BuiltIn">
<arg>Opening application</arg>
<doc>Logs the given message to the console.</doc>
<status status="PASS" start="2026-06-24T00:34:20.379613" elapsed="0.000329"/>
</kw>
<kw name="Open Browser" owner="SeleniumLibrary">
<msg time="2026-06-24T00:34:20.380376" level="INFO">Opening browser 'chrome' to base url 'https://parabank.parasoft.com'.</msg>
<arg>${BASE_URL}</arg>
<arg>${BROWSER}</arg>
<doc>Opens a new browser instance to the optional ``url``.</doc>
<status status="PASS" start="2026-06-24T00:34:20.380127" elapsed="2.215097"/>
</kw>
<kw name="Maximize Browser Window" owner="SeleniumLibrary">
<doc>Maximizes current browser window.</doc>
<status status="PASS" start="2026-06-24T00:34:22.595467" elapsed="0.018637"/>
</kw>
<kw name="Sleep" owner="BuiltIn">
<msg time="2026-06-24T00:34:24.615696" level="INFO">Slept 2 seconds.</msg>
<arg>2s</arg>
<doc>Pauses the test executed for the given time.</doc>
<status status="PASS" start="2026-06-24T00:34:22.614293" elapsed="2.001640"/>
</kw>
<doc>Opens browser and navigate to application page</doc>
<status status="PASS" start="2026-06-24T00:34:20.379274" elapsed="4.236876"/>
</kw>
<kw name="Login" owner="common_keywords">
<kw name="Log To Console" owner="BuiltIn">
<arg>Logging in</arg>
<doc>Logs the given message to the console.</doc>
<status status="PASS" start="2026-06-24T00:34:24.617109" elapsed="0.000724"/>
</kw>
<kw name="Input Text" owner="SeleniumLibrary">
<msg time="2026-06-24T00:34:24.618381" level="INFO">Typing text 'john' into text field 'xpath=//div[@class="login"]//input[@type="text"]'.</msg>
<arg>${USERNAME_FIELD}</arg>
<arg>${USERNAME}</arg>
<doc>Types the given ``text`` into the text field identified by ``locator``.</doc>
<status status="PASS" start="2026-06-24T00:34:24.618055" elapsed="0.056861"/>
</kw>
<kw name="Input Text" owner="SeleniumLibrary">
<msg time="2026-06-24T00:34:24.675626" level="INFO">Typing text 'demo' into text field 'xpath=//div[@class="login"]//input[@type="password"]'.</msg>
<arg>${PASSWORD_FIELD}</arg>
<arg>${PASSWORD}</arg>
<doc>Types the given ``text`` into the text field identified by ``locator``.</doc>
<status status="PASS" start="2026-06-24T00:34:24.675192" elapsed="0.053631"/>
</kw>
<kw name="Click Element" owner="SeleniumLibrary">
<msg time="2026-06-24T00:34:24.729382" level="INFO">Clicking element 'xpath=//div[@class="login"]//input[@type="submit"]'.</msg>
<arg>${LOGIN_BUTTON}</arg>
<doc>Click the element identified by ``locator``.</doc>
<status status="PASS" start="2026-06-24T00:34:24.729093" elapsed="0.047203"/>
</kw>
<kw name="Sleep" owner="BuiltIn">
<msg time="2026-06-24T00:34:26.777080" level="INFO">Slept 2 seconds.</msg>
<arg>2s</arg>
<doc>Pauses the test executed for the given time.</doc>
<status status="PASS" start="2026-06-24T00:34:24.776534" elapsed="2.000802"/>
</kw>
<doc>Logs in user</doc>
<status status="PASS" start="2026-06-24T00:34:24.616616" elapsed="2.160939"/>
</kw>
<doc>Opens application and logs in</doc>
<status status="PASS" start="2026-06-24T00:34:20.378715" elapsed="6.398967"/>
</kw>
<kw name="Click Transfer Funds" owner="home_page">
<kw name="Click Element" owner="SeleniumLibrary">
<msg time="2026-06-24T00:34:26.779187" level="INFO">Clicking element 'xpath=//a[contains(text(),'Transfer Funds')]'.</msg>
<arg>${TRANSFER_FUNDS_URL}</arg>
<doc>Click the element identified by ``locator``.</doc>
<status status="PASS" start="2026-06-24T00:34:26.778900" elapsed="0.426743"/>
</kw>
<doc>Clicks the transfer funds link</doc>
<status status="PASS" start="2026-06-24T00:34:26.778566" elapsed="0.427194"/>
</kw>
<kw name="Sleep" owner="BuiltIn">
<msg time="2026-06-24T00:34:28.206947" level="INFO">Slept 1 second.</msg>
<arg>1s</arg>
<doc>Pauses the test executed for the given time.</doc>
<status status="PASS" start="2026-06-24T00:34:27.206182" elapsed="1.001085"/>
</kw>
<kw name="Location Should Contain" owner="SeleniumLibrary">
<msg time="2026-06-24T00:34:28.213112" level="INFO">Current location contains 'transfer'.</msg>
<arg>transfer</arg>
<doc>Verifies that the current URL contains ``expected``.</doc>
<status status="PASS" start="2026-06-24T00:34:28.208164" elapsed="0.005040"/>
</kw>
<kw name="Log To Console" owner="BuiltIn">
<arg>Entering amount</arg>
<doc>Logs the given message to the console.</doc>
<status status="PASS" start="2026-06-24T00:34:28.213744" elapsed="0.000443"/>
</kw>
<kw name="Input Text" owner="SeleniumLibrary">
<msg time="2026-06-24T00:34:28.214894" level="INFO">Typing text '100000000' into text field 'xpath=//input[@id="amount"]'.</msg>
<arg>${AMOUNT_FIELD}</arg>
<arg>100000000</arg>
<doc>Types the given ``text`` into the text field identified by ``locator``.</doc>
<status status="PASS" start="2026-06-24T00:34:28.214588" elapsed="0.055138"/>
</kw>
<kw name="Log To Console" owner="BuiltIn">
<arg>Selecting source account</arg>
<doc>Logs the given message to the console.</doc>
<status status="PASS" start="2026-06-24T00:34:28.270253" elapsed="0.000551"/>
</kw>
<kw name="Wait Until Page Contains Element" owner="SeleniumLibrary">
<arg>${FROM_ACCOUNT_DROPDOWN}</arg>
<arg>timeout=10s</arg>
<doc>Waits until the element ``locator`` appears on the current page.</doc>
<status status="PASS" start="2026-06-24T00:34:28.271133" elapsed="0.007268"/>
</kw>
<kw name="Select From List By Value" owner="SeleniumLibrary">
<msg time="2026-06-24T00:34:28.279093" level="INFO">Selecting options from selection list 'xpath=//select[@id="fromAccountId"]' by value 13344.</msg>
<arg>${FROM_ACCOUNT_DROPDOWN}</arg>
<arg>${ACCOUNT_ID}</arg>
<doc>Selects options from selection list ``locator`` by ``values``.</doc>
<status status="PASS" start="2026-06-24T00:34:28.278825" elapsed="0.047806"/>
</kw>
<kw name="Log To Console" owner="BuiltIn">
<arg>Selecting destination account</arg>
<doc>Logs the given message to the console.</doc>
<status status="PASS" start="2026-06-24T00:34:28.327149" elapsed="0.000338"/>
</kw>
<kw name="Wait Until Page Contains Element" owner="SeleniumLibrary">
<arg>${TO_ACCOUNT_DROPDOWN}</arg>
<arg>timeout=10s</arg>
<doc>Waits until the element ``locator`` appears on the current page.</doc>
<status status="PASS" start="2026-06-24T00:34:28.327773" elapsed="0.007453"/>
</kw>
<kw name="Select From List By Value" owner="SeleniumLibrary">
<msg time="2026-06-24T00:34:28.335862" level="INFO">Selecting options from selection list 'xpath=//select[@id="toAccountId"]' by value 12456.</msg>
<arg>${TO_ACCOUNT_DROPDOWN}</arg>
<arg>${ACCOUNT_ID_2}</arg>
<doc>Selects options from selection list ``locator`` by ``values``.</doc>
<status status="PASS" start="2026-06-24T00:34:28.335597" elapsed="0.037943"/>
</kw>
<kw name="Log To Console" owner="BuiltIn">
<arg>Transferring funds with excessive amount</arg>
<doc>Logs the given message to the console.</doc>
<status status="PASS" start="2026-06-24T00:34:28.373987" elapsed="0.000430"/>
</kw>
<kw name="Click Transfer Button" owner="transfer_funds_page">
<kw name="Click Element" owner="SeleniumLibrary">
<msg time="2026-06-24T00:34:28.375146" level="INFO">Clicking element 'xpath=//input[@value="Transfer"]'.</msg>
<arg>${TRANSFER_BUTTON}</arg>
<doc>Click the element identified by ``locator``.</doc>
<status status="PASS" start="2026-06-24T00:34:28.374953" elapsed="0.044333"/>
</kw>
<kw name="Sleep" owner="BuiltIn">
<msg time="2026-06-24T00:34:30.420482" level="INFO">Slept 2 seconds.</msg>
<arg>2s</arg>
<doc>Pauses the test executed for the given time.</doc>
<status status="PASS" start="2026-06-24T00:34:28.419477" elapsed="2.001160"/>
</kw>
<doc>Clicks the transfer button</doc>
<status status="PASS" start="2026-06-24T00:34:28.374735" elapsed="2.046041"/>
</kw>
<kw name="Sleep" owner="BuiltIn">
<msg time="2026-06-24T00:34:32.421991" level="INFO">Slept 2 seconds.</msg>
<arg>2s</arg>
<doc>Pauses the test executed for the given time.</doc>
<status status="PASS" start="2026-06-24T00:34:30.421459" elapsed="2.000728"/>
</kw>
<kw name="Log To Console" owner="BuiltIn">
<arg>Validating response</arg>
<doc>Logs the given message to the console.</doc>
<status status="PASS" start="2026-06-24T00:34:32.422948" elapsed="0.000559"/>
</kw>
<kw name="Page Should Not Contain" owner="SeleniumLibrary">
<msg time="2026-06-24T00:34:32.541424" level="INFO" html="true">&lt;/td&gt;&lt;/tr&gt;&lt;tr&gt;&lt;td colspan="3"&gt;&lt;a href="selenium-screenshot-2.png"&gt;&lt;img src="selenium-screenshot-2.png" width="800px"&gt;&lt;/a&gt;</msg>
<msg time="2026-06-24T00:34:32.541611" level="FAIL">Page should not have contained text 'Transfer Complete!'.</msg>
<arg>Transfer Complete!</arg>
<doc>Verifies the current page does not contain ``text``.</doc>
<status status="FAIL" start="2026-06-24T00:34:32.423953" elapsed="0.118442">Page should not have contained text 'Transfer Complete!'.</status>
</kw>
<kw name="Close Application" owner="common_keywords" type="TEARDOWN">
<kw name="Log To Console" owner="BuiltIn">
<arg>Closing browser</arg>
<doc>Logs the given message to the console.</doc>
<status status="PASS" start="2026-06-24T00:34:32.543414" elapsed="0.000335"/>
</kw>
<kw name="Close All Browsers" owner="SeleniumLibrary">
<doc>Closes all open browsers and resets the browser cache.</doc>
<status status="PASS" start="2026-06-24T00:34:32.543917" elapsed="2.179063"/>
</kw>
<doc>Closes the browser</doc>
<status status="PASS" start="2026-06-24T00:34:32.543118" elapsed="2.180188"/>
</kw>
<doc>Verify excessive funds transfer rejection</doc>
<tag>ui</tag>
<status status="FAIL" start="2026-06-24T00:34:20.378005" elapsed="14.702443">Page should not have contained text 'Transfer Complete!'.</status>
</test>
<status status="FAIL" start="2026-06-24T00:34:19.905467" elapsed="15.176230"/>
</suite>
<status status="FAIL" start="2026-06-24T00:32:02.465809" elapsed="152.617463"/>
</suite>
<status status="FAIL" start="2026-06-24T00:31:18.929787" elapsed="196.154748"/>
</suite>
<statistics>
<total>
<stat pass="18" fail="4" skip="0">All Tests</stat>
</total>
<tag>
<stat pass="8" fail="2" skip="0">api</stat>
<stat pass="2" fail="0" skip="0">e2e</stat>
<stat pass="8" fail="2" skip="0">ui</stat>
</tag>
<suite>
<stat name="Tests" id="s1" pass="18" fail="4" skip="0">Tests</stat>
<stat name="Api" id="s1-s1" pass="8" fail="2" skip="0">Tests.Api</stat>
<stat name="TC-API-01" id="s1-s1-s1" pass="1" fail="0" skip="0">Tests.Api.TC-API-01</stat>
<stat name="TC-API-02" id="s1-s1-s2" pass="1" fail="0" skip="0">Tests.Api.TC-API-02</stat>
<stat name="TC-API-03" id="s1-s1-s3" pass="1" fail="0" skip="0">Tests.Api.TC-API-03</stat>
<stat name="TC-API-04" id="s1-s1-s4" pass="1" fail="0" skip="0">Tests.Api.TC-API-04</stat>
<stat name="TC-API-05" id="s1-s1-s5" pass="1" fail="0" skip="0">Tests.Api.TC-API-05</stat>
<stat name="TC-API-06" id="s1-s1-s6" pass="1" fail="0" skip="0">Tests.Api.TC-API-06</stat>
<stat name="TC-API-07" id="s1-s1-s7" pass="1" fail="0" skip="0">Tests.Api.TC-API-07</stat>
<stat name="TC-API-08" id="s1-s1-s8" pass="0" fail="1" skip="0">Tests.Api.TC-API-08</stat>
<stat name="TC-API-09" id="s1-s1-s9" pass="0" fail="1" skip="0">Tests.Api.TC-API-09</stat>
<stat name="TC-API-10" id="s1-s1-s10" pass="1" fail="0" skip="0">Tests.Api.TC-API-10</stat>
<stat name="E2E" id="s1-s2" pass="2" fail="0" skip="0">Tests.E2E</stat>
<stat name="TC-E2E-01" id="s1-s2-s1" pass="1" fail="0" skip="0">Tests.E2E.TC-E2E-01</stat>
<stat name="TC-E2E-02" id="s1-s2-s2" pass="1" fail="0" skip="0">Tests.E2E.TC-E2E-02</stat>
<stat name="Ui" id="s1-s3" pass="8" fail="2" skip="0">Tests.Ui</stat>
<stat name="TC-AC-UI-01" id="s1-s3-s1" pass="1" fail="0" skip="0">Tests.Ui.TC-AC-UI-01</stat>
<stat name="TC-AC-UI-02" id="s1-s3-s2" pass="1" fail="0" skip="0">Tests.Ui.TC-AC-UI-02</stat>
<stat name="TC-AC-UI-03" id="s1-s3-s3" pass="1" fail="0" skip="0">Tests.Ui.TC-AC-UI-03</stat>
<stat name="TC-AC-UI-04" id="s1-s3-s4" pass="1" fail="0" skip="0">Tests.Ui.TC-AC-UI-04</stat>
<stat name="TC-NAV-UI-01" id="s1-s3-s5" pass="1" fail="0" skip="0">Tests.Ui.TC-NAV-UI-01</stat>
<stat name="TC-TX-UI-01" id="s1-s3-s6" pass="1" fail="0" skip="0">Tests.Ui.TC-TX-UI-01</stat>
<stat name="TC-TX-UI-02" id="s1-s3-s7" pass="0" fail="1" skip="0">Tests.Ui.TC-TX-UI-02</stat>
<stat name="TC-TX-UI-03" id="s1-s3-s8" pass="1" fail="0" skip="0">Tests.Ui.TC-TX-UI-03</stat>
<stat name="TC-TX-UI-04" id="s1-s3-s9" pass="1" fail="0" skip="0">Tests.Ui.TC-TX-UI-04</stat>
<stat name="TC-TX-UI-05" id="s1-s3-s10" pass="0" fail="1" skip="0">Tests.Ui.TC-TX-UI-05</stat>
</suite>
</statistics>
<errors>
</errors>
</robot>
